<?xml version="1.0" encoding="UTF-8"?>
<robot generator="Robot 7.4.1 (Python 3.14.3 on win32)" generated="2026-02-27T01:56:19.674735" rpa="false" schemaversion="5">
<suite id="s1" name="13 S1 4 vizsgaremek" source="C:\Users\redne\Documents\GitHub\13_S1_4_vizsgaremek">
<suite id="s1-s1" name="Tesztesetek" source="C:\Users\redne\Documents\GitHub\13_S1_4_vizsgaremek\Tesztesetek">
<suite id="s1-s1-s1" name="Aruhaz" source="C:\Users\redne\Documents\GitHub\13_S1_4_vizsgaremek\Tesztesetek\aruhaz.robot">
<test id="s1-s1-s1-t1" name="TC43 – Lejárati dátum megjelenik a kártya előlapján" line="511">
<kw name="Open Aruhaz Page" owner="resources" type="SETUP">
<kw name="Open Browser" owner="SeleniumLibrary">
<msg time="2026-02-27T01:56:19.910127" level="INFO">Opening browser 'Chrome' to base url 'http://localhost:5173'.</msg>
<arg>${URL}</arg>
<arg>${BROWSER}</arg>
<doc>Opens a new browser instance to the optional ``url``.</doc>
<status status="PASS" start="2026-02-27T01:56:19.909783" elapsed="2.650160"/>
</kw>
<kw name="Maximize Browser Window" owner="SeleniumLibrary">
<doc>Maximizes current browser window.</doc>
<status status="PASS" start="2026-02-27T01:56:22.560261" elapsed="0.030674"/>
</kw>
<kw name="Wait Until Element Is Visible" owner="SeleniumLibrary">
<arg>//header//nav//a[2]</arg>
<doc>Waits until the element ``locator`` is visible.</doc>
<status status="PASS" start="2026-02-27T01:56:22.591201" elapsed="0.022472"/>
</kw>
<kw name="Click Element" owner="SeleniumLibrary">
<msg time="2026-02-27T01:56:22.614251" level="INFO">Clicking element '//header//nav//a[2]'.</msg>
<arg>//header//nav//a[2]</arg>
<doc>Click the element identified by ``locator``.</doc>
<status status="PASS" start="2026-02-27T01:56:22.613913" elapsed="0.098141"/>
</kw>
<status status="PASS" start="2026-02-27T01:56:19.909010" elapsed="2.804498"/>
</kw>
<kw name="Add First Product To Cart" owner="resources">
<kw name="Navigate To Aruhaz" owner="resources">
<kw name="Go To" owner="SeleniumLibrary">
<msg time="2026-02-27T01:56:22.716840" level="INFO">Opening url 'http://localhost:5173/aruhaz'</msg>
<arg>${ARUHAZ_URL}</arg>
<doc>Navigates the current browser window to the provided ``url``.</doc>
<status status="PASS" start="2026-02-27T01:56:22.716643" elapsed="0.300571"/>
</kw>
<kw name="Wait Until Element Is Visible" owner="SeleniumLibrary">
<arg>${PRODUCT_CARD}</arg>
<arg>timeout=10s</arg>
<doc>Waits until the element ``locator`` is visible.</doc>
<status status="PASS" start="2026-02-27T01:56:23.017603" elapsed="2.498563"/>
</kw>
<status status="PASS" start="2026-02-27T01:56:22.716246" elapsed="2.800107"/>
</kw>
<kw name="Get Text" owner="SeleniumLibrary">
<msg time="2026-02-27T01:56:25.533469" level="INFO">${title} = Prémium gyapjú fonal</msg>
<var>${title}</var>
<arg>${FIRST_PRODUCT_TITLE}</arg>
<doc>Returns the text value of the element identified by ``locator``.</doc>
<status status="PASS" start="2026-02-27T01:56:25.516510" elapsed="0.017248"/>
</kw>
<kw name="Click Element" owner="SeleniumLibrary">
<msg time="2026-02-27T01:56:25.534334" level="INFO">Clicking element 'xpath:(//button[contains(@class,"add-btn")])[1]'.</msg>
<arg>${FIRST_ADD_BTN}</arg>
<doc>Click the element identified by ``locator``.</doc>
<status status="PASS" start="2026-02-27T01:56:25.533997" elapsed="0.068076"/>
</kw>
<kw name="Wait Until Element Is Visible" owner="SeleniumLibrary">
<arg>${CART_MODAL}</arg>
<arg>timeout=5s</arg>
<doc>Waits until the element ``locator`` is visible.</doc>
<status status="PASS" start="2026-02-27T01:56:25.602331" elapsed="0.229198"/>
</kw>
<return>
<value>${title}</value>
<status status="PASS" start="2026-02-27T01:56:25.831711" elapsed="0.000265"/>
</return>
<status status="PASS" start="2026-02-27T01:56:22.715304" elapsed="3.116966"/>
</kw>
<kw name="Click Element" owner="SeleniumLibrary">
<msg time="2026-02-27T01:56:25.833759" level="INFO">Clicking element 'xpath://a[contains(@class,"btn-checkout")]'.</msg>
<arg>${MODAL_CART_BTN}</arg>
<doc>Click the element identified by ``locator``.</doc>
<status status="PASS" start="2026-02-27T01:56:25.832935" elapsed="0.110939"/>
</kw>
<kw name="Fill Delivery Form" owner="resources">
<kw name="Input Text" owner="SeleniumLibrary">
<msg time="2026-02-27T01:56:25.947406" level="INFO">Typing text 'Teszt Elek' into text field 'id:fullName'.</msg>
<arg>${FIELD_NAME}</arg>
<arg>${name}</arg>
<doc>Types the given ``text`` into the text field identified by ``locator``.</doc>
<status status="PASS" start="2026-02-27T01:56:25.946846" elapsed="0.122983"/>
</kw>
<kw name="Input Text" owner="SeleniumLibrary">
<msg time="2026-02-27T01:56:26.070793" level="INFO">Typing text 'teszt@example.com' into text field 'id:email'.</msg>
<arg>${FIELD_EMAIL}</arg>
<arg>${email}</arg>
<doc>Types the given ``text`` into the text field identified by ``locator``.</doc>
<status status="PASS" start="2026-02-27T01:56:26.070269" elapsed="0.087747"/>
</kw>
<kw name="Input Text" owner="SeleniumLibrary">
<msg time="2026-02-27T01:56:26.159709" level="INFO">Typing text 'Fő utca 1.' into text field 'id:address'.</msg>
<arg>${FIELD_ADDRESS}</arg>
<arg>${address}</arg>
<doc>Types the given ``text`` into the text field identified by ``locator``.</doc>
<status status="PASS" start="2026-02-27T01:56:26.158641" elapsed="0.086066"/>
</kw>
<kw name="Input Text" owner="SeleniumLibrary">
<msg time="2026-02-27T01:56:26.245469" level="INFO">Typing text 'Budapest' into text field 'id:city'.</msg>
<arg>${FIELD_CITY}</arg>
<arg>${city}</arg>
<doc>Types the given ``text`` into the text field identified by ``locator``.</doc>
<status status="PASS" start="2026-02-27T01:56:26.245050" elapsed="0.066530"/>
</kw>
<kw name="Input Text" owner="SeleniumLibrary">
<msg time="2026-02-27T01:56:26.312425" level="INFO">Typing text '1051' into text field 'id:zipCode'.</msg>
<arg>${FIELD_ZIP}</arg>
<arg>${zip}</arg>
<doc>Types the given ``text`` into the text field identified by ``locator``.</doc>
<status status="PASS" start="2026-02-27T01:56:26.311879" elapsed="0.065335"/>
</kw>
<kw name="Press Keys" owner="SeleniumLibrary">
<msg time="2026-02-27T01:56:26.378552" level="INFO">Sending key(s) ('TAB',) to id:zipCode element.</msg>
<msg time="2026-02-27T01:56:26.658507" level="INFO">Pressing special key TAB to element.</msg>
<msg time="2026-02-27T01:56:26.659044" level="INFO">Releasing special key TAB.</msg>
<arg>${FIELD_ZIP}</arg>
<arg>TAB</arg>
<doc>Simulates the user pressing key(s) to an element or on the active browser.</doc>
<status status="PASS" start="2026-02-27T01:56:26.377593" elapsed="0.291701"/>
</kw>
<kw name="Sleep" owner="BuiltIn">
<msg time="2026-02-27T01:56:26.970829" level="INFO">Slept 300 milliseconds.</msg>
<arg>0.3s</arg>
<doc>Pauses the test executed for the given time.</doc>
<status status="PASS" start="2026-02-27T01:56:26.669685" elapsed="0.301678"/>
</kw>
<kw name="Input Text" owner="SeleniumLibrary">
<msg time="2026-02-27T01:56:26.972474" level="INFO">Typing text '+36301234567' into text field 'id:phone'.</msg>
<arg>${FIELD_PHONE}</arg>
<arg>${phone}</arg>
<doc>Types the given ``text`` into the text field identified by ``locator``.</doc>
<status status="PASS" start="2026-02-27T01:56:26.971785" elapsed="0.052919"/>
</kw>
<status status="PASS" start="2026-02-27T01:56:25.945679" elapsed="1.079213"/>
</kw>
<kw name="Click Element" owner="SeleniumLibrary">
<msg time="2026-02-27T01:56:27.025554" level="INFO">Clicking element 'id:checkout'.</msg>
<arg>${CHECKOUT_BTN}</arg>
<doc>Click the element identified by ``locator``.</doc>
<status status="PASS" start="2026-02-27T01:56:27.025187" elapsed="0.089085"/>
</kw>
<kw name="Wait Until Location Contains" owner="SeleniumLibrary">
<arg>/kosar/fizetes</arg>
<arg>timeout=10s</arg>
<doc>Waits until the current URL contains ``expected``.</doc>
<status status="PASS" start="2026-02-27T01:56:27.114915" elapsed="0.009154"/>
</kw>
<kw name="Select From List By Index" owner="SeleniumLibrary">
<msg time="2026-02-27T01:56:27.125004" level="INFO">Selecting options from selection list 'xpath:(//select)[1]' by index 3.</msg>
<arg>${CARD_MONTH_SELECT}</arg>
<arg>3</arg>
<doc>Selects options from selection list ``locator`` by ``indexes``.</doc>
<status status="PASS" start="2026-02-27T01:56:27.124513" elapsed="0.122712"/>
</kw>
<kw name="Select From List By Index" owner="SeleniumLibrary">
<msg time="2026-02-27T01:56:27.248454" level="INFO">Selecting options from selection list 'xpath:(//select)[2]' by index 2.</msg>
<arg>${CARD_YEAR_SELECT}</arg>
<arg>2</arg>
<doc>Selects options from selection list ``locator`` by ``indexes``.</doc>
<status status="PASS" start="2026-02-27T01:56:27.247808" elapsed="0.125785"/>
</kw>
<kw name="Get Text" owner="SeleniumLibrary">
<msg time="2026-02-27T01:56:27.408962" level="INFO">${month_text} = 4</msg>
<var>${month_text}</var>
<arg>xpath://span[contains(@class,"card-item__dateItem")][1]</arg>
<doc>Returns the text value of the element identified by ``locator``.</doc>
<status status="PASS" start="2026-02-27T01:56:27.374269" elapsed="0.035242"/>
</kw>
<kw name="Get Text" owner="SeleniumLibrary">
<msg time="2026-02-27T01:56:27.456298" level="INFO">${year_text} = 27</msg>
<var>${year_text}</var>
<arg>xpath://span[contains(@class,"card-item__dateItem")][2]</arg>
<doc>Returns the text value of the element identified by ``locator``.</doc>
<status status="PASS" start="2026-02-27T01:56:27.410058" elapsed="0.047002"/>
</kw>
<kw name="Should Not Be Equal" owner="BuiltIn">
<arg>${month_text}</arg>
<arg>MM</arg>
<doc>Fails if the given objects are equal.</doc>
<status status="PASS" start="2026-02-27T01:56:27.457910" elapsed="0.001037"/>
</kw>
<kw name="Should Not Be Equal" owner="BuiltIn">
<arg>${year_text}</arg>
<arg>YY</arg>
<doc>Fails if the given objects are equal.</doc>
<status status="PASS" start="2026-02-27T01:56:27.459375" elapsed="0.000496"/>
</kw>
<kw name="Close Browser Session" owner="resources" type="TEARDOWN">
<kw name="Close Browser" owner="SeleniumLibrary">
<doc>Closes the current browser.</doc>
<status status="PASS" start="2026-02-27T01:56:27.460727" elapsed="2.346336"/>
</kw>
<status status="PASS" start="2026-02-27T01:56:27.460330" elapsed="2.346914"/>
</kw>
<tag>fizetes</tag>
<tag>ui</tag>
<status status="PASS" start="2026-02-27T01:56:19.905758" elapsed="9.901812"/>
</test>
<status status="PASS" start="2026-02-27T01:56:19.718829" elapsed="10.093369"/>
</suite>
<status status="PASS" start="2026-02-27T01:56:19.714954" elapsed="10.099976"/>
</suite>
<status status="PASS" start="2026-02-27T01:56:19.680954" elapsed="10.140809"/>
</suite>
<statistics>
<total>
<stat pass="1" fail="0" skip="0">All Tests</stat>
</total>
<tag>
<stat pass="1" fail="0" skip="0">fizetes</stat>
<stat pass="1" fail="0" skip="0">ui</stat>
</tag>
<suite>
<stat name="13 S1 4 vizsgaremek" id="s1" pass="1" fail="0" skip="0">13 S1 4 vizsgaremek</stat>
<stat name="Tesztesetek" id="s1-s1" pass="1" fail="0" skip="0">13 S1 4 vizsgaremek.Tesztesetek</stat>
<stat name="Aruhaz" id="s1-s1-s1" pass="1" fail="0" skip="0">13 S1 4 vizsgaremek.Tesztesetek.Aruhaz</stat>
</suite>
</statistics>
<errors>
</errors>
</robot>
