<?xml version="1.0" encoding="UTF-8"?>
<robot generator="Robot 7.4.1 (Python 3.14.3 on win32)" generated="2026-02-26T19:08:21.581784" rpa="false" schemaversion="5">
<suite id="s1" name="13 S1 4 vizsgaremek" source="C:\Users\redne\Documents\GitHub\13_S1_4_vizsgaremek">
<suite id="s1-s1" name="Tesztesetek" source="C:\Users\redne\Documents\GitHub\13_S1_4_vizsgaremek\Tesztesetek">
<suite id="s1-s1-s1" name="Blog" source="C:\Users\redne\Documents\GitHub\13_S1_4_vizsgaremek\Tesztesetek\blog.robot">
<test id="s1-s1-s1-t1" name="New Post Reset Button Clears Title" line="337">
<kw name="Open Registration Page" owner="resources" type="SETUP">
<kw name="Open Browser" owner="SeleniumLibrary">
<msg time="2026-02-26T19:08:21.856784" level="INFO">Opening browser 'Chrome' to base url 'http://localhost:5173'.</msg>
<arg>${URL}</arg>
<arg>${BROWSER}</arg>
<doc>Opens a new browser instance to the optional ``url``.</doc>
<status status="PASS" start="2026-02-26T19:08:21.856383" elapsed="2.926575"/>
</kw>
<kw name="Maximize Browser Window" owner="SeleniumLibrary">
<doc>Maximizes current browser window.</doc>
<status status="PASS" start="2026-02-26T19:08:24.783350" elapsed="0.037524"/>
</kw>
<kw name="Wait Until Element Is Visible" owner="SeleniumLibrary">
<arg>//header//nav//a[7]</arg>
<doc>Waits until the element ``locator`` is visible.</doc>
<status status="PASS" start="2026-02-26T19:08:24.821247" elapsed="0.027931"/>
</kw>
<kw name="Click Element" owner="SeleniumLibrary">
<msg time="2026-02-26T19:08:24.849913" level="INFO">Clicking element '//header//nav//a[7]'.</msg>
<arg>//header//nav//a[7]</arg>
<doc>Click the element identified by ``locator``.</doc>
<status status="PASS" start="2026-02-26T19:08:24.849485" elapsed="0.126838"/>
</kw>
<status status="PASS" start="2026-02-26T19:08:21.855560" elapsed="3.121168"/>
</kw>
<kw name="Login As Test User">
<kw name="Switch To Login" owner="resources">
<kw name="Run Keyword And Return Status" owner="BuiltIn">
<kw name="Element Should Be Visible" owner="SeleniumLibrary">
<msg time="2026-02-26T19:08:25.003261" level="INFO">Element 'xpath://h2[contains(.,"Fiók készítése")]' is displayed.</msg>
<arg>xpath://h2[contains(.,"Fiók készítése")]</arg>
<doc>Verifies that the element identified by ``locator`` is visible.</doc>
<status status="PASS" start="2026-02-26T19:08:24.981575" elapsed="0.022409"/>
</kw>
<msg time="2026-02-26T19:08:25.004395" level="INFO">${reg_visible} = True</msg>
<var>${reg_visible}</var>
<arg>Element Should Be Visible</arg>
<arg>xpath://h2[contains(.,"Fiók készítése")]</arg>
<doc>Runs the specified keyword and returns the status as a Boolean value.</doc>
<status status="PASS" start="2026-02-26T19:08:24.980794" elapsed="0.023903"/>
</kw>
<kw name="Run Keyword If" owner="BuiltIn">
<kw name="Click Button" owner="SeleniumLibrary">
<msg time="2026-02-26T19:08:25.007333" level="INFO">Clicking button 'xpath://button[contains(.,"Bejelentkezés")]'.</msg>
<arg>xpath://button[contains(.,"Bejelentkezés")]</arg>
<doc>Clicks the button identified by ``locator``.</doc>
<status status="PASS" start="2026-02-26T19:08:25.006646" elapsed="0.114007"/>
</kw>
<arg>${reg_visible}</arg>
<arg>Click Button</arg>
<arg>xpath://button[contains(.,"Bejelentkezés")]</arg>
<doc>Runs the given keyword with the given arguments, if ``condition`` is true.</doc>
<status status="PASS" start="2026-02-26T19:08:25.005103" elapsed="0.115789"/>
</kw>
<kw name="Wait Until Element Is Visible" owner="SeleniumLibrary">
<arg>xpath://h2[contains(.,"Lépj be a fiókodba")]</arg>
<arg>timeout=5s</arg>
<doc>Waits until the element ``locator`` is visible.</doc>
<status status="PASS" start="2026-02-26T19:08:25.121115" elapsed="0.021313"/>
</kw>
<kw name="Wait Until Element Is Visible" owner="SeleniumLibrary">
<arg>name:email</arg>
<arg>timeout=5s</arg>
<doc>Waits until the element ``locator`` is visible.</doc>
<status status="PASS" start="2026-02-26T19:08:25.142719" elapsed="0.014263"/>
</kw>
<status status="PASS" start="2026-02-26T19:08:24.980198" elapsed="0.176972"/>
</kw>
<kw name="Fill Login Form" owner="resources">
<kw name="Wait Until Element Is Visible" owner="SeleniumLibrary">
<arg>xpath=//div[contains(@class,"b-container")]//input[@name="email"]</arg>
<arg>timeout=5s</arg>
<doc>Waits until the element ``locator`` is visible.</doc>
<status status="PASS" start="2026-02-26T19:08:25.157764" elapsed="0.015017"/>
</kw>
<kw name="Input Text" owner="SeleniumLibrary">
<msg time="2026-02-26T19:08:25.173377" level="INFO">Typing text 'test@example.com' into text field 'xpath=//div[contains(@class,"b-container")]//input[@name="email"]'.</msg>
<arg>xpath=//div[contains(@class,"b-container")]//input[@name="email"]</arg>
<arg>${email}</arg>
<doc>Types the given ``text`` into the text field identified by ``locator``.</doc>
<status status="PASS" start="2026-02-26T19:08:25.173006" elapsed="0.108905"/>
</kw>
<kw name="Input Password" owner="SeleniumLibrary">
<msg time="2026-02-26T19:08:25.282901" level="INFO">Typing password into text field 'xpath=//div[contains(@class,"b-container")]//input[@name="password"]'.</msg>
<msg time="2026-02-26T19:08:25.326551" level="INFO">Temporally setting log level to: NONE</msg>
<arg>xpath=//div[contains(@class,"b-container")]//input[@name="password"]</arg>
<arg>${password}</arg>
<doc>Types the given password into the text field identified by ``locator``.</doc>
<status status="PASS" start="2026-02-26T19:08:25.282313" elapsed="0.122242"/>
</kw>
<arg>test@example.com</arg>
<arg>Alma12345678.</arg>
<status status="PASS" start="2026-02-26T19:08:25.157372" elapsed="0.247507"/>
</kw>
<kw name="Execute Javascript" owner="SeleniumLibrary">
<msg time="2026-02-26T19:08:25.406882" level="INFO">Executing JavaScript:
document.querySelector('.b-container button[type="submit"]').click()
Without any arguments.</msg>
<arg>document.querySelector('.b-container button[type="submit"]').click()</arg>
<doc>Executes the given JavaScript code with possible arguments.</doc>
<status status="PASS" start="2026-02-26T19:08:25.405150" elapsed="0.013493"/>
</kw>
<kw name="Wait Until Location Contains" owner="SeleniumLibrary">
<arg>/Profil</arg>
<arg>timeout=20s</arg>
<doc>Waits until the current URL contains ``expected``.</doc>
<status status="PASS" start="2026-02-26T19:08:25.419020" elapsed="1.650337"/>
</kw>
<status status="PASS" start="2026-02-26T19:08:24.978661" elapsed="2.090885"/>
</kw>
<kw name="Navigate To New Post Page">
<kw name="Go To" owner="SeleniumLibrary">
<msg time="2026-02-26T19:08:27.070875" level="INFO">Opening url 'http://localhost:5173/newpost'</msg>
<arg>${URL}/newpost</arg>
<doc>Navigates the current browser window to the provided ``url``.</doc>
<status status="PASS" start="2026-02-26T19:08:27.070581" elapsed="0.299268"/>
</kw>
<kw name="Wait Until Element Is Visible" owner="SeleniumLibrary">
<arg>${POST_TITLE_INPUT}</arg>
<arg>timeout=10s</arg>
<doc>Waits until the element ``locator`` is visible.</doc>
<status status="PASS" start="2026-02-26T19:08:27.370138" elapsed="0.019486"/>
</kw>
<status status="PASS" start="2026-02-26T19:08:27.069992" elapsed="0.319895"/>
</kw>
<kw name="Sleep" owner="BuiltIn">
<msg time="2026-02-26T19:08:32.391943" level="INFO">Slept 5 seconds.</msg>
<arg>5s</arg>
<doc>Pauses the test executed for the given time.</doc>
<status status="PASS" start="2026-02-26T19:08:27.390274" elapsed="5.002365"/>
</kw>
<kw name="Fill Post Title">
<kw name="Clear Element Text" owner="SeleniumLibrary">
<arg>${POST_TITLE_INPUT}</arg>
<doc>Clears the value of the text-input-element identified by ``locator``.</doc>
<status status="PASS" start="2026-02-26T19:08:32.395738" elapsed="0.067190"/>
</kw>
<kw name="Input Text" owner="SeleniumLibrary">
<msg time="2026-02-26T19:08:32.463781" level="INFO">Typing text 'Törlendő cím' into text field 'id:postTitle'.</msg>
<arg>${POST_TITLE_INPUT}</arg>
<arg>${title}</arg>
<doc>Types the given ``text`` into the text field identified by ``locator``.</doc>
<status status="PASS" start="2026-02-26T19:08:32.463314" elapsed="0.180464"/>
</kw>
<arg>Törlendő cím</arg>
<status status="PASS" start="2026-02-26T19:08:32.394936" elapsed="0.249060"/>
</kw>
<kw name="Click Element" owner="SeleniumLibrary">
<msg time="2026-02-26T19:08:32.645593" level="INFO">Clicking element 'xpath://button[contains(.,"Visszaállítás")]'.</msg>
<arg>${RESET_BTN}</arg>
<doc>Click the element identified by ``locator``.</doc>
<status status="PASS" start="2026-02-26T19:08:32.644536" elapsed="0.131669"/>
</kw>
<kw name="Sleep" owner="BuiltIn">
<msg time="2026-02-26T19:08:42.779418" level="INFO">Slept 10 seconds.</msg>
<arg>10s</arg>
<doc>Pauses the test executed for the given time.</doc>
<status status="PASS" start="2026-02-26T19:08:32.777820" elapsed="10.002269"/>
</kw>
<kw name="Execute Javascript" owner="SeleniumLibrary">
<msg time="2026-02-26T19:08:42.781768" level="INFO">Executing JavaScript:
return document.getElementById('postTitle').value
Without any arguments.</msg>
<msg time="2026-02-26T19:08:42.788832" level="INFO">${title_value} = Törlendő cím</msg>
<var>${title_value}</var>
<arg>return document.getElementById('postTitle').value</arg>
<doc>Executes the given JavaScript code with possible arguments.</doc>
<status status="PASS" start="2026-02-26T19:08:42.780846" elapsed="0.008186"/>
</kw>
<kw name="Sleep" owner="BuiltIn">
<msg time="2026-02-26T19:08:47.790471" level="INFO">Slept 5 seconds.</msg>
<arg>5s</arg>
<doc>Pauses the test executed for the given time.</doc>
<status status="PASS" start="2026-02-26T19:08:42.789551" elapsed="5.001554"/>
</kw>
<kw name="Should Be Empty" owner="BuiltIn">
<msg time="2026-02-26T19:08:47.794482" level="INFO">Length is 12.</msg>
<msg time="2026-02-26T19:08:47.795438" level="FAIL">'Törlendő cím' should be empty.</msg>
<arg>${title_value}</arg>
<doc>Verifies that the given item is empty.</doc>
<status status="FAIL" start="2026-02-26T19:08:47.792624" elapsed="0.011333">'Törlendő cím' should be empty.</status>
</kw>
<kw name="Close Browser Session" owner="resources" type="TEARDOWN">
<kw name="Close Browser" owner="SeleniumLibrary">
<doc>Closes the current browser.</doc>
<status status="PASS" start="2026-02-26T19:08:47.806491" elapsed="2.249302"/>
</kw>
<status status="PASS" start="2026-02-26T19:08:47.805551" elapsed="2.250607"/>
</kw>
<doc>A "Visszaállítás" gomb törli az űrlap tartalmát</doc>
<status status="FAIL" start="2026-02-26T19:08:21.851823" elapsed="28.204667">'Törlendő cím' should be empty.</status>
</test>
<status status="FAIL" start="2026-02-26T19:08:21.635818" elapsed="28.435246"/>
</suite>
<status status="FAIL" start="2026-02-26T19:08:21.628471" elapsed="28.450441"/>
</suite>
<status status="FAIL" start="2026-02-26T19:08:21.588285" elapsed="28.500060"/>
</suite>
<statistics>
<total>
<stat pass="0" fail="1" skip="0">All Tests</stat>
</total>
<tag>
</tag>
<suite>
<stat name="13 S1 4 vizsgaremek" id="s1" pass="0" fail="1" skip="0">13 S1 4 vizsgaremek</stat>
<stat name="Tesztesetek" id="s1-s1" pass="0" fail="1" skip="0">13 S1 4 vizsgaremek.Tesztesetek</stat>
<stat name="Blog" id="s1-s1-s1" pass="0" fail="1" skip="0">13 S1 4 vizsgaremek.Tesztesetek.Blog</stat>
</suite>
</statistics>
<errors>
</errors>
</robot>
                                                                                                                                                                                                                                                                                                                                                                                                                                                                                                                                                                                                                                                                                                                                                                                                                                                                                                                                                                                                                                                                                                                                                                                                                                                                                                                                                                                                                                                                                                                                                                                                                                                                                                                                                                                                                                                                                                                                                                                                                                                                                                                                                                                                                                                                                                                                                                                                                                                                                                                                                                                                                                                                                                                                                                                                                                                                                                                                                                                                                                                                                                                                                                                                                                                                                                                                                                                                                                                                                                                                                                                                                                                                                                                                                                                                                                                                                                                                                                                                                                                                                                                                                                                                                                                                                                                                                                                                                                                                                                                                                                                                                                                                                                                                                                                                                                                                                                                                                                                                                                                                                                                                                                                                                                                                                                                                                                                                                                                                                                                                                                                                                                                                                                                                                                                                                                                                                                                                                                                                                                                                                                                                                                                                                                                                                                                                                                                                                                                                                                                                                                                                                                                                                                                                                                                                                                                                                                                                                                                                                                                                                                                                                                                                                                                                                                                                                                                                                                                                                                                                                                                                                                                                                                                                                                                                                                                                                                                                                                                                                                                                                                                                                                                                                                                                                                                                                                                                                                                                                                                                                                                                                                                                                                                                                                                                                                                                                                                                                                                                                                                                                                                                                                                                                                                                                                                                                                                                                                                                                                                                                                                                                                                                                                                                                                                                                                                                                                                                                                                                                                                                                                                                                                                                                                                                                                                                                                                                                                                                                                                                                                                                                                                                                                                                                                                                                                                                                                                                                                                                                                                                                                                                                                                                                                                                                                                                                                                                                                                                                                                                                                                                                                                                                                                                                                                                                                                                                                                                                                                                                                                                                                                                                                                                                                                                                                                                                                                                                                                                                                                                                                                                                                                                                                                                                                                                                                                                                                                                                                                                                                                                                                                                                                                                                                                                                                                                                                                                                                                                                                                                                                                                                                                                                                                                                                                                                                                                                                                                                                                                                                                                                                                                                                                                                                                                                                                                                                                                                                                                                                                                                                                                                                                                                                                                                                                                                                                                                                                                                                                                                                                                                                                                                                                                                                                                                                                                                                                                                                                                                                                                                                                                                                                                                                                                                                                                                                                                                                                                                                                                                                                                                                                                                                                                                                                                                                                                                                                                                                                                                                                                                                                                                                                                                                                                                                                                                                                                                                                                                                                                                                                                                                                                                                                                                                                                                                                                                                                                                                                                                                                                                                                                                                                                                                                                                                                                                                                                                                                                                                                                                                                                                                                                                                                                                                                                                                                                                                                                                                                                                                                                                                                                                                                                                                                                                                                                                                                                                                                                                                                                                                                                                                                                                                                                                                                                                                                                                                                                                                                                                                                                                                                                                                                                                                                                                                                                                                                                                                                                                                                                                                                                                                                                                                                                                                                                                                                                                                                                                                                                                                                                                                                                                                                                                                                                                                                                                                                                                                                                                                                                                                                                                                                                                                                                                                                                                                                                                                                                                                                                                                                                                                                                                                                                                                                                                                                                                                                                                                                                                                                                                                                                                                                                                                                                                                                                                                                                                                                                                                                                                                                                                                                                                                                                                                                                                                                                                                                                                                                                                                                                                                                                                                                                                                                                                                                                                                                                                                                                                                                                                                                                                                                                                                                                                                                                                                                                                                                                                                                                                                                                                                                                                                                                                                                                                                                                                                                                                                                                                                                                                                                                                                                                                                                                                                                                                                                                                                                                                                                                                                                                                                                                                                                                                                                                                                                                                                                                                                                                                                                                                                                                                                                                                                                                                                                                                                                                                                                                                                                                                                                                                                                                                                                                                                                                                                                                                                                                                                                                                                                                                                                                                                                                                                                                                                                                                                                                                                                                                                                                                                                                                                                                                                                                                                                                                                                                                                                                                                                                                                                                                                                                                                                                                                                                                                                                                                                                                                                                                                                                                                                                                                                                                                                                                                                                                                                                                                                                                                                                                                                                                                                                                                                                                                                                                                                                                                                                                                                                                                                                                                                                                                                                                                                                                                                                                                                                                                                                                                                                                                                                                                                                                                                                                                                                                                                                                                                                                                                                                                                                                                                                                                                                                                                                                                                                                                                                                                                                                                                                                                                                                                                                                                                                                                                                                                                                                                                                                                                                                                                                                                                                                                                                                                                                                                                                                                                                                                                                                                                                                                                                                                                                                                                                                                                                                                                                                                                                                                                                                                                                                                                                                                                                                                                                                                                                                                                                                                                                                                                                                                                                                                                                                                                                                                                                                                                                                                                                                                                                                                                                                                                                                                                                                                                                                                                                                                                                                                                                                                                                                                                                                                                                                                                                                                                                                                                                                                                                                                                                                                                                                                                                                                                                                                                                                                                                                                                                                                                                                                                                                                                                                                                                                                                                                                                                                                                                                                                                                                                                                                                                                                                                                                                                                                                                                                                                                                                                                                                                                                                                                                                                                                                                                                                                                                                                                                                                                                                                                                                                                                                                                                                                                                                                                                                                                                                                                                                                                                                                                                                                                                                                                                                                                                                                                                                                                                                                                                                                                                                                                                                                                                                                                                                                                                                                                                                                                                                                                                                                                                                                                                                                                                                                                                                                                                                                                                                                                                                                                                                                                                                                                                                                                                                                                                                                                                                                                                                                                                                                                                                                                                                                                                                                                                                                                                                                                                                                                                                                                                                                                                                                                                                                                                                                                                                                                                                                                                                                                                                                                                                                                                                                                                                                                                                                                                                                                                                                                                                                                                                                                                                                                                                                                                                                                                                                                                                                                                                                                                                                                                                                                                                                                                                                                                                                                                                                                                                                                                                                                                                                                                                                                                                                                                                                                                                                                                                                                                                                                                                                                                                                                                                                                                                                                                                                                                                                                                                                                                                                                                                                                                                                                                                                                                                                                                                                                                                                                                                                                                                                                                                                                                                                                                                                                                                                                                                                                                                                                                                                                                                                                                                                                                                                                                                                                                                                                                                                                                                                                                                                                                                                                                                                                                                                                                                                                                                                                                                                                                                                                                                                                                                                                                                                                                                                                                                                                                                                                                                                                                                                                                                                                                                                                                                                                                                                                                                                                                                                                                                                                                                                                                                                                                                                                                                                                                                                                                                                                                                                                                                                                                                                                                                                                                                                                                                                                                                                                                                                                                                                                                                                                                                                                                                                                                                                                                                                                                                                                                                                                                                                                                                                                                                                                                                                                                                                                                                                                                                                                                                                                                                                                                                                                                                                                                                                                                                                                                                                                                                                                                                                                                                                                                                                                                                                                                                                                                                                                                                                                                                                                                                                                                                                                                                                                                                                                                                                                                                                                                                                                                                                                                                                                                                                                                                                                                                                                                                                                                                                                                                                                                                                                                                                                                                                                                                                                                                                                                                                                                                                                                                                                                                                                                                                                                                                                                                                                                                                                                                                                                                                                                                                                                                                                                                                                                                                                                                                                                                                                                                                                                                                                                                                                                                                                                                                                                                                                                                                                                                                                                                                                                                                                                                                                                                                                                                                                                                                                                                                                                                                                                                                                                                                                                                                                                                                                                                                                                                                                                                                                                                                                                                                                                                                                                                                                                                                                                                                                                                                                                                                                                                                                                                                                                                                                                                                                                                                                                                                                                                                                                                                                                                                                                                                                                                                                                                                                                                                                                                                                                                                                                                                                                                                                                                                                                                                                                                                                                                                                                                                                                                                                                                                                                                                                                                                                                                                                                                                                                                                                                                                                                                                                                                                                                                                                                                                                                                                                                                                                                                                                                                                                                                                                                                                                                                                                                                                                                                                                                                                                                                                                                                                                                                                                                                                                                                                                                                                                                                                                                                                                                                                                                                                                                                                                                                                                                                                                                                                                                                                                                                                                                                                                                                                                                                                                                                                                                                                                                                                                                                                                                                                                                                                                                                                                                                                                                                                                                                                                                                                                                                                                                                                                                                                                                                                                                                                                                                                                                                                                                                                                                                                                                                                                                                                                                                                                                                                                                                                                                                                                                                                                                                                                                                                                                                                                                                                                                                                                                                                                                                                                                                                                                                                                                                                                                                                                                                                                                                                                                                                                                                                                                                                                                                                                                                                                                                                                                                                                                                                                                                                                                                                                                                                                                                                                                                                                                                                                                                                                                                                                                                                                                                                                                                                                                                                                                                                                                                                                                                                                                                                                                                                                                                                                                                                                                                                                                                                                                                                                                                                                                                                                                                                                                                                                                                                                                                                                                                                                                                                                                                                                                                                                                                                                                                                                                                                                                                                                                                                                                                                                                                                                                                                                                                                                                                                                                                                                                                                                                                                                                                                                                                                                                                                                                                                                                                                                                                                                                                                                                                                                                                                                                                                                                                                                                                                                                                                                                                                                                                                                                                                                                                                                                                                                                                                                                                                                                                                                                                                                                                                                                                                                                                                                                                                                                                                                                                                                                                                                                                                                                                                                                                                                                                                                                                                                                                                                                                                                                                                                                                                                                                                                                                                                                                                                                                                                                                                                                                                                                                                                                                                                                                                                                                                                                                                                                                                                                                                                                                                                                                                                                                                                                                                                                                                                                                                                                                                                                                                                                                                                                                                                                                                                                                                                                                                                                                                                                                                                                                                                                                                                                                                                                                                                                                                                                                                                                                                                                                                                                                                                                                                                                                                                                                                                                                                                                                                                                                                                                                                                                                                                                                                                                                                                                                                                                                                                                                                                                                                                                                                                                                                                                                                                                                                                                                                                                                                                                                                                                                                                                                                                                                                                                                                                                                                                                                                                                                                                                                                                                                                                                                                                                                                                                                                                                                                                                                                                                                                                                                                                                                                                                                                                                                                                                                                                                                                                                                                                                                                                                                                                                                                                                                                                                                                                                                                                                                                                                                                                                                                                                                                                                                                                                                                                                                                                                                                            
[...]
<doc>Maximizes current browser window.</doc>
<status status="PASS" start="2026-02-26T19:09:00.257429" elapsed="0.046747"/>
</kw>
<kw name="Wait Until Element Is Visible" owner="SeleniumLibrary">
<arg>//header//nav//a[7]</arg>
<doc>Waits until the element ``locator`` is visible.</doc>
<status status="PASS" start="2026-02-26T19:09:00.304426" elapsed="0.019806"/>
</kw>
<kw name="Click Element" owner="SeleniumLibrary">
<msg time="2026-02-26T19:09:00.324819" level="INFO">Clicking element '//header//nav//a[7]'.</msg>
<arg>//header//nav//a[7]</arg>
<doc>Click the element identified by ``locator``.</doc>
<status status="PASS" start="2026-02-26T19:09:00.324483" elapsed="0.092195"/>
</kw>
<status status="PASS" start="2026-02-26T19:08:57.181789" elapsed="3.235322"/>
</kw>
<kw name="Login As Test User">
<kw name="Switch To Login" owner="resources">
<kw name="Run Keyword And Return Status" owner="BuiltIn">
<kw name="Element Should Be Visible" owner="SeleniumLibrary">
<msg time="2026-02-26T19:09:00.457847" level="INFO">Element 'xpath://h2[contains(.,"Fiók készítése")]' is displayed.</msg>
<arg>xpath://h2[contains(.,"Fiók készítése")]</arg>
<doc>Verifies that the element identified by ``locator`` is visible.</doc>
<status status="PASS" start="2026-02-26T19:09:00.420674" elapsed="0.037470"/>
</kw>
<msg time="2026-02-26T19:09:00.458409" level="INFO">${reg_visible} = True</msg>
<var>${reg_visible}</var>
<arg>Element Should Be Visible</arg>
<arg>xpath://h2[contains(.,"Fiók készítése")]</arg>
<doc>Runs the specified keyword and returns the status as a Boolean value.</doc>
<status status="PASS" start="2026-02-26T19:09:00.420012" elapsed="0.038794"/>
</kw>
<kw name="Run Keyword If" owner="BuiltIn">
<kw name="Click Button" owner="SeleniumLibrary">
<msg time="2026-02-26T19:09:00.460598" level="INFO">Clicking button 'xpath://button[contains(.,"Bejelentkezés")]'.</msg>
<arg>xpath://button[contains(.,"Bejelentkezés")]</arg>
<doc>Clicks the button identified by ``locator``.</doc>
<status status="PASS" start="2026-02-26T19:09:00.460165" elapsed="0.149919"/>
</kw>
<arg>${reg_visible}</arg>
<arg>Click Button</arg>
<arg>xpath://button[contains(.,"Bejelentkezés")]</arg>
<doc>Runs the given keyword with the given arguments, if ``condition`` is true.</doc>
<status status="PASS" start="2026-02-26T19:09:00.459185" elapsed="0.151355"/>
</kw>
<kw name="Wait Until Element Is Visible" owner="SeleniumLibrary">
<arg>xpath://h2[contains(.,"Lépj be a fiókodba")]</arg>
<arg>timeout=5s</arg>
<doc>Waits until the element ``locator`` is visible.</doc>
<status status="PASS" start="2026-02-26T19:09:00.610963" elapsed="0.051985"/>
</kw>
<kw name="Wait Until Element Is Visible" owner="SeleniumLibrary">
<arg>name:email</arg>
<arg>timeout=5s</arg>
<doc>Waits until the element ``locator`` is visible.</doc>
<status status="PASS" start="2026-02-26T19:09:00.663342" elapsed="0.026904"/>
</kw>
<status status="PASS" start="2026-02-26T19:09:00.419313" elapsed="0.271382"/>
</kw>
<kw name="Fill Login Form" owner="resources">
<kw name="Wait Until Element Is Visible" owner="SeleniumLibrary">
<arg>xpath=//div[contains(@class,"b-container")]//input[@name="email"]</arg>
<arg>timeout=5s</arg>
<doc>Waits until the element ``locator`` is visible.</doc>
<status status="PASS" start="2026-02-26T19:09:00.692073" elapsed="0.032181"/>
</kw>
<kw name="Input Text" owner="SeleniumLibrary">
<msg time="2026-02-26T19:09:00.726076" level="INFO">Typing text 'test@example.com' into text field 'xpath=//div[contains(@class,"b-container")]//input[@name="email"]'.</msg>
<arg>xpath=//div[contains(@class,"b-container")]//input[@name="email"]</arg>
<arg>${email}</arg>
<doc>Types the given ``text`` into the text field identified by ``locator``.</doc>
<status status="PASS" start="2026-02-26T19:09:00.725170" elapsed="0.413422"/>
</kw>
<kw name="Input Password" owner="SeleniumLibrary">
<msg time="2026-02-26T19:09:01.141053" level="INFO">Typing password into text field 'xpath=//div[contains(@class,"b-container")]//input[@name="password"]'.</msg>
<msg time="2026-02-26T19:09:01.297604" level="INFO">Temporally setting log level to: NONE</msg>
<arg>xpath=//div[contains(@class,"b-container")]//input[@name="password"]</arg>
<arg>${password}</arg>
<doc>Types the given password into the text field identified by ``locator``.</doc>
<status status="PASS" start="2026-02-26T19:09:01.139211" elapsed="0.234916"/>
</kw>
<arg>test@example.com</arg>
<arg>Alma12345678.</arg>
<status status="PASS" start="2026-02-26T19:09:00.691274" elapsed="0.683078"/>
</kw>
<kw name="Execute Javascript" owner="SeleniumLibrary">
<msg time="2026-02-26T19:09:01.375912" level="INFO">Executing JavaScript:
document.querySelector('.b-container button[type="submit"]').click()
Without any arguments.</msg>
<arg>document.querySelector('.b-container button[type="submit"]').click()</arg>
<doc>Executes the given JavaScript code with possible arguments.</doc>
<status status="PASS" start="2026-02-26T19:09:01.374566" elapsed="0.017635"/>
</kw>
<kw name="Wait Until Location Contains" owner="SeleniumLibrary">
<arg>/Profil</arg>
<arg>timeout=20s</arg>
<doc>Waits until the current URL contains ``expected``.</doc>
<status status="PASS" start="2026-02-26T19:09:01.392588" elapsed="1.853823"/>
</kw>
<status status="PASS" start="2026-02-26T19:09:00.418131" elapsed="2.828462"/>
</kw>
<kw name="Navigate To Blog Page">
<kw name="Wait Until Element Is Visible" owner="SeleniumLibrary">
<arg>${BLOG_NAV_LINK}</arg>
<arg>timeout=10s</arg>
<doc>Waits until the element ``locator`` is visible.</doc>
<status status="PASS" start="2026-02-26T19:09:03.247317" elapsed="0.028381"/>
</kw>
<kw name="Click Element" owner="SeleniumLibrary">
<msg time="2026-02-26T19:09:03.276269" level="INFO">Clicking element 'xpath://header//nav//a[contains(.,"Blog")]'.</msg>
<arg>${BLOG_NAV_LINK}</arg>
<doc>Click the element identified by ``locator``.</doc>
<status status="PASS" start="2026-02-26T19:09:03.275931" elapsed="0.094304"/>
</kw>
<kw name="Wait Until Element Is Visible" owner="SeleniumLibrary">
<arg>${BLOG_PAGE_TITLE}</arg>
<arg>timeout=10s</arg>
<doc>Waits until the element ``locator`` is visible.</doc>
<status status="PASS" start="2026-02-26T19:09:03.370517" elapsed="0.015628"/>
</kw>
<status status="PASS" start="2026-02-26T19:09:03.246947" elapsed="0.139454"/>
</kw>
<kw name="Sleep" owner="BuiltIn">
<msg time="2026-02-26T19:09:08.387479" level="INFO">Slept 5 seconds.</msg>
<arg>5s</arg>
<doc>Pauses the test executed for the given time.</doc>
<status status="PASS" start="2026-02-26T19:09:03.386851" elapsed="5.000954"/>
</kw>
<kw name="Wait Until Element Is Visible" owner="SeleniumLibrary">
<arg>xpath:(//button[contains(@class,"like-gomb")])[1]</arg>
<arg>timeout=10s</arg>
<doc>Waits until the element ``locator`` is visible.</doc>
<status status="PASS" start="2026-02-26T19:09:08.388204" elapsed="0.023830"/>
</kw>
<kw name="Click Element" owner="SeleniumLibrary">
<msg time="2026-02-26T19:09:08.412730" level="INFO">Clicking element 'xpath:(//button[contains(@class,"like-gomb")])[1]'.</msg>
<arg>xpath:(//button[contains(@class,"like-gomb")])[1]</arg>
<doc>Click the element identified by ``locator``.</doc>
<status status="PASS" start="2026-02-26T19:09:08.412383" elapsed="0.056940"/>
</kw>
<kw name="Handle Alert" owner="SeleniumLibrary">
<msg time="2026-02-26T19:09:08.470075" level="INFO">HANDLE::&lt;class 'datetime.timedelta'&gt;::0:00:02</msg>
<arg>timeout=2s</arg>
<arg>action=DISMISS</arg>
<doc>Handles the current alert and returns its message.</doc>
<status status="PASS" start="2026-02-26T19:09:08.469701" elapsed="0.005235"/>
</kw>
<kw name="Sleep" owner="BuiltIn">
<msg time="2026-02-26T19:09:09.976972" level="INFO">Slept 1 second 500 milliseconds.</msg>
<arg>1.5s</arg>
<doc>Pauses the test executed for the given time.</doc>
<status status="PASS" start="2026-02-26T19:09:08.475734" elapsed="1.501695"/>
</kw>
<kw name="Element Should Be Visible" owner="SeleniumLibrary">
<msg time="2026-02-26T19:09:10.084126" level="INFO" html="true">&lt;/td&gt;&lt;/tr&gt;&lt;tr&gt;&lt;td colspan="3"&gt;&lt;a href="selenium-screenshot-14.png"&gt;&lt;img src="selenium-screenshot-14.png" width="800px"&gt;&lt;/a&gt;</msg>
<msg time="2026-02-26T19:09:10.084680" level="FAIL">Element with locator 'xpath:(//button[contains(@class,"like-gomb")])[1]' not found.</msg>
<arg>xpath:(//button[contains(@class,"like-gomb")])[1]</arg>
<doc>Verifies that the element identified by ``locator`` is visible.</doc>
<status status="FAIL" start="2026-02-26T19:09:09.977864" elapsed="0.115442">Element with locator 'xpath:(//button[contains(@class,"like-gomb")])[1]' not found.</status>
</kw>
<kw name="Close Browser Session" owner="resources" type="TEARDOWN">
<kw name="Close Browser" owner="SeleniumLibrary">
<doc>Closes the current browser.</doc>
<status status="PASS" start="2026-02-26T19:09:10.094663" elapsed="2.216510"/>
</kw>
<status status="PASS" start="2026-02-26T19:09:10.094147" elapsed="2.217368"/>
</kw>
<doc>Bejelentkezett felhasználó megnyomhatja a like gombot</doc>
<status status="FAIL" start="2026-02-26T19:08:57.179168" elapsed="15.132674">Element with locator 'xpath:(//button[contains(@class,"like-gomb")])[1]' not found.</status>
</test>
<test id="s1-s1-s1-t44" name="Logged In User Can Submit Comment" line="486">
<kw name="Open Registration Page" owner="resources" type="SETUP">
<kw name="Open Browser" owner="SeleniumLibrary">
<msg time="2026-02-26T19:09:12.327541" level="INFO">Opening browser 'Chrome' to base url 'http://localhost:5173'.</msg>
<arg>${URL}</arg>
<arg>${BROWSER}</arg>
<doc>Opens a new browser instance to the optional ``url``.</doc>
<status status="PASS" start="2026-02-26T19:09:12.327095" elapsed="3.068268"/>
</kw>
<kw name="Maximize Browser Window" owner="SeleniumLibrary">
<doc>Maximizes current browser window.</doc>
<status status="PASS" start="2026-02-26T19:09:15.395687" elapsed="0.038105"/>
</kw>
<kw name="Wait Until Element Is Visible" owner="SeleniumLibrary">
<arg>//header//nav//a[7]</arg>
<doc>Waits until the element ``locator`` is visible.</doc>
<status status="PASS" start="2026-02-26T19:09:15.434127" elapsed="0.021353"/>
</kw>
<kw name="Click Element" owner="SeleniumLibrary">
<msg time="2026-02-26T19:09:15.456074" level="INFO">Clicking element '//header//nav//a[7]'.</msg>
<arg>//header//nav//a[7]</arg>
<doc>Click the element identified by ``locator``.</doc>
<status status="PASS" start="2026-02-26T19:09:15.455720" elapsed="0.093961"/>
</kw>
<status status="PASS" start="2026-02-26T19:09:12.326445" elapsed="3.223579"/>
</kw>
<kw name="Login As Test User">
<kw name="Switch To Login" owner="resources">
<kw name="Run Keyword And Return Status" owner="BuiltIn">
<kw name="Element Should Be Visible" owner="SeleniumLibrary">
<msg time="2026-02-26T19:09:15.574063" level="INFO">Element 'xpath://h2[contains(.,"Fiók készítése")]' is displayed.</msg>
<arg>xpath://h2[contains(.,"Fiók készítése")]</arg>
<doc>Verifies that the element identified by ``locator`` is visible.</doc>
<status status="PASS" start="2026-02-26T19:09:15.555482" elapsed="0.018835"/>
</kw>
<msg time="2026-02-26T19:09:15.574522" level="INFO">${reg_visible} = True</msg>
<var>${reg_visible}</var>
<arg>Element Should Be Visible</arg>
<arg>xpath://h2[contains(.,"Fiók készítése")]</arg>
<doc>Runs the specified keyword and returns the status as a Boolean value.</doc>
<status status="PASS" start="2026-02-26T19:09:15.554180" elapsed="0.020456"/>
</kw>
<kw name="Run Keyword If" owner="BuiltIn">
<kw name="Click Button" owner="SeleniumLibrary">
<msg time="2026-02-26T19:09:15.576081" level="INFO">Clicking button 'xpath://button[contains(.,"Bejelentkezés")]'.</msg>
<arg>xpath://button[contains(.,"Bejelentkezés")]</arg>
<doc>Clicks the button identified by ``locator``.</doc>
<status status="PASS" start="2026-02-26T19:09:15.575570" elapsed="0.111651"/>
</kw>
<arg>${reg_visible}</arg>
<arg>Click Button</arg>
<arg>xpath://button[contains(.,"Bejelentkezés")]</arg>
<doc>Runs the given keyword with the given arguments, if ``condition`` is true.</doc>
<status status="PASS" start="2026-02-26T19:09:15.574823" elapsed="0.112592"/>
</kw>
<kw name="Wait Until Element Is Visible" owner="SeleniumLibrary">
<arg>xpath://h2[contains(.,"Lépj be a fiókodba")]</arg>
<arg>timeout=5s</arg>
<doc>Waits until the element ``locator`` is visible.</doc>
<status status="PASS" start="2026-02-26T19:09:15.687592" elapsed="0.025864"/>
</kw>
<kw name="Wait Until Element Is Visible" owner="SeleniumLibrary">
<arg>name:email</arg>
<arg>timeout=5s</arg>
<doc>Waits until the element ``locator`` is visible.</doc>
<status status="PASS" start="2026-02-26T19:09:15.713699" elapsed="0.019000"/>
</kw>
<status status="PASS" start="2026-02-26T19:09:15.551830" elapsed="0.181109"/>
</kw>
<kw name="Fill Login Form" owner="resources">
<kw name="Wait Until Element Is Visible" owner="SeleniumLibrary">
<arg>xpath=//div[contains(@class,"b-container")]//input[@name="email"]</arg>
<arg>timeout=5s</arg>
<doc>Waits until the element ``locator`` is visible.</doc>
<status status="PASS" start="2026-02-26T19:09:15.733548" elapsed="0.015365"/>
</kw>
<kw name="Input Text" owner="SeleniumLibrary">
<msg time="2026-02-26T19:09:15.749490" level="INFO">Typing text 'test@example.com' into text field 'xpath=//div[contains(@class,"b-container")]//input[@name="email"]'.</msg>
<arg>xpath=//div[contains(@class,"b-container")]//input[@name="email"]</arg>
<arg>${email}</arg>
<doc>Types the given ``text`` into the text field identified by ``locator``.</doc>
<status status="PASS" start="2026-02-26T19:09:15.749142" elapsed="0.167032"/>
</kw>
<kw name="Input Password" owner="SeleniumLibrary">
<msg time="2026-02-26T19:09:15.917409" level="INFO">Typing password into text field 'xpath=//div[contains(@class,"b-container")]//input[@name="password"]'.</msg>
<msg time="2026-02-26T19:09:15.958497" level="INFO">Temporally setting log level to: NONE</msg>
<arg>xpath=//div[contains(@class,"b-container")]//input[@name="password"]</arg>
<arg>${password}</arg>
<doc>Types the given password into the text field identified by ``locator``.</doc>
<status status="PASS" start="2026-02-26T19:09:15.916584" elapsed="0.126979"/>
</kw>
<arg>test@example.com</arg>
<arg>Alma12345678.</arg>
<status status="PASS" start="2026-02-26T19:09:15.733139" elapsed="0.310601"/>
</kw>
<kw name="Execute Javascript" owner="SeleniumLibrary">
<msg time="2026-02-26T19:09:16.045220" level="INFO">Executing JavaScript:
document.querySelector('.b-container button[type="submit"]').click()
Without any arguments.</msg>
<arg>document.querySelector('.b-container button[type="submit"]').click()</arg>
<doc>Executes the given JavaScript code with possible arguments.</doc>
<status status="PASS" start="2026-02-26T19:09:16.043890" elapsed="0.013642"/>
</kw>
<kw name="Wait Until Location Contains" owner="SeleniumLibrary">
<arg>/Profil</arg>
<arg>timeout=20s</arg>
<doc>Waits until the current URL contains ``expected``.</doc>
<status status="PASS" start="2026-02-26T19:09:16.057935" elapsed="2.057102"/>
</kw>
<status status="PASS" start="2026-02-26T19:09:15.550815" elapsed="2.564414"/>
</kw>
<kw name="Navigate To Blog Page">
<kw name="Wait Until Element Is Visible" owner="SeleniumLibrary">
<arg>${BLOG_NAV_LINK}</arg>
<arg>timeout=10s</arg>
<doc>Waits until the element ``locator`` is visible.</doc>
<status status="PASS" start="2026-02-26T19:09:18.115886" elapsed="0.026793"/>
</kw>
<kw name="Click Element" owner="SeleniumLibrary">
<msg time="2026-02-26T19:09:18.143247" level="INFO">Clicking element 'xpath://header//nav//a[contains(.,"Blog")]'.</msg>
<arg>${BLOG_NAV_LINK}</arg>
<doc>Click the element identified by ``locator``.</doc>
<status status="PASS" start="2026-02-26T19:09:18.142898" elapsed="0.084466"/>
</kw>
<kw name="Wait Until Element Is Visible" owner="SeleniumLibrary">
<arg>${BLOG_PAGE_TITLE}</arg>
<arg>timeout=10s</arg>
<doc>Waits until the element ``locator`` is visible.</doc>
<status status="PASS" start="2026-02-26T19:09:18.227583" elapsed="0.013873"/>
</kw>
<status status="PASS" start="2026-02-26T19:09:18.115535" elapsed="0.126092"/>
</kw>
<kw name="Wait Until Element Is Visible" owner="SeleniumLibrary">
<arg>${MEGTEKINTES_BTN}</arg>
<arg>timeout=10s</arg>
<doc>Waits until the element ``locator`` is visible.</doc>
<status status="PASS" start="2026-02-26T19:09:18.241944" elapsed="1.717922"/>
</kw>
<kw name="Click Element" owner="SeleniumLibrary">
<msg time="2026-02-26T19:09:19.961001" level="INFO">Clicking element 'xpath:(//button[contains(.,"Megtekintés")])[1]'.</msg>
<arg>${MEGTEKINTES_BTN}</arg>
<doc>Click the element identified by ``locator``.</doc>
<status status="PASS" start="2026-02-26T19:09:19.960528" elapsed="0.079656"/>
</kw>
<kw name="Wait Until Element Is Visible" owner="SeleniumLibrary">
<arg>xpath://textarea[contains(@placeholder,"hozzászólásodat")]</arg>
<arg>timeout=10s</arg>
<doc>Waits until the element ``locator`` is visible.</doc>
<status status="PASS" start="2026-02-26T19:09:20.040710" elapsed="2.503629"/>
</kw>
<kw name="Input Text" owner="SeleniumLibrary">
<msg time="2026-02-26T19:09:22.544991" level="INFO">Typing text 'Automatikus teszt hozzászólás' into text field 'xpath://textarea[contains(@placeholder,"hozzászólásodat")]'.</msg>
<arg>xpath://textarea[contains(@placeholder,"hozzászólásodat")]</arg>
<arg>Automatikus teszt hozzászólás</arg>
<doc>Types the given ``text`` into the text field identified by ``locator``.</doc>
<status status="PASS" start="2026-02-26T19:09:22.544684" elapsed="0.072716"/>
</kw>
<kw name="Wait Until Element Is Enabled" owner="SeleniumLibrary">
<arg>xpath://button[contains(@class,"comment-submit-btn")]</arg>
<arg>timeout=5s</arg>
<doc>Waits until the element ``locator`` is enabled.</doc>
<status status="PASS" start="2026-02-26T19:09:22.617816" elapsed="0.228268"/>
</kw>
<kw name="Click Element" owner="SeleniumLibrary">
<msg time="2026-02-26T19:09:22.846919" level="INFO">Clicking element 'xpath://button[contains(@class,"comment-submit-btn")]'.</msg>
<arg>xpath://button[contains(@class,"comment-submit-btn")]</arg>
<doc>Click the element identified by ``locator``.</doc>
<status status="PASS" start="2026-02-26T19:09:22.846577" elapsed="0.050733"/>
</kw>
<kw name="Sleep" owner="BuiltIn">
<msg time="2026-02-26T19:09:24.898892" level="INFO">Slept 2 seconds.</msg>
<arg>2s</arg>
<doc>Pauses the test executed for the given time.</doc>
<status status="PASS" start="2026-02-26T19:09:22.897909" elapsed="2.001288"/>
</kw>
<kw name="Close Browser Session" owner="resources" type="TEARDOWN">
<kw name="Close Browser" owner="SeleniumLibrary">
<doc>Closes the current browser.</doc>
<status status="PASS" start="2026-02-26T19:09:24.900335" elapsed="2.167646"/>
</kw>
<status status="PASS" start="2026-02-26T19:09:24.899823" elapsed="2.168609"/>
</kw>
<doc>Bejelentkezett felhasználó hozzászólhat blogposzthoz</doc>
<status status="PASS" start="2026-02-26T19:09:12.321633" elapsed="14.747454"/>
</test>
<status status="FAIL" start="2026-02-26T19:00:53.236734" elapsed="513.838599"/>
</suite>
<status status="FAIL" start="2026-02-26T19:00:53.222936" elapsed="513.864015"/>
</suite>
<status status="FAIL" start="2026-02-26T19:00:53.175864" elapsed="513.914224"/>
</suite>
<statistics>
<total>
<stat pass="40" fail="4" skip="0">All Tests</stat>
</total>
<tag>
</tag>
<suite>
<stat name="13 S1 4 vizsgaremek" id="s1" pass="40" fail="4" skip="0">13 S1 4 vizsgaremek</stat>
<stat name="Tesztesetek" id="s1-s1" pass="40" fail="4" skip="0">13 S1 4 vizsgaremek.Tesztesetek</stat>
<stat name="Blog" id="s1-s1-s1" pass="40" fail="4" skip="0">13 S1 4 vizsgaremek.Tesztesetek.Blog</stat>
</suite>
</statistics>
<errors>
</errors>
</robot>
