<?xml version="1.0" encoding="UTF-8"?>
<robot generator="Robot 7.4.1 (Python 3.14.3 on win32)" generated="2026-04-24T20:52:18.621046" rpa="false" schemaversion="5">
<suite id="s1" name="13 S1 4 vizsgaremek" source="C:\Users\redne\Documents\GitHub\13_S1_4_vizsgaremek">
<suite id="s1-s1" name="Tesztesetek" source="C:\Users\redne\Documents\GitHub\13_S1_4_vizsgaremek\Tesztesetek">
<suite id="s1-s1-s1" name="newPost" source="C:\Users\redne\Documents\GitHub\13_S1_4_vizsgaremek\Tesztesetek\newPost.robot">
<test id="s1-s1-s1-t1" name="New Post Submit Blocked When Title Is Empty" line="12">
<kw name="Open Registration Page" owner="resources" type="SETUP">
<kw name="Open Browser" owner="SeleniumLibrary">
<msg time="2026-04-24T20:52:19.005521" level="INFO">Opening browser 'Chrome' to base url 'http://localhost:5173'.</msg>
<arg>${URL}</arg>
<arg>${BROWSER}</arg>
<doc>Opens a new browser instance to the optional ``url``.</doc>
<status status="PASS" start="2026-04-24T20:52:19.005082" elapsed="2.372908"/>
</kw>
<kw name="Maximize Browser Window" owner="SeleniumLibrary">
<doc>Maximizes current browser window.</doc>
<status status="PASS" start="2026-04-24T20:52:21.378491" elapsed="0.033868"/>
</kw>
<kw name="Wait Until Element Is Visible" owner="SeleniumLibrary">
<arg>//header//nav//a[7]</arg>
<doc>Waits until the element ``locator`` is visible.</doc>
<status status="PASS" start="2026-04-24T20:52:21.412646" elapsed="1.272459"/>
</kw>
<kw name="Click Element" owner="SeleniumLibrary">
<msg time="2026-04-24T20:52:22.685887" level="INFO">Clicking element '//header//nav//a[7]'.</msg>
<arg>//header//nav//a[7]</arg>
<doc>Click the element identified by ``locator``.</doc>
<status status="PASS" start="2026-04-24T20:52:22.685376" elapsed="0.116434"/>
</kw>
<status status="PASS" start="2026-04-24T20:52:19.004161" elapsed="3.798053"/>
</kw>
<kw name="Login As Test User" owner="resources">
<kw name="Switch To Login" owner="resources">
<kw name="Run Keyword And Return Status" owner="BuiltIn">
<kw name="Element Should Be Visible" owner="SeleniumLibrary">
<msg time="2026-04-24T20:52:22.834817" level="INFO">Element 'xpath://h2[contains(.,"Fiók készítése")]' is displayed.</msg>
<arg>xpath://h2[contains(.,"Fiók készítése")]</arg>
<doc>Verifies that the element identified by ``locator`` is visible.</doc>
<status status="PASS" start="2026-04-24T20:52:22.807413" elapsed="0.028225"/>
</kw>
<msg time="2026-04-24T20:52:22.836190" level="INFO">${reg_visible} = True</msg>
<var>${reg_visible}</var>
<arg>Element Should Be Visible</arg>
<arg>xpath://h2[contains(.,"Fiók készítése")]</arg>
<doc>Runs the specified keyword and returns the status as a Boolean value.</doc>
<status status="PASS" start="2026-04-24T20:52:22.805680" elapsed="0.031058"/>
</kw>
<kw name="Run Keyword If" owner="BuiltIn">
<kw name="Click Button" owner="SeleniumLibrary">
<msg time="2026-04-24T20:52:22.838671" level="INFO">Clicking button 'xpath://button[contains(.,"Bejelentkezés")]'.</msg>
<arg>xpath://button[contains(.,"Bejelentkezés")]</arg>
<doc>Clicks the button identified by ``locator``.</doc>
<status status="PASS" start="2026-04-24T20:52:22.838184" elapsed="0.158972"/>
</kw>
<arg>${reg_visible}</arg>
<arg>Click Button</arg>
<arg>xpath://button[contains(.,"Bejelentkezés")]</arg>
<doc>Runs the given keyword with the given arguments, if ``condition`` is true.</doc>
<status status="PASS" start="2026-04-24T20:52:22.837215" elapsed="0.160217"/>
</kw>
<kw name="Wait Until Element Is Visible" owner="SeleniumLibrary">
<arg>xpath://h2[contains(.,"Lépj be a fiókodba")]</arg>
<arg>timeout=5s</arg>
<doc>Waits until the element ``locator`` is visible.</doc>
<status status="PASS" start="2026-04-24T20:52:22.997696" elapsed="0.019346"/>
</kw>
<kw name="Wait Until Element Is Visible" owner="SeleniumLibrary">
<arg>name:email</arg>
<arg>timeout=5s</arg>
<doc>Waits until the element ``locator`` is visible.</doc>
<status status="PASS" start="2026-04-24T20:52:23.017299" elapsed="0.019881"/>
</kw>
<status status="PASS" start="2026-04-24T20:52:22.804827" elapsed="0.232646"/>
</kw>
<kw name="Fill Login Form" owner="resources">
<kw name="Wait Until Element Is Visible" owner="SeleniumLibrary">
<arg>xpath=//div[contains(@class,"b-container")]//input[@name="email"]</arg>
<arg>timeout=5s</arg>
<doc>Waits until the element ``locator`` is visible.</doc>
<status status="PASS" start="2026-04-24T20:52:23.038621" elapsed="0.019017"/>
</kw>
<kw name="Input Text" owner="SeleniumLibrary">
<msg time="2026-04-24T20:52:23.058332" level="INFO">Typing text 'test@example.com' into text field 'xpath=//div[contains(@class,"b-container")]//input[@name="email"]'.</msg>
<arg>xpath=//div[contains(@class,"b-container")]//input[@name="email"]</arg>
<arg>${email}</arg>
<doc>Types the given ``text`` into the text field identified by ``locator``.</doc>
<status status="PASS" start="2026-04-24T20:52:23.057900" elapsed="0.216099"/>
</kw>
<kw name="Input Password" owner="SeleniumLibrary">
<msg time="2026-04-24T20:52:23.274762" level="INFO">Typing password into text field 'xpath=//div[contains(@class,"b-container")]//input[@name="password"]'.</msg>
<msg time="2026-04-24T20:52:23.341304" level="INFO">Temporally setting log level to: NONE</msg>
<arg>xpath=//div[contains(@class,"b-container")]//input[@name="password"]</arg>
<arg>${password}</arg>
<doc>Types the given password into the text field identified by ``locator``.</doc>
<status status="PASS" start="2026-04-24T20:52:23.274305" elapsed="0.151095"/>
</kw>
<arg>test@example.com</arg>
<arg>Alma12345678.</arg>
<status status="PASS" start="2026-04-24T20:52:23.037697" elapsed="0.387906"/>
</kw>
<kw name="Execute Javascript" owner="SeleniumLibrary">
<msg time="2026-04-24T20:52:23.426354" level="INFO">Executing JavaScript:
document.querySelector('.b-container button[type="submit"]').click()
Without any arguments.</msg>
<arg>document.querySelector('.b-container button[type="submit"]').click()</arg>
<doc>Executes the given JavaScript code with possible arguments.</doc>
<status status="PASS" start="2026-04-24T20:52:23.425771" elapsed="0.012470"/>
</kw>
<kw name="Wait Until Location Contains" owner="SeleniumLibrary">
<arg>/profil</arg>
<arg>timeout=20s</arg>
<doc>Waits until the current URL contains ``expected``.</doc>
<status status="PASS" start="2026-04-24T20:52:23.438516" elapsed="4.132351"/>
</kw>
<status status="PASS" start="2026-04-24T20:52:22.803247" elapsed="4.767816"/>
</kw>
<kw name="Navigate To New Post Page" owner="resources">
<kw name="Go To" owner="SeleniumLibrary">
<msg time="2026-04-24T20:52:27.572223" level="INFO">Opening url 'http://localhost:5173/newpost'</msg>
<arg>${URL}/newpost</arg>
<doc>Navigates the current browser window to the provided ``url``.</doc>
<status status="PASS" start="2026-04-24T20:52:27.571970" elapsed="0.437140"/>
</kw>
<kw name="Wait Until Element Is Visible" owner="SeleniumLibrary">
<arg>${POST_TITLE_INPUT}</arg>
<arg>timeout=10s</arg>
<doc>Waits until the element ``locator`` is visible.</doc>
<status status="PASS" start="2026-04-24T20:52:28.009447" elapsed="0.893872"/>
</kw>
<status status="PASS" start="2026-04-24T20:52:27.571476" elapsed="1.332149"/>
</kw>
<kw name="Fill Post Content" owner="resources">
<kw name="Wait Until Element Is Visible" owner="SeleniumLibrary">
<arg>${POST_CONTENT_EDITOR}</arg>
<arg>timeout=5s</arg>
<doc>Waits until the element ``locator`` is visible.</doc>
<status status="PASS" start="2026-04-24T20:52:28.905121" elapsed="0.024468"/>
</kw>
<kw name="Click Element" owner="SeleniumLibrary">
<msg time="2026-04-24T20:52:28.930410" level="INFO">Clicking element 'xpath://div[contains(@class,"ql-editor")]'.</msg>
<arg>${POST_CONTENT_EDITOR}</arg>
<doc>Click the element identified by ``locator``.</doc>
<status status="PASS" start="2026-04-24T20:52:28.929867" elapsed="0.071621"/>
</kw>
<kw name="Input Text" owner="SeleniumLibrary">
<msg time="2026-04-24T20:52:29.002264" level="INFO">Typing text 'Ez egy teszt tartalom a poszthoz.' into text field 'xpath://div[contains(@class,"ql-editor")]'.</msg>
<arg>${POST_CONTENT_EDITOR}</arg>
<arg>${content}</arg>
<doc>Types the given ``text`` into the text field identified by ``locator``.</doc>
<status status="PASS" start="2026-04-24T20:52:29.001790" elapsed="0.221603"/>
</kw>
<arg>Ez egy teszt tartalom a poszthoz.</arg>
<status status="PASS" start="2026-04-24T20:52:28.904365" elapsed="0.319435"/>
</kw>
<kw name="Execute Javascript" owner="SeleniumLibrary">
<msg time="2026-04-24T20:52:29.225221" level="INFO">Executing JavaScript:
return document.querySelector('button.submit-button')?.disabled ?? true
Without any arguments.</msg>
<msg time="2026-04-24T20:52:29.239492" level="INFO">${disabled} = True</msg>
<var>${disabled}</var>
<arg>return document.querySelector('button.submit-button')?.disabled ?? true</arg>
<doc>Executes the given JavaScript code with possible arguments.</doc>
<status status="PASS" start="2026-04-24T20:52:29.224492" elapsed="0.015390"/>
</kw>
<kw name="Should Be True" owner="BuiltIn">
<arg>${disabled}</arg>
<doc>Fails if the given condition is not true.</doc>
<status status="PASS" start="2026-04-24T20:52:29.240451" elapsed="0.000688"/>
</kw>
<kw name="Close Browser Session" owner="resources" type="TEARDOWN">
<kw name="Close Browser" owner="SeleniumLibrary">
<doc>Closes the current browser.</doc>
<status status="PASS" start="2026-04-24T20:52:29.242449" elapsed="2.512527"/>
</kw>
<status status="PASS" start="2026-04-24T20:52:29.241779" elapsed="2.513403"/>
</kw>
<doc>Ha a cím mező üres, a küldés gomb le van tiltva.</doc>
<status status="PASS" start="2026-04-24T20:52:18.989977" elapsed="12.765426"/>
</test>
<test id="s1-s1-s1-t2" name="New Post Submit Blocked When Content Is Empty" line="21">
<kw name="Open Registration Page" owner="resources" type="SETUP">
<kw name="Open Browser" owner="SeleniumLibrary">
<msg time="2026-04-24T20:52:31.764933" level="INFO">Opening browser 'Chrome' to base url 'http://localhost:5173'.</msg>
<arg>${URL}</arg>
<arg>${BROWSER}</arg>
<doc>Opens a new browser instance to the optional ``url``.</doc>
<status status="PASS" start="2026-04-24T20:52:31.764525" elapsed="1.351355"/>
</kw>
<kw name="Maximize Browser Window" owner="SeleniumLibrary">
<doc>Maximizes current browser window.</doc>
<status status="PASS" start="2026-04-24T20:52:33.116549" elapsed="0.031882"/>
</kw>
<kw name="Wait Until Element Is Visible" owner="SeleniumLibrary">
<arg>//header//nav//a[7]</arg>
<doc>Waits until the element ``locator`` is visible.</doc>
<status status="PASS" start="2026-04-24T20:52:33.148726" elapsed="1.111639"/>
</kw>
<kw name="Click Element" owner="SeleniumLibrary">
<msg time="2026-04-24T20:52:34.261353" level="INFO">Clicking element '//header//nav//a[7]'.</msg>
<arg>//header//nav//a[7]</arg>
<doc>Click the element identified by ``locator``.</doc>
<status status="PASS" start="2026-04-24T20:52:34.260762" elapsed="0.142548"/>
</kw>
<status status="PASS" start="2026-04-24T20:52:31.763843" elapsed="2.639871"/>
</kw>
<kw name="Login As Test User" owner="resources">
<kw name="Switch To Login" owner="resources">
<kw name="Run Keyword And Return Status" owner="BuiltIn">
<kw name="Element Should Be Visible" owner="SeleniumLibrary">
<msg time="2026-04-24T20:52:34.448411" level="INFO">Element 'xpath://h2[contains(.,"Fiók készítése")]' is displayed.</msg>
<arg>xpath://h2[contains(.,"Fiók készítése")]</arg>
<doc>Verifies that the element identified by ``locator`` is visible.</doc>
<status status="PASS" start="2026-04-24T20:52:34.405950" elapsed="0.044201"/>
</kw>
<msg time="2026-04-24T20:52:34.451111" level="INFO">${reg_visible} = True</msg>
<var>${reg_visible}</var>
<arg>Element Should Be Visible</arg>
<arg>xpath://h2[contains(.,"Fiók készítése")]</arg>
<doc>Runs the specified keyword and returns the status as a Boolean value.</doc>
<status status="PASS" start="2026-04-24T20:52:34.405398" elapsed="0.046683"/>
</kw>
<kw name="Run Keyword If" owner="BuiltIn">
<kw name="Click Button" owner="SeleniumLibrary">
<msg time="2026-04-24T20:52:34.456412" level="INFO">Clicking button 'xpath://button[contains(.,"Bejelentkezés")]'.</msg>
<arg>xpath://button[contains(.,"Bejelentkezés")]</arg>
<doc>Clicks the button identified by ``locator``.</doc>
<status status="PASS" start="2026-04-24T20:52:34.454568" elapsed="0.170486"/>
</kw>
<arg>${reg_visible}</arg>
<arg>Click Button</arg>
<arg>xpath://button[contains(.,"Bejelentkezés")]</arg>
<doc>Runs the given keyword with the given arguments, if ``condition`` is true.</doc>
<status status="PASS" start="2026-04-24T20:52:34.452778" elapsed="0.172792"/>
</kw>
<kw name="Wait Until Element Is Visible" owner="SeleniumLibrary">
<arg>xpath://h2[contains(.,"Lépj be a fiókodba")]</arg>
<arg>timeout=5s</arg>
<doc>Waits until the element ``locator`` is visible.</doc>
<status status="PASS" start="2026-04-24T20:52:34.626344" elapsed="0.026178"/>
</kw>
<kw name="Wait Until Element Is Visible" owner="SeleniumLibrary">
<arg>name:email</arg>
<arg>timeout=5s</arg>
<doc>Waits until the element ``locator`` is visible.</doc>
<status status="PASS" start="2026-04-24T20:52:34.652894" elapsed="0.022753"/>
</kw>
<status status="PASS" start="2026-04-24T20:52:34.405021" elapsed="0.270864"/>
</kw>
<kw name="Fill Login Form" owner="resources">
<kw name="Wait Until Element Is Visible" owner="SeleniumLibrary">
<arg>xpath=//div[contains(@class,"b-container")]//input[@name="email"]</arg>
<arg>timeout=5s</arg>
<doc>Waits until the element ``locator`` is visible.</doc>
<status status="PASS" start="2026-04-24T20:52:34.676686" elapsed="0.025992"/>
</kw>
<kw name="Input Text" owner="SeleniumLibrary">
<msg time="2026-04-24T20:52:34.703637" level="INFO">Typing text 'test@example.com' into text field 'xpath=//div[contains(@class,"b-container")]//input[@name="email"]'.</msg>
<arg>xpath=//div[contains(@class,"b-container")]//input[@name="email"]</arg>
<arg>${email}</arg>
<doc>Types the given ``text`` into the text field identified by ``locator``.</doc>
<status status="PASS" start="2026-04-24T20:52:34.703078" elapsed="0.220339"/>
</kw>
<kw name="Input Password" owner="SeleniumLibrary">
<msg time="2026-04-24T20:52:34.925503" level="INFO">Typing password into text field 'xpath=//div[contains(@class,"b-container")]//input[@name="password"]'.</msg>
<msg time="2026-04-24T20:52:35.009355" level="INFO">Temporally setting log level to: NONE</msg>
<arg>xpath=//div[contains(@class,"b-container")]//input[@name="password"]</arg>
<arg>${password}</arg>
<doc>Types the given password into the text field identified by ``locator``.</doc>
<status status="PASS" start="2026-04-24T20:52:34.924288" elapsed="0.242505"/>
</kw>
<arg>test@example.com</arg>
<arg>Alma12345678.</arg>
<status status="PASS" start="2026-04-24T20:52:34.676159" elapsed="0.490965"/>
</kw>
<kw name="Execute Javascript" owner="SeleniumLibrary">
<msg time="2026-04-24T20:52:35.168338" level="INFO">Executing JavaScript:
document.querySelector('.b-container button[type="submit"]').click()
Without any arguments.</msg>
<arg>document.querySelector('.b-container button[type="submit"]').click()</arg>
<doc>Executes the given JavaScript code with possible arguments.</doc>
<status status="PASS" start="2026-04-24T20:52:35.167401" elapsed="0.023991"/>
</kw>
<kw name="Wait Until Location Contains" owner="SeleniumLibrary">
<arg>/profil</arg>
<arg>timeout=20s</arg>
<doc>Waits until the current URL contains ``expected``.</doc>
<status status="PASS" start="2026-04-24T20:52:35.192118" elapsed="4.785728"/>
</kw>
<status status="PASS" start="2026-04-24T20:52:34.404391" elapsed="5.573716"/>
</kw>
<kw name="Navigate To New Post Page" owner="resources">
<kw name="Go To" owner="SeleniumLibrary">
<msg time="2026-04-24T20:52:39.979899" level="INFO">Opening url 'http://localhost:5173/newpost'</msg>
<arg>${URL}/newpost</arg>
<doc>Navigates the current browser window to the provided ``url``.</doc>
<status status="PASS" start="2026-04-24T20:52:39.979551" elapsed="0.324007"/>
</kw>
<kw name="Wait Until Element Is Visible" owner="SeleniumLibrary">
<arg>${POST_TITLE_INPUT}</arg>
<arg>timeout=10s</arg>
<doc>Waits until the element ``locator`` is visible.</doc>
<status status="PASS" start="2026-04-24T20:52:40.304056" elapsed="1.078521"/>
</kw>
<status status="PASS" start="2026-04-24T20:52:39.978736" elapsed="1.404118"/>
</kw>
<kw name="Fill Post Title" owner="resources">
<kw name="Clear Element Text" owner="SeleniumLibrary">
<arg>${POST_TITLE_INPUT}</arg>
<doc>Clears the value of the text-input-element identified by ``locator``.</doc>
<status status="PASS" start="2026-04-24T20:52:41.383961" elapsed="0.038482"/>
</kw>
<kw name="Input Text" owner="SeleniumLibrary">
<msg time="2026-04-24T20:52:41.423447" level="INFO">Typing text 'Teszt cím' into text field 'id:postTitle'.</msg>
<arg>${POST_TITLE_INPUT}</arg>
<arg>${title}</arg>
<doc>Types the given ``text`` into the text field identified by ``locator``.</doc>
<status status="PASS" start="2026-04-24T20:52:41.422806" elapsed="0.123825"/>
</kw>
<arg>Teszt cím</arg>
<status status="PASS" start="2026-04-24T20:52:41.383382" elapsed="0.163582"/>
</kw>
<kw name="Execute Javascript" owner="SeleniumLibrary">
<msg time="2026-04-24T20:52:41.548241" level="INFO">Executing JavaScript:
return document.querySelector('button.submit-button')?.disabled ?? true
Without any arguments.</msg>
<msg time="2026-04-24T20:52:41.557940" level="INFO">${disabled} = True</msg>
<var>${disabled}</var>
<arg>return document.querySelector('button.submit-button')?.disabled ?? true</arg>
<doc>Executes the given JavaScript code with possible arguments.</doc>
<status status="PASS" start="2026-04-24T20:52:41.547527" elapsed="0.010786"/>
</kw>
<kw name="Should Be True" owner="BuiltIn">
<arg>${disabled}</arg>
<doc>Fails if the given condition is not true.</doc>
<status status="PASS" start="2026-04-24T20:52:41.559211" elapsed="0.001044"/>
</kw>
<kw name="Close Browser Session" owner="resources" type="TEARDOWN">
<kw name="Close Browser" owner="SeleniumLibrary">
<doc>Closes the current browser.</doc>
<status status="PASS" start="2026-04-24T20:52:41.562184" elapsed="2.359561"/>
</kw>
<status status="PASS" start="2026-04-24T20:52:41.561048" elapsed="2.360916"/>
</kw>
<doc>Ha a tartalom mező üres, a küldés gomb le van tiltva.</doc>
<status status="PASS" start="2026-04-24T20:52:31.759707" elapsed="12.162478"/>
</test>
<test id="s1-s1-s1-t3" name="New Post Submit Enabled When Title And Content Filled" line="30">
<kw name="Open Registration Page" owner="resources" type="SETUP">
<kw name="Open Browser" owner="SeleniumLibrary">
<msg time="2026-04-24T20:52:43.933618" level="INFO">Opening browser 'Chrome' to base url 'http://localhost:5173'.</msg>
<arg>${URL}</arg>
<arg>${BROWSER}</arg>
<doc>Opens a new browser instance to the optional ``url``.</doc>
<status status="PASS" start="2026-04-24T20:52:43.933046" elapsed="1.411216"/>
</kw>
<kw name="Maximize Browser Window" owner="SeleniumLibrary">
<doc>Maximizes current browser window.</doc>
<status status="PASS" start="2026-04-24T20:52:45.344749" elapsed="0.029610"/>
</kw>
<kw name="Wait Until Element Is Visible" owner="SeleniumLibrary">
<arg>//header//nav//a[7]</arg>
<doc>Waits until the element ``locator`` is visible.</doc>
<status status="PASS" start="2026-04-24T20:52:45.374659" elapsed="1.063332"/>
</kw>
<kw name="Click Element" owner="SeleniumLibrary">
<msg time="2026-04-24T20:52:46.438990" level="INFO">Clicking element '//header//nav//a[7]'.</msg>
<arg>//header//nav//a[7]</arg>
<doc>Click the element identified by ``locator``.</doc>
<status status="PASS" start="2026-04-24T20:52:46.438451" elapsed="0.110769"/>
</kw>
<status status="PASS" start="2026-04-24T20:52:43.932462" elapsed="2.616960"/>
</kw>
<kw name="Login As Test User" owner="resources">
<kw name="Switch To Login" owner="resources">
<kw name="Run Keyword And Return Status" owner="BuiltIn">
<kw name="Element Should Be Visible" owner="SeleniumLibrary">
<msg time="2026-04-24T20:52:46.595576" level="INFO">Element 'xpath://h2[contains(.,"Fiók készítése")]' is displayed.</msg>
<arg>xpath://h2[contains(.,"Fiók készítése")]</arg>
<doc>Verifies that the element identified by ``locator`` is visible.</doc>
<status status="PASS" start="2026-04-24T20:52:46.552086" elapsed="0.044240"/>
</kw>
<msg time="2026-04-24T20:52:46.596632" level="INFO">${reg_visible} = True</msg>
<var>${reg_visible}</var>
<arg>Element Should Be Visible</arg>
<arg>xpath://h2[contains(.,"Fiók készítése")]</arg>
<doc>Runs the specified keyword and returns the status as a Boolean value.</doc>
<status status="PASS" start="2026-04-24T20:52:46.550736" elapsed="0.046167"/>
</kw>
<kw name="Run Keyword If" owner="BuiltIn">
<kw name="Click Button" owner="SeleniumLibrary">
<msg time="2026-04-24T20:52:46.599409" level="INFO">Clicking button 'xpath://button[contains(.,"Bejelentkezés")]'.</msg>
<arg>xpath://button[contains(.,"Bejelentkezés")]</arg>
<doc>Clicks the button identified by ``locator``.</doc>
<status status="PASS" start="2026-04-24T20:52:46.598392" elapsed="0.136356"/>
</kw>
<arg>${reg_visible}</arg>
<arg>Click Button</arg>
<arg>xpath://button[contains(.,"Bejelentkezés")]</arg>
<doc>Runs the given keyword with the given arguments, if ``condition`` is true.</doc>
<status status="PASS" start="2026-04-24T20:52:46.597282" elapsed="0.137845"/>
</kw>
<kw name="Wait Until Element Is Visible" owner="SeleniumLibrary">
<arg>xpath://h2[contains(.,"Lépj be a fiókodba")]</arg>
<arg>timeout=5s</arg>
<doc>Waits until the element ``locator`` is visible.</doc>
<status status="PASS" start="2026-04-24T20:52:46.735457" elapsed="0.134159"/>
</kw>
<kw name="Wait Until Element Is Visible" owner="SeleniumLibrary">
<arg>name:email</arg>
<arg>timeout=5s</arg>
<doc>Waits until the element ``locator`` is visible.</doc>
<status status="PASS" start="2026-04-24T20:52:46.870035" elapsed="0.037256"/>
</kw>
<status status="PASS" start="2026-04-24T20:52:46.550297" elapsed="0.357455"/>
</kw>
<kw name="Fill Login Form" owner="resources">
<kw name="Wait Until Element Is Visible" owner="SeleniumLibrary">
<arg>xpath=//div[contains(@class,"b-container")]//input[@name="email"]</arg>
<arg>timeout=5s</arg>
<doc>Waits until the element ``locator`` is visible.</doc>
<status status="PASS" start="2026-04-24T20:52:46.909260" elapsed="0.042594"/>
</kw>
<kw name="Input Text" owner="SeleniumLibrary">
<msg time="2026-04-24T20:52:46.952898" level="INFO">Typing text 'test@example.com' into text field 'xpath=//div[contains(@class,"b-container")]//input[@name="email"]'.</msg>
<arg>xpath=//div[contains(@class,"b-container")]//input[@name="email"]</arg>
<arg>${email}</arg>
<doc>Types the given ``text`` into the text field identified by ``locator``.</doc>
<status status="PASS" start="2026-04-24T20:52:46.952285" elapsed="0.218986"/>
</kw>
<kw name="Input Password" owner="SeleniumLibrary">
<msg time="2026-04-24T20:52:47.172704" level="INFO">Typing password into text field 'xpath=//div[contains(@class,"b-container")]//input[@name="password"]'.</msg>
<msg time="2026-04-24T20:52:47.222954" level="INFO">Temporally setting log level to: NONE</msg>
<arg>xpath=//div[contains(@class,"b-container")]//input[@name="password"]</arg>
<arg>${password}</arg>
<doc>Types the given password into the text field identified by ``locator``.</doc>
<status status="PASS" start="2026-04-24T20:52:47.171844" elapsed="0.142700"/>
</kw>
<arg>test@example.com</arg>
<arg>Alma12345678.</arg>
<status status="PASS" start="2026-04-24T20:52:46.908136" elapsed="0.406832"/>
</kw>
<kw name="Execute Javascript" owner="SeleniumLibrary">
<msg time="2026-04-24T20:52:47.316554" level="INFO">Executing JavaScript:
document.querySelector('.b-container button[type="submit"]').click()
Without any arguments.</msg>
<arg>document.querySelector('.b-container button[type="submit"]').click()</arg>
<doc>Executes the given JavaScript code with possible arguments.</doc>
<status status="PASS" start="2026-04-24T20:52:47.315328" elapsed="0.013317"/>
</kw>
<kw name="Wait Until Location Contains" owner="SeleniumLibrary">
<arg>/profil</arg>
<arg>timeout=20s</arg>
<doc>Waits until the current URL contains ``expected``.</doc>
<status status="PASS" start="2026-04-24T20:52:47.329242" elapsed="3.906754"/>
</kw>
<status status="PASS" start="2026-04-24T20:52:46.549835" elapsed="4.686392"/>
</kw>
<kw name="Navigate To New Post Page" owner="resources">
<kw name="Go To" owner="SeleniumLibrary">
<msg time="2026-04-24T20:52:51.237243" level="INFO">Opening url 'http://localhost:5173/newpost'</msg>
<arg>${URL}/newpost</arg>
<doc>Navigates the current browser window to the provided ``url``.</doc>
<status status="PASS" start="2026-04-24T20:52:51.237011" elapsed="0.278941"/>
</kw>
<kw name="Wait Until Element Is Visible" owner="SeleniumLibrary">
<arg>${POST_TITLE_INPUT}</arg>
<arg>timeout=10s</arg>
<doc>Waits until the element ``locator`` is visible.</doc>
<status status="PASS" start="2026-04-24T20:52:51.516528" elapsed="1.097532"/>
</kw>
<status status="PASS" start="2026-04-24T20:52:51.236583" elapsed="1.377859"/>
</kw>
<kw name="Fill Post Title" owner="resources">
<kw name="Clear Element Text" owner="SeleniumLibrary">
<arg>${POST_TITLE_INPUT}</arg>
<doc>Clears the value of the text-input-element identified by ``locator``.</doc>
<status status="PASS" start="2026-04-24T20:52:52.616160" elapsed="0.048315"/>
</kw>
<kw name="Input Text" owner="SeleniumLibrary">
<msg time="2026-04-24T20:52:52.665457" level="INFO">Typing text 'Teszt cím' into text field 'id:postTitle'.</msg>
<arg>${POST_TITLE_INPUT}</arg>
<arg>${title}</arg>
<doc>Types the given ``text`` into the text field identified by ``locator``.</doc>
<status status="PASS" start="2026-04-24T20:52:52.664880" elapsed="0.131277"/>
</kw>
<arg>Teszt cím</arg>
<status status="PASS" start="2026-04-24T20:52:52.615290" elapsed="0.181353"/>
</kw>
<kw name="Fill Post Content" owner="resources">
<kw name="Wait Until Element Is Visible" owner="SeleniumLibrary">
<arg>${POST_CONTENT_EDITOR}</arg>
<arg>timeout=5s</arg>
<doc>Waits until the element ``locator`` is visible.</doc>
<status status="PASS" start="2026-04-24T20:52:52.798444" elapsed="0.066794"/>
</kw>
<kw name="Click Element" owner="SeleniumLibrary">
<msg time="2026-04-24T20:52:52.866900" level="INFO">Clicking element 'xpath://div[contains(@class,"ql-editor")]'.</msg>
<arg>${POST_CONTENT_EDITOR}</arg>
<doc>Click the element identified by ``locator``.</doc>
<status status="PASS" start="2026-04-24T20:52:52.865788" elapsed="0.152303"/>
</kw>
<kw name="Input Text" owner="SeleniumLibrary">
<msg time="2026-04-24T20:52:53.018814" level="INFO">Typing text 'Ez egy teszt tartalom a poszthoz.' into text field 'xpath://div[contains(@class,"ql-editor")]'.</msg>
<arg>${POST_CONTENT_EDITOR}</arg>
<arg>${content}</arg>
<doc>Types the given ``text`` into the text field identified by ``locator``.</doc>
<status status="PASS" start="2026-04-24T20:52:53.018372" elapsed="0.317783"/>
</kw>
<arg>Ez egy teszt tartalom a poszthoz.</arg>
<status status="PASS" start="2026-04-24T20:52:52.797311" elapsed="0.539299"/>
</kw>
<kw name="Execute Javascript" owner="SeleniumLibrary">
<msg time="2026-04-24T20:52:53.342537" level="INFO">Executing JavaScript:
return document.querySelector('button.submit-button')?.disabled ?? false
Without any arguments.</msg>
<msg time="2026-04-24T20:52:53.360923" level="INFO">${disabled} = False</msg>
<var>${disabled}</var>
<arg>return document.querySelector('button.submit-button')?.disabled ?? false</arg>
<doc>Executes the given JavaScript code with possible arguments.</doc>
<status status="PASS" start="2026-04-24T20:52:53.340803" elapsed="0.020645"/>
</kw>
<kw name="Should Not Be True" owner="BuiltIn">
<arg>${disabled}</arg>
<doc>Fails if the given condition is true.</doc>
<status status="PASS" start="2026-04-24T20:52:53.362043" elapsed="0.000999"/>
</kw>
<kw name="Close Browser Session" owner="resources" type="TEARDOWN">
<kw name="Close Browser" owner="SeleniumLibrary">
<doc>Closes the current browser.</doc>
<status status="PASS" start="2026-04-24T20:52:53.364478" elapsed="2.460114"/>
</kw>
<status status="PASS" start="2026-04-24T20:52:53.363776" elapsed="2.461140"/>
</kw>
<doc>Ha mindkét kötelező mező ki van töltve, a küldés gomb aktív.</doc>
<status status="PASS" start="2026-04-24T20:52:43.926511" elapsed="11.898724"/>
</test>
<test id="s1-s1-s1-t4" name="New Post Warning Notification When Fields Empty And Draft Clicked" line="40">
<kw name="Open Registration Page" owner="resources" type="SETUP">
<kw name="Open Browser" owner="SeleniumLibrary">
<msg time="2026-04-24T20:52:55.842890" level="INFO">Opening browser 'Chrome' to base url 'http://localhost:5173'.</msg>
<arg>${URL}</arg>
<arg>${BROWSER}</arg>
<doc>Opens a new browser instance to the optional ``url``.</doc>
<status status="PASS" start="2026-04-24T20:52:55.842026" elapsed="1.511640"/>
</kw>
<kw name="Maximize Browser Window" owner="SeleniumLibrary">
<doc>Maximizes current browser window.</doc>
<status status="PASS" start="2026-04-24T20:52:57.354052" elapsed="0.033760"/>
</kw>
<kw name="Wait Until Element Is Visible" owner="SeleniumLibrary">
<arg>//header//nav//a[7]</arg>
<doc>Waits until the element ``locator`` is visible.</doc>
<status status="PASS" start="2026-04-24T20:52:57.388091" elapsed="1.111148"/>
</kw>
<kw name="Click Element" owner="SeleniumLibrary">
<msg time="2026-04-24T20:52:58.499904" level="INFO">Clicking element '//header//nav//a[7]'.</msg>
<arg>//header//nav//a[7]</arg>
<doc>Click the element identified by ``locator``.</doc>
<status status="PASS" start="2026-04-24T20:52:58.499546" elapsed="0.116898"/>
</kw>
<status status="PASS" start="2026-04-24T20:52:55.841177" elapsed="2.775555"/>
</kw>
<kw name="Login As Test User" owner="resources">
<kw name="Switch To Login" owner="resources">
<kw name="Run Keyword And Return Status" owner="BuiltIn">
<kw name="Element Should Be Visible" owner="SeleniumLibrary">
<msg time="2026-04-24T20:52:58.647076" level="INFO">Element 'xpath://h2[contains(.,"Fiók készítése")]' is displayed.</msg>
<arg>xpath://h2[contains(.,"Fiók készítése")]</arg>
<doc>Verifies that the element identified by ``locator`` is visible.</doc>
<status status="PASS" start="2026-04-24T20:52:58.619224" elapsed="0.028610"/>
</kw>
<msg time="2026-04-24T20:52:58.648106" level="INFO">${reg_visible} = True</msg>
<var>${reg_visible}</var>
<arg>Element Should Be Visible</arg>
<arg>xpath://h2[contains(.,"Fiók készítése")]</arg>
<doc>Runs the specified keyword and returns the status as a Boolean value.</doc>
<status status="PASS" start="2026-04-24T20:52:58.618738" elapsed="0.029550"/>
</kw>
<kw name="Run Keyword If" owner="BuiltIn">
<kw name="Click Button" owner="SeleniumLibrary">
<msg time="2026-04-24T20:52:58.651832" level="INFO">Clicking button 'xpath://button[contains(.,"Bejelentkezés")]'.</msg>
<arg>xpath://button[contains(.,"Bejelentkezés")]</arg>
<doc>Clicks the button identified by ``locator``.</doc>
<status status="PASS" start="2026-04-24T20:52:58.649912" elapsed="0.189912"/>
</kw>
<arg>${reg_visible}</arg>
<arg>Click Button</arg>
<arg>xpath://button[contains(.,"Bejelentkezés")]</arg>
<doc>Runs the given keyword with the given arguments, if ``condition`` is true.</doc>
<status status="PASS" start="2026-04-24T20:52:58.648586" elapsed="0.191568"/>
</kw>
<kw name="Wait Until Element Is Visible" owner="SeleniumLibrary">
<arg>xpath://h2[contains(.,"Lépj be a fiókodba")]</arg>
<arg>timeout=5s</arg>
<doc>Waits until the element ``locator`` is visible.</doc>
<status status="PASS" start="2026-04-24T20:52:58.840487" elapsed="0.114590"/>
</kw>
<kw name="Wait Until Element Is Visible" owner="SeleniumLibrary">
<arg>name:email</arg>
<arg>timeout=5s</arg>
<doc>Waits until the element ``locator`` is visible.</doc>
<status status="PASS" start="2026-04-24T20:52:58.955430" elapsed="0.028984"/>
</kw>
<status status="PASS" start="2026-04-24T20:52:58.618135" elapsed="0.366580"/>
</kw>
<kw name="Fill Login Form" owner="resources">
<kw name="Wait Until Element Is Visible" owner="SeleniumLibrary">
<arg>xpath=//div[contains(@class,"b-container")]//input[@name="email"]</arg>
<arg>timeout=5s</arg>
<doc>Waits until the element ``locator`` is visible.</doc>
<status status="PASS" start="2026-04-24T20:52:58.986171" elapsed="0.030238"/>
</kw>
<kw name="Input Text" owner="SeleniumLibrary">
<msg time="2026-04-24T20:52:59.017672" level="INFO">Typing text 'test@example.com' into text field 'xpath=//div[contains(@class,"b-container")]//input[@name="email"]'.</msg>
<arg>xpath=//div[contains(@class,"b-container")]//input[@name="email"]</arg>
<arg>${email}</arg>
<doc>Types the given ``text`` into the text field identified by ``locator``.</doc>
<status status="PASS" start="2026-04-24T20:52:59.016864" elapsed="0.239017"/>
</kw>
<kw name="Input Password" owner="SeleniumLibrary">
<msg time="2026-04-24T20:52:59.256836" level="INFO">Typing password into text field 'xpath=//div[contains(@class,"b-container")]//input[@name="password"]'.</msg>
<msg time="2026-04-24T20:52:59.323162" level="INFO">Temporally setting log level to: NONE</msg>
<arg>xpath=//div[contains(@class,"b-container")]//input[@name="password"]</arg>
<arg>${password}</arg>
<doc>Types the given password into the text field identified by ``locator``.</doc>
<status status="PASS" start="2026-04-24T20:52:59.256288" elapsed="0.161015"/>
</kw>
<arg>test@example.com</arg>
<arg>Alma12345678.</arg>
<status status="PASS" start="2026-04-24T20:52:58.985122" elapsed="0.432523"/>
</kw>
<kw name="Execute Javascript" owner="SeleniumLibrary">
<msg time="2026-04-24T20:52:59.418989" level="INFO">Executing JavaScript:
document.querySelector('.b-container button[type="submit"]').click()
Without any arguments.</msg>
<arg>document.querySelector('.b-container button[type="submit"]').click()</arg>
<doc>Executes the given JavaScript code with possible arguments.</doc>
<status status="PASS" start="2026-04-24T20:52:59.418055" elapsed="0.012797"/>
</kw>
<kw name="Wait Until Location Contains" owner="SeleniumLibrary">
<arg>/profil</arg>
<arg>timeout=20s</arg>
<doc>Waits until the current URL contains ``expected``.</doc>
<status status="PASS" start="2026-04-24T20:52:59.431315" elapsed="3.905224"/>
</kw>
<status status="PASS" start="2026-04-24T20:52:58.617379" elapsed="4.719350"/>
</kw>
<kw name="Navigate To New Post Page" owner="resources">
<kw name="Go To" owner="SeleniumLibrary">
<msg time="2026-04-24T20:53:03.337725" level="INFO">Opening url 'http://localhost:5173/newpost'</msg>
<arg>${URL}/newpost</arg>
<doc>Navigates the current browser window to the provided ``url``.</doc>
<status status="PASS" start="2026-04-24T20:53:03.337524" elapsed="0.235547"/>
</kw>
<kw name="Wait Until Element Is Visible" owner="SeleniumLibrary">
<arg>${POST_TITLE_INPUT}</arg>
<arg>timeout=10s</arg>
<doc>Waits until the element ``locator`` is visible.</doc>
<status status="PASS" start="2026-04-24T20:53:03.573513" elapsed="0.953209"/>
</kw>
<status status="PASS" start="2026-04-24T20:53:03.337123" elapsed="1.189889"/>
</kw>
<kw name="Click Element" owner="SeleniumLibrary">
<msg time="2026-04-24T20:53:04.528148" level="INFO">Clicking element 'xpath://button[contains(.,"Mentés piszkozatként")]'.</msg>
<arg>${DRAFT_BTN}</arg>
<doc>Click the element identified by ``locator``.</doc>
<status status="PASS" start="2026-04-24T20:53:04.527497" elapsed="0.086125"/>
</kw>
<kw name="Notification Should Be Warning" owner="resources">
<kw name="Wait Until Element Is Visible" owner="SeleniumLibrary">
<arg>${NOTIFICATION}</arg>
<arg>timeout=8s</arg>
<doc>Waits until the element ``locator`` is visible.</doc>
<status status="PASS" start="2026-04-24T20:53:04.614833" elapsed="1.677888"/>
</kw>
<kw name="Get Element Attribute" owner="SeleniumLibrary">
<msg time="2026-04-24T20:53:06.307112" level="INFO">${classes} = notification warn</msg>
<var>${classes}</var>
<arg>${NOTIFICATION}</arg>
<arg>class</arg>
<doc>Returns the value of ``attribute`` from the element ``locator``.</doc>
<status status="PASS" start="2026-04-24T20:53:06.292968" elapsed="0.014540"/>
</kw>
<kw name="Should Contain" owner="BuiltIn">
<arg>${classes}</arg>
<arg>warn</arg>
<doc>Fails if ``container`` does not contain ``item`` one or more times.</doc>
<status status="PASS" start="2026-04-24T20:53:06.307764" elapsed="0.000843"/>
</kw>
<status status="PASS" start="2026-04-24T20:53:04.614254" elapsed="1.694502"/>
</kw>
<kw name="Close Browser Session" owner="resources" type="TEARDOWN">
<kw name="Close Browser" owner="SeleniumLibrary">
<doc>Closes the current browser.</doc>
<status status="PASS" start="2026-04-24T20:53:06.309685" elapsed="2.325110"/>
</kw>
<status status="PASS" start="2026-04-24T20:53:06.309229" elapsed="2.325768"/>
</kw>
<doc>Ha kötelező mezők üresek és a piszkozat gombra kattintanak, figyelmeztető üzenet jelenik meg.</doc>
<status status="PASS" start="2026-04-24T20:52:55.831632" elapsed="12.803646"/>
</test>
<test id="s1-s1-s1-t5" name="New Post Title Field Accepts Text Input" line="51">
<kw name="Open Registration Page" owner="resources" type="SETUP">
<kw name="Open Browser" owner="SeleniumLibrary">
<msg time="2026-04-24T20:53:08.654657" level="INFO">Opening browser 'Chrome' to base url 'http://localhost:5173'.</msg>
<arg>${URL}</arg>
<arg>${BROWSER}</arg>
<doc>Opens a new browser instance to the optional ``url``.</doc>
<status status="PASS" start="2026-04-24T20:53:08.654173" elapsed="1.406089"/>
</kw>
<kw name="Maximize Browser Window" owner="SeleniumLibrary">
<doc>Maximizes current browser window.</doc>
<status status="PASS" start="2026-04-24T20:53:10.060662" elapsed="0.028704"/>
</kw>
<kw name="Wait Until Element Is Visible" owner="SeleniumLibrary">
<arg>//header//nav//a[7]</arg>
<doc>Waits until the element ``locator`` is visible.</doc>
<status status="PASS" start="2026-04-24T20:53:10.089960" elapsed="0.986671"/>
</kw>
<kw name="Click Element" owner="SeleniumLibrary">
<msg time="2026-04-24T20:53:11.077518" level="INFO">Clicking element '//header//nav//a[7]'.</msg>
<arg>//header//nav//a[7]</arg>
<doc>Click the element identified by ``locator``.</doc>
<status status="PASS" start="2026-04-24T20:53:11.077033" elapsed="0.099012"/>
</kw>
<status status="PASS" start="2026-04-24T20:53:08.653301" elapsed="2.523091"/>
</kw>
<kw name="Login As Test User" owner="resources">
<kw name="Switch To Login" owner="resources">
<kw name="Run Keyword And Return Status" owner="BuiltIn">
<kw name="Element Should Be Visible" owner="SeleniumLibrary">
<msg time="2026-04-24T20:53:11.217349" level="INFO">Element 'xpath://h2[contains(.,"Fiók készítése")]' is displayed.</msg>
<arg>xpath://h2[contains(.,"Fiók készítése")]</arg>
<doc>Verifies that the element identified by ``locator`` is visible.</doc>
<status status="PASS" start="2026-04-24T20:53:11.178801" elapsed="0.038883"/>
</kw>
<msg time="2026-04-24T20:53:11.217909" level="INFO">${reg_visible} = True</msg>
<var>${reg_visible}</var>
<arg>Element Should Be Visible</arg>
<arg>xpath://h2[contains(.,"Fiók készítése")]</arg>
<doc>Runs the specified keyword and returns the status as a Boolean value.</doc>
<status status="PASS" start="2026-04-24T20:53:11.178298" elapsed="0.040120"/>
</kw>
<kw name="Run Keyword If" owner="BuiltIn">
<kw name="Click Button" owner="SeleniumLibrary">
<msg time="2026-04-24T20:53:11.220985" level="INFO">Clicking button 'xpath://button[contains(.,"Bejelentkezés")]'.</msg>
<arg>xpath://button[contains(.,"Bejelentkezés")]</arg>
<doc>Clicks the button identified by ``locator``.</doc>
<status status="PASS" start="2026-04-24T20:53:11.220127" elapsed="0.107458"/>
</kw>
<arg>${reg_visible}</arg>
<arg>Click Button</arg>
<arg>xpath://button[contains(.,"Bejelentkezés")]</arg>
<doc>Runs the given keyword with the given arguments, if ``condition`` is true.</doc>
<status status="PASS" start="2026-04-24T20:53:11.218795" elapsed="0.109051"/>
</kw>
<kw name="Wait Until Element Is Visible" owner="SeleniumLibrary">
<arg>xpath://h2[contains(.,"Lépj be a fiókodba")]</arg>
<arg>timeout=5s</arg>
<doc>Waits until the element ``locator`` is visible.</doc>
<status status="PASS" start="2026-04-24T20:53:11.328151" elapsed="0.024466"/>
</kw>
<kw name="Wait Until Element Is Visible" owner="SeleniumLibrary">
<arg>name:email</arg>
<arg>timeout=5s</arg>
<doc>Waits until the element ``locator`` is visible.</doc>
<status status="PASS" start="2026-04-24T20:53:11.352862" elapsed="0.076153"/>
</kw>
<status status="PASS" start="2026-04-24T20:53:11.177771" elapsed="0.251641"/>
</kw>
<kw name="Fill Login Form" owner="resources">
<kw name="Wait Until Element Is Visible" owner="SeleniumLibrary">
<arg>xpath=//div[contains(@class,"b-container")]//input[@name="email"]</arg>
<arg>timeout=5s</arg>
<doc>Waits until the element ``locator`` is visible.</doc>
<status status="PASS" start="2026-04-24T20:53:11.430961" elapsed="0.044980"/>
</kw>
<kw name="Input Text" owner="SeleniumLibrary">
<msg time="2026-04-24T20:53:11.476887" level="INFO">Typing text 'test@example.com' into text field 'xpath=//div[contains(@class,"b-container")]//input[@name="email"]'.</msg>
<arg>xpath=//div[contains(@class,"b-container")]//input[@name="email"]</arg>
<arg>${email}</arg>
<doc>Types the given ``text`` into the text field identified by ``locator``.</doc>
<status status="PASS" start="2026-04-24T20:53:11.476296" elapsed="0.171369"/>
</kw>
<kw name="Input Password" owner="SeleniumLibrary">
<msg time="2026-04-24T20:53:11.649016" level="INFO">Typing password into text field 'xpath=//div[contains(@class,"b-container")]//input[@name="password"]'.</msg>
<msg time="2026-04-24T20:53:11.719459" level="INFO">Temporally setting log level to: NONE</msg>
<arg>xpath=//div[contains(@class,"b-container")]//input[@name="password"]</arg>
<arg>${password}</arg>
<doc>Types the given password into the text field identified by ``locator``.</doc>
<status status="PASS" start="2026-04-24T20:53:11.647990" elapsed="0.158519"/>
</kw>
<arg>test@example.com</arg>
<arg>Alma12345678.</arg>
<status status="PASS" start="2026-04-24T20:53:11.429756" elapsed="0.376975"/>
</kw>
<kw name="Execute Javascript" owner="SeleniumLibrary">
<msg time="2026-04-24T20:53:11.807807" level="INFO">Executing JavaScript:
document.querySelector('.b-container button[type="submit"]').click()
Without any arguments.</msg>
<arg>document.querySelector('.b-container button[type="submit"]').click()</arg>
<doc>Executes the given JavaScript code with possible arguments.</doc>
<status status="PASS" start="2026-04-24T20:53:11.806969" elapsed="0.012842"/>
</kw>
<kw name="Wait Until Location Contains" owner="SeleniumLibrary">
<arg>/profil</arg>
<arg>timeout=20s</arg>
<doc>Waits until the current URL contains ``expected``.</doc>
<status status="PASS" start="2026-04-24T20:53:11.820197" elapsed="3.695492"/>
</kw>
<status status="PASS" start="2026-04-24T20:53:11.177099" elapsed="4.338778"/>
</kw>
<kw name="Navigate To New Post Page" owner="resources">
<kw name="Go To" owner="SeleniumLibrary">
<msg time="2026-04-24T20:53:15.516894" level="INFO">Opening url 'http://localhost:5173/newpost'</msg>
<arg>${URL}/newpost</arg>
<doc>Navigates the current browser window to the provided ``url``.</doc>
<status status="PASS" start="2026-04-24T20:53:15.516672" elapsed="0.247463"/>
</kw>
<kw name="Wait Until Element Is Visible" owner="SeleniumLibrary">
<arg>${POST_TITLE_INPUT}</arg>
<arg>timeout=10s</arg>
<doc>Waits until the element ``locator`` is visible.</doc>
<status status="PASS" start="2026-04-24T20:53:15.764537" elapsed="0.921333"/>
</kw>
<status status="PASS" start="2026-04-24T20:53:15.516258" elapsed="1.169868"/>
</kw>
<kw name="Fill Post Title" owner="resources">
<kw name="Clear Element Text" owner="SeleniumLibrary">
<arg>${POST_TITLE_INPUT}</arg>
<doc>Clears the value of the text-input-element identified by ``locator``.</doc>
<status status="PASS" start="2026-04-24T20:53:16.687523" elapsed="0.037327"/>
</kw>
<kw name="Input Text" owner="SeleniumLibrary">
<msg time="2026-04-24T20:53:16.726057" level="INFO">Typing text 'Ez egy teszt bejegyzés' into text field 'id:postTitle'.</msg>
<arg>${POST_TITLE_INPUT}</arg>
<arg>${title}</arg>
<doc>Types the given ``text`` into the text field identified by ``locator``.</doc>
<status status="PASS" start="2026-04-24T20:53:16.725367" elapsed="0.127141"/>
</kw>
<arg>Ez egy teszt bejegyzés</arg>
<status status="PASS" start="2026-04-24T20:53:16.686773" elapsed="0.166050"/>
</kw>
<kw name="Execute Javascript" owner="SeleniumLibrary">
<msg time="2026-04-24T20:53:16.853980" level="INFO">Executing JavaScript:
return document.getElementById('postTitle').value
Without any arguments.</msg>
<msg time="2026-04-24T20:53:16.863988" level="INFO">${value} = Ez egy teszt bejegyzés</msg>
<var>${value}</var>
<arg>return document.getElementById('postTitle').value</arg>
<doc>Executes the given JavaScript code with possible arguments.</doc>
<status status="PASS" start="2026-04-24T20:53:16.853280" elapsed="0.010946"/>
</kw>
<kw name="Should Be Equal" owner="BuiltIn">
<arg>${value}</arg>
<arg>Ez egy teszt bejegyzés</arg>
<doc>Fails if the given objects are unequal.</doc>
<status status="PASS" start="2026-04-24T20:53:16.864837" elapsed="0.000950"/>
</kw>
<kw name="Close Browser Session" owner="resources" type="TEARDOWN">
<kw name="Close Browser" owner="SeleniumLibrary">
<doc>Closes the current browser.</doc>
<status status="PASS" start="2026-04-24T20:53:16.867486" elapsed="2.340538"/>
</kw>
<status status="PASS" start="2026-04-24T20:53:16.866689" elapsed="2.341584"/>
</kw>
<doc>A cím mező elfogad szöveges bevitelt.</doc>
<status status="PASS" start="2026-04-24T20:53:08.640403" elapsed="10.568132"/>
</test>
<test id="s1-s1-s1-t6" name="New Post Title Field Is Clearable" line="59">
<kw name="Open Registration Page" owner="resources" type="SETUP">
<kw name="Open Browser" owner="SeleniumLibrary">
<msg time="2026-04-24T20:53:19.222786" level="INFO">Opening browser 'Chrome' to base url 'http://localhost:5173'.</msg>
<arg>${URL}</arg>
<arg>${BROWSER}</arg>
<doc>Opens a new browser instance to the optional ``url``.</doc>
<status status="PASS" start="2026-04-24T20:53:19.222185" elapsed="1.449004"/>
</kw>
<kw name="Maximize Browser Window" owner="SeleniumLibrary">
<doc>Maximizes current browser window.</doc>
<status status="PASS" start="2026-04-24T20:53:20.671599" elapsed="0.037572"/>
</kw>
<kw name="Wait Until Element Is Visible" owner="SeleniumLibrary">
<arg>//header//nav//a[7]</arg>
<doc>Waits until the element ``locator`` is visible.</doc>
<status status="PASS" start="2026-04-24T20:53:20.709487" elapsed="1.064798"/>
</kw>
<kw name="Click Element" owner="SeleniumLibrary">
<msg time="2026-04-24T20:53:21.774892" level="INFO">Clicking element '//header//nav//a[7]'.</msg>
<arg>//header//nav//a[7]</arg>
<doc>Click the element identified by ``locator``.</doc>
<status status="PASS" start="2026-04-24T20:53:21.774535" elapsed="0.116302"/>
</kw>
<status status="PASS" start="2026-04-24T20:53:19.221587" elapsed="2.669650"/>
</kw>
<kw name="Login As Test User" owner="resources">
<kw name="Switch To Login" owner="resources">
<kw name="Run Keyword And Return Status" owner="BuiltIn">
<kw name="Element Should Be Visible" owner="SeleniumLibrary">
<msg time="2026-04-24T20:53:21.926654" level="INFO">Element 'xpath://h2[contains(.,"Fiók készítése")]' is displayed.</msg>
<arg>xpath://h2[contains(.,"Fiók készítése")]</arg>
<doc>Verifies that the element identified by ``locator`` is visible.</doc>
<status status="PASS" start="2026-04-24T20:53:21.898620" elapsed="0.028401"/>
</kw>
<msg time="2026-04-24T20:53:21.927424" level="INFO">${reg_visible} = True</msg>
<var>${reg_visible}</var>
<arg>Element Should Be Visible</arg>
<arg>xpath://h2[contains(.,"Fiók készítése")]</arg>
<doc>Runs the specified keyword and returns the status as a Boolean value.</doc>
<status status="PASS" start="2026-04-24T20:53:21.897665" elapsed="0.030152"/>
</kw>
<kw name="Run Keyword If" owner="BuiltIn">
<kw name="Click Button" owner="SeleniumLibrary">
<msg time="2026-04-24T20:53:21.931028" level="INFO">Clicking button 'xpath://button[contains(.,"Bejelentkezés")]'.</msg>
<arg>xpath://button[contains(.,"Bejelentkezés")]</arg>
<doc>Clicks the button identified by ``locator``.</doc>
<status status="PASS" start="2026-04-24T20:53:21.930133" elapsed="0.126599"/>
</kw>
<arg>${reg_visible}</arg>
<arg>Click Button</arg>
<arg>xpath://button[contains(.,"Bejelentkezés")]</arg>
<doc>Runs the given keyword with the given arguments, if ``condition`` is true.</doc>
<status status="PASS" start="2026-04-24T20:53:21.928217" elapsed="0.128762"/>
</kw>
<kw name="Wait Until Element Is Visible" owner="SeleniumLibrary">
<arg>xpath://h2[contains(.,"Lépj be a fiókodba")]</arg>
<arg>timeout=5s</arg>
<doc>Waits until the element ``locator`` is visible.</doc>
<status status="PASS" start="2026-04-24T20:53:22.057237" elapsed="0.113703"/>
</kw>
<kw name="Wait Until Element Is Visible" owner="SeleniumLibrary">
<arg>name:email</arg>
<arg>timeout=5s</arg>
<doc>Waits until the element ``locator`` is visible.</doc>
<status status="PASS" start="2026-04-24T20:53:22.171361" elapsed="0.026294"/>
</kw>
<status status="PASS" start="2026-04-24T20:53:21.895934" elapsed="0.302182"/>
</kw>
<kw name="Fill Login Form" owner="resources">
<kw name="Wait Until Element Is Visible" owner="SeleniumLibrary">
<arg>xpath=//div[contains(@class,"b-container")]//input[@name="email"]</arg>
<arg>timeout=5s</arg>
<doc>Waits until the element ``locator`` is visible.</doc>
<status status="PASS" start="2026-04-24T20:53:22.199064" elapsed="0.026649"/>
</kw>
<kw name="Input Text" owner="SeleniumLibrary">
<msg time="2026-04-24T20:53:22.226634" level="INFO">Typing text 'test@example.com' into text field 'xpath=//div[contains(@class,"b-container")]//input[@name="email"]'.</msg>
<arg>xpath=//div[contains(@class,"b-container")]//input[@name="email"]</arg>
<arg>${email}</arg>
<doc>Types the given ``text`` into the text field identified by ``locator``.</doc>
<status status="PASS" start="2026-04-24T20:53:22.226094" elapsed="0.151612"/>
</kw>
<kw name="Input Password" owner="SeleniumLibrary">
<msg time="2026-04-24T20:53:22.378406" level="INFO">Typing password into text field 'xpath=//div[contains(@class,"b-container")]//input[@name="password"]'.</msg>
<msg time="2026-04-24T20:53:22.423736" level="INFO">Temporally setting log level to: NONE</msg>
<arg>xpath=//div[contains(@class,"b-container")]//input[@name="password"]</arg>
<arg>${password}</arg>
<doc>Types the given password into the text field identified by ``locator``.</doc>
<status status="PASS" start="2026-04-24T20:53:22.377996" elapsed="0.126956"/>
</kw>
<arg>test@example.com</arg>
<arg>Alma12345678.</arg>
<status status="PASS" start="2026-04-24T20:53:22.198453" elapsed="0.306914"/>
</kw>
<kw name="Execute Javascript" owner="SeleniumLibrary">
<msg time="2026-04-24T20:53:22.506918" level="INFO">Executing JavaScript:
document.querySelector('.b-container button[type="submit"]').click()
Without any arguments.</msg>
<arg>document.querySelector('.b-container button[type="submit"]').click()</arg>
<doc>Executes the given JavaScript code with possible arguments.</doc>
<status status="PASS" start="2026-04-24T20:53:22.505893" elapsed="0.011607"/>
</kw>
<kw name="Wait Until Location Contains" owner="SeleniumLibrary">
<arg>/profil</arg>
<arg>timeout=20s</arg>
<doc>Waits until the current URL contains ``expected``.</doc>
<status status="PASS" start="2026-04-24T20:53:22.517766" elapsed="3.692694"/>
</kw>
<status status="PASS" start="2026-04-24T20:53:21.893052" elapsed="4.317738"/>
</kw>
<kw name="Navigate To New Post Page" owner="resources">
<kw name="Go To" owner="SeleniumLibrary">
<msg time="2026-04-24T20:53:26.212017" level="INFO">Opening url 'http://localhost:5173/newpost'</msg>
<arg>${URL}/newpost</arg>
<doc>Navigates the current browser window to the provided ``url``.</doc>
<status status="PASS" start="2026-04-24T20:53:26.211746" elapsed="0.245461"/>
</kw>
<kw name="Wait Until Element Is Visible" owner="SeleniumLibrary">
<arg>${POST_TITLE_INPUT}</arg>
<arg>timeout=10s</arg>
<doc>Waits until the element ``locator`` is visible.</doc>
<status status="PASS" start="2026-04-24T20:53:26.457577" elapsed="0.872365"/>
</kw>
<status status="PASS" start="2026-04-24T20:53:26.211236" elapsed="1.118967"/>
</kw>
<kw name="Fill Post Title" owner="resources">
<kw name="Clear Element Text" owner="SeleniumLibrary">
<arg>${POST_TITLE_INPUT}</arg>
<doc>Clears the value of the text-input-element identified by ``locator``.</doc>
<status status="PASS" start="2026-04-24T20:53:27.331521" elapsed="0.034449"/>
</kw>
<kw name="Input Text" owner="SeleniumLibrary">
<msg time="2026-04-24T20:53:27.366638" level="INFO">Typing text 'Eredeti cím' into text field 'id:postTitle'.</msg>
<arg>${POST_TITLE_INPUT}</arg>
<arg>${title}</arg>
<doc>Types the given ``text`` into the text field identified by ``locator``.</doc>
<status status="PASS" start="2026-04-24T20:53:27.366234" elapsed="0.097189"/>
</kw>
<arg>Eredeti cím</arg>
<status status="PASS" start="2026-04-24T20:53:27.330796" elapsed="0.132881"/>
</kw>
<kw name="Fill Post Title" owner="resources">
<kw name="Clear Element Text" owner="SeleniumLibrary">
<arg>${POST_TITLE_INPUT}</arg>
<doc>Clears the value of the text-input-element identified by ``locator``.</doc>
<status status="PASS" start="2026-04-24T20:53:27.464892" elapsed="0.044318"/>
</kw>
<kw name="Input Text" owner="SeleniumLibrary">
<msg time="2026-04-24T20:53:27.509931" level="INFO">Typing text 'Új cím' into text field 'id:postTitle'.</msg>
<arg>${POST_TITLE_INPUT}</arg>
<arg>${title}</arg>
<doc>Types the given ``text`` into the text field identified by ``locator``.</doc>
<status status="PASS" start="2026-04-24T20:53:27.509507" elapsed="0.093802"/>
</kw>
<arg>Új cím</arg>
<status status="PASS" start="2026-04-24T20:53:27.464229" elapsed="0.139386"/>
</kw>
<kw name="Execute Javascript" owner="SeleniumLibrary">
<msg time="2026-04-24T20:53:27.604726" level="INFO">Executing JavaScript:
return document.getElementById('postTitle').value
Without any arguments.</msg>
<msg time="2026-04-24T20:53:27.611811" level="INFO">${value} = Új cím</msg>
<var>${value}</var>
<arg>return document.getElementById('postTitle').value</arg>
<doc>Executes the given JavaScript code with possible arguments.</doc>
<status status="PASS" start="2026-04-24T20:53:27.604121" elapsed="0.008110"/>
</kw>
<kw name="Should Be Equal" owner="BuiltIn">
<arg>${value}</arg>
<arg>Új cím</arg>
<doc>Fails if the given objects are unequal.</doc>
<status status="PASS" start="2026-04-24T20:53:27.612760" elapsed="0.000740"/>
</kw>
<kw name="Close Browser Session" owner="resources" type="TEARDOWN">
<kw name="Close Browser" owner="SeleniumLibrary">
<doc>Closes the current browser.</doc>
<status status="PASS" start="2026-04-24T20:53:27.614730" elapsed="2.338663"/>
</kw>
<status status="PASS" start="2026-04-24T20:53:27.614162" elapsed="2.339425"/>
</kw>
<doc>A cím mező törölhető és új értékkel felülírható.</doc>
<status status="PASS" start="2026-04-24T20:53:19.213931" elapsed="10.739939"/>
</test>
<test id="s1-s1-s1-t7" name="New Post Subtext Field Accepts Text" line="72">
<kw name="Open Registration Page" owner="resources" type="SETUP">
<kw name="Open Browser" owner="SeleniumLibrary">
<msg time="2026-04-24T20:53:29.969183" level="INFO">Opening browser 'Chrome' to base url 'http://localhost:5173'.</msg>
<arg>${URL}</arg>
<arg>${BROWSER}</arg>
<doc>Opens a new browser instance to the optional ``url``.</doc>
<status status="PASS" start="2026-04-24T20:53:29.968830" elapsed="1.326680"/>
</kw>
<kw name="Maximize Browser Window" owner="SeleniumLibrary">
<doc>Maximizes current browser window.</doc>
<status status="PASS" start="2026-04-24T20:53:31.296097" elapsed="0.033011"/>
</kw>
<kw name="Wait Until Element Is Visible" owner="SeleniumLibrary">
<arg>//header//nav//a[7]</arg>
<doc>Waits until the element ``locator`` is visible.</doc>
<status status="PASS" start="2026-04-24T20:53:31.329359" elapsed="0.970231"/>
</kw>
<kw name="Click Element" owner="SeleniumLibrary">
<msg time="2026-04-24T20:53:32.300216" level="INFO">Clicking element '//header//nav//a[7]'.</msg>
<arg>//header//nav//a[7]</arg>
<doc>Click the element identified by ``locator``.</doc>
<status status="PASS" start="2026-04-24T20:53:32.299851" elapsed="0.097211"/>
</kw>
<status status="PASS" start="2026-04-24T20:53:29.968299" elapsed="2.428959"/>
</kw>
<kw name="Login As Test User" owner="resources">
<kw name="Switch To Login" owner="resources">
<kw name="Run Keyword And Return Status" owner="BuiltIn">
<kw name="Element Should Be Visible" owner="SeleniumLibrary">
<msg time="2026-04-24T20:53:32.432569" level="INFO">Element 'xpath://h2[contains(.,"Fiók készítése")]' is displayed.</msg>
<arg>xpath://h2[contains(.,"Fiók készítése")]</arg>
<doc>Verifies that the element identified by ``locator`` is visible.</doc>
<status status="PASS" start="2026-04-24T20:53:32.398832" elapsed="0.034603"/>
</kw>
<msg time="2026-04-24T20:53:32.433877" level="INFO">${reg_visible} = True</msg>
<var>${reg_visible}</var>
<arg>Element Should Be Visible</arg>
<arg>xpath://h2[contains(.,"Fiók készítése")]</arg>
<doc>Runs the specified keyword and returns the status as a Boolean value.</doc>
<status status="PASS" start="2026-04-24T20:53:32.398351" elapsed="0.036387"/>
</kw>
<kw name="Run Keyword If" owner="BuiltIn">
<kw name="Click Button" owner="SeleniumLibrary">
<msg time="2026-04-24T20:53:32.437462" level="INFO">Clicking button 'xpath://button[contains(.,"Bejelentkezés")]'.</msg>
<arg>xpath://button[contains(.,"Bejelentkezés")]</arg>
<doc>Clicks the button identified by ``locator``.</doc>
<status status="PASS" start="2026-04-24T20:53:32.436793" elapsed="0.108210"/>
</kw>
<arg>${reg_visible}</arg>
<arg>Click Button</arg>
<arg>xpath://button[contains(.,"Bejelentkezés")]</arg>
<doc>Runs the given keyword with the given arguments, if ``condition`` is true.</doc>
<status status="PASS" start="2026-04-24T20:53:32.435358" elapsed="0.109927"/>
</kw>
<kw name="Wait Until Element Is Visible" owner="SeleniumLibrary">
<arg>xpath://h2[contains(.,"Lépj be a fiókodba")]</arg>
<arg>timeout=5s</arg>
<doc>Waits until the element ``locator`` is visible.</doc>
<status status="PASS" start="2026-04-24T20:53:32.545516" elapsed="0.023327"/>
</kw>
<kw name="Wait Until Element Is Visible" owner="SeleniumLibrary">
<arg>name:email</arg>
<arg>timeout=5s</arg>
<doc>Waits until the element ``locator`` is visible.</doc>
<status status="PASS" start="2026-04-24T20:53:32.569556" elapsed="0.020712"/>
</kw>
<status status="PASS" start="2026-04-24T20:53:32.398028" elapsed="0.192526"/>
</kw>
<kw name="Fill Login Form" owner="resources">
<kw name="Wait Until Element Is Visible" owner="SeleniumLibrary">
<arg>xpath=//div[contains(@class,"b-container")]//input[@name="email"]</arg>
<arg>timeout=5s</arg>
<doc>Waits until the element ``locator`` is visible.</doc>
<status status="PASS" start="2026-04-24T20:53:32.591240" elapsed="0.020391"/>
</kw>
<kw name="Input Text" owner="SeleniumLibrary">
<msg time="2026-04-24T20:53:32.612314" level="INFO">Typing text 'test@example.com' into text field 'xpath=//div[contains(@class,"b-container")]//input[@name="email"]'.</msg>
<arg>xpath=//div[contains(@class,"b-container")]//input[@name="email"]</arg>
<arg>${email}</arg>
<doc>Types the given ``text`` into the text field identified by ``locator``.</doc>
<status status="PASS" start="2026-04-24T20:53:32.611897" elapsed="0.167731"/>
</kw>
<kw name="Input Password" owner="SeleniumLibrary">
<msg time="2026-04-24T20:53:32.780317" level="INFO">Typing password into text field 'xpath=//div[contains(@class,"b-container")]//input[@name="password"]'.</msg>
<msg time="2026-04-24T20:53:32.819724" level="INFO">Temporally setting log level to: NONE</msg>
<arg>xpath=//div[contains(@class,"b-container")]//input[@name="password"]</arg>
<arg>${password}</arg>
<doc>Types the given password into the text field identified by ``locator``.</doc>
<status status="PASS" start="2026-04-24T20:53:32.779884" elapsed="0.142136"/>
</kw>
<arg>test@example.com</arg>
<arg>Alma12345678.</arg>
<status status="PASS" start="2026-04-24T20:53:32.590780" elapsed="0.331457"/>
</kw>
<kw name="Execute Javascript" owner="SeleniumLibrary">
<msg time="2026-04-24T20:53:32.922975" level="INFO">Executing JavaScript:
document.querySelector('.b-container button[type="submit"]').click()
Without any arguments.</msg>
<arg>document.querySelector('.b-container button[type="submit"]').click()</arg>
<doc>Executes the given JavaScript code with possible arguments.</doc>
<status status="PASS" start="2026-04-24T20:53:32.922423" elapsed="0.012538"/>
</kw>
<kw name="Wait Until Location Contains" owner="SeleniumLibrary">
<arg>/profil</arg>
<arg>timeout=20s</arg>
<doc>Waits until the current URL contains ``expected``.</doc>
<status status="PASS" start="2026-04-24T20:53:32.935315" elapsed="3.900806"/>
</kw>
<status status="PASS" start="2026-04-24T20:53:32.397612" elapsed="4.438874"/>
</kw>
<kw name="Navigate To New Post Page" owner="resources">
<kw name="Go To" owner="SeleniumLibrary">
<msg time="2026-04-24T20:53:36.837786" level="INFO">Opening url 'http://localhost:5173/newpost'</msg>
<arg>${URL}/newpost</arg>
<doc>Navigates the current browser window to the provided ``url``.</doc>
<status status="PASS" start="2026-04-24T20:53:36.837546" elapsed="0.266497"/>
</kw>
<kw name="Wait Until Element Is Visible" owner="SeleniumLibrary">
<arg>${POST_TITLE_INPUT}</arg>
<arg>timeout=10s</arg>
<doc>Waits until the element ``locator`` is visible.</doc>
<status status="PASS" start="2026-04-24T20:53:37.104410" elapsed="0.907693"/>
</kw>
<status status="PASS" start="2026-04-24T20:53:36.837057" elapsed="1.175273"/>
</kw>
<kw name="Fill Post Subtext" owner="resources">
<kw name="Input Text" owner="SeleniumLibrary">
<msg time="2026-04-24T20:53:38.013968" level="INFO">Typing text 'Ez egy rövid leírás a poszthoz' into text field 'id:postSubtext'.</msg>
<arg>${POST_SUBTEXT_INPUT}</arg>
<arg>${subtext}</arg>
<doc>Types the given ``text`` into the text field identified by ``locator``.</doc>
<status status="PASS" start="2026-04-24T20:53:38.013565" elapsed="0.136882"/>
</kw>
<arg>Ez egy rövid leírás a poszthoz</arg>
<status status="PASS" start="2026-04-24T20:53:38.012872" elapsed="0.137924"/>
</kw>
<kw name="Execute Javascript" owner="SeleniumLibrary">
<msg time="2026-04-24T20:53:38.152253" level="INFO">Executing JavaScript:
return document.getElementById('postSubtext').value
Without any arguments.</msg>
<msg time="2026-04-24T20:53:38.159893" level="INFO">${value} = Ez egy rövid leírás a poszthoz</msg>
<var>${value}</var>
<arg>return document.getElementById('postSubtext').value</arg>
<doc>Executes the given JavaScript code with possible arguments.</doc>
<status status="PASS" start="2026-04-24T20:53:38.151410" elapsed="0.008818"/>
</kw>
<kw name="Should Be Equal" owner="BuiltIn">
<arg>${value}</arg>
<arg>Ez egy rövid leírás a poszthoz</arg>
<doc>Fails if the given objects are unequal.</doc>
<status status="PASS" start="2026-04-24T20:53:38.160862" elapsed="0.000818"/>
</kw>
<kw name="Close Browser Session" owner="resources" type="TEARDOWN">
<kw name="Close Browser" owner="SeleniumLibrary">
<doc>Closes the current browser.</doc>
<status status="PASS" start="2026-04-24T20:53:38.162714" elapsed="2.351012"/>
</kw>
<status status="PASS" start="2026-04-24T20:53:38.162183" elapsed="2.351830"/>
</kw>
<doc>A rövid leírás mező elfogad szöveges bevitelt.</doc>
<status status="PASS" start="2026-04-24T20:53:29.959601" elapsed="10.554737"/>
</test>
<test id="s1-s1-s1-t8" name="New Post Subtext Is Optional" line="80">
<kw name="Open Registration Page" owner="resources" type="SETUP">
<kw name="Open Browser" owner="SeleniumLibrary">
<msg time="2026-04-24T20:53:40.532789" level="INFO">Opening browser 'Chrome' to base url 'http://localhost:5173'.</msg>
<arg>${URL}</arg>
<arg>${BROWSER}</arg>
<doc>Opens a new browser instance to the optional ``url``.</doc>
<status status="PASS" start="2026-04-24T20:53:40.532433" elapsed="1.331755"/>
</kw>
<kw name="Maximize Browser Window" owner="SeleniumLibrary">
<doc>Maximizes current browser window.</doc>
<status status="PASS" start="2026-04-24T20:53:41.864648" elapsed="0.031677"/>
</kw>
<kw name="Wait Until Element Is Visible" owner="SeleniumLibrary">
<arg>//header//nav//a[7]</arg>
<doc>Waits until the element ``locator`` is visible.</doc>
<status status="PASS" start="2026-04-24T20:53:41.896633" elapsed="1.064156"/>
</kw>
<kw name="Click Element" owner="SeleniumLibrary">
<msg time="2026-04-24T20:53:42.961459" level="INFO">Clicking element '//header//nav//a[7]'.</msg>
<arg>//header//nav//a[7]</arg>
<doc>Click the element identified by ``locator``.</doc>
<status status="PASS" start="2026-04-24T20:53:42.961079" elapsed="0.142393"/>
</kw>
<status status="PASS" start="2026-04-24T20:53:40.531978" elapsed="2.571898"/>
</kw>
<kw name="Login As Test User" owner="resources">
<kw name="Switch To Login" owner="resources">
<kw name="Run Keyword And Return Status" owner="BuiltIn">
<kw name="Element Should Be Visible" owner="SeleniumLibrary">
<msg time="2026-04-24T20:53:43.140883" level="INFO">Element 'xpath://h2[contains(.,"Fiók készítése")]' is displayed.</msg>
<arg>xpath://h2[contains(.,"Fiók készítése")]</arg>
<doc>Verifies that the element identified by ``locator`` is visible.</doc>
<status status="PASS" start="2026-04-24T20:53:43.106753" elapsed="0.034981"/>
</kw>
<msg time="2026-04-24T20:53:43.142088" level="INFO">${reg_visible} = True</msg>
<var>${reg_visible}</var>
<arg>Element Should Be Visible</arg>
<arg>xpath://h2[contains(.,"Fiók készítése")]</arg>
<doc>Runs the specified keyword and returns the status as a Boolean value.</doc>
<status status="PASS" start="2026-04-24T20:53:43.105800" elapsed="0.036585"/>
</kw>
<kw name="Run Keyword If" owner="BuiltIn">
<kw name="Click Button" owner="SeleniumLibrary">
<msg time="2026-04-24T20:53:43.144021" level="INFO">Clicking button 'xpath://button[contains(.,"Bejelentkezés")]'.</msg>
<arg>xpath://button[contains(.,"Bejelentkezés")]</arg>
<doc>Clicks the button identified by ``locator``.</doc>
<status status="PASS" start="2026-04-24T20:53:43.143582" elapsed="0.145302"/>
</kw>
<arg>${reg_visible}</arg>
<arg>Click Button</arg>
<arg>xpath://button[contains(.,"Bejelentkezés")]</arg>
<doc>Runs the given keyword with the given arguments, if ``condition`` is true.</doc>
<status status="PASS" start="2026-04-24T20:53:43.142751" elapsed="0.146606"/>
</kw>
<kw name="Wait Until Element Is Visible" owner="SeleniumLibrary">
<arg>xpath://h2[contains(.,"Lépj be a fiókodba")]</arg>
<arg>timeout=5s</arg>
<doc>Waits until the element ``locator`` is visible.</doc>
<status status="PASS" start="2026-04-24T20:53:43.289794" elapsed="0.027292"/>
</kw>
<kw name="Wait Until Element Is Visible" owner="SeleniumLibrary">
<arg>name:email</arg>
<arg>timeout=5s</arg>
<doc>Waits until the element ``locator`` is visible.</doc>
<status status="PASS" start="2026-04-24T20:53:43.317372" elapsed="0.017398"/>
</kw>
<status status="PASS" start="2026-04-24T20:53:43.105208" elapsed="0.229776"/>
</kw>
<kw name="Fill Login Form" owner="resources">
<kw name="Wait Until Element Is Visible" owner="SeleniumLibrary">
<arg>xpath=//div[contains(@class,"b-container")]//input[@name="email"]</arg>
<arg>timeout=5s</arg>
<doc>Waits until the element ``locator`` is visible.</doc>
<status status="PASS" start="2026-04-24T20:53:43.335890" elapsed="0.020236"/>
</kw>
<kw name="Input Text" owner="SeleniumLibrary">
<msg time="2026-04-24T20:53:43.357372" level="INFO">Typing text 'test@example.com' into text field 'xpath=//div[contains(@class,"b-container")]//input[@name="email"]'.</msg>
<arg>xpath=//div[contains(@class,"b-container")]//input[@name="email"]</arg>
<arg>${email}</arg>
<doc>Types the given ``text`` into the text field identified by ``locator``.</doc>
<status status="PASS" start="2026-04-24T20:53:43.356734" elapsed="0.169738"/>
</kw>
<kw name="Input Password" owner="SeleniumLibrary">
<msg time="2026-04-24T20:53:43.527227" level="INFO">Typing password into text field 'xpath=//div[contains(@class,"b-container")]//input[@name="password"]'.</msg>
<msg time="2026-04-24T20:53:43.582855" level="INFO">Temporally setting log level to: NONE</msg>
<arg>xpath=//div[contains(@class,"b-container")]//input[@name="password"]</arg>
<arg>${password}</arg>
<doc>Types the given password into the text field identified by ``locator``.</doc>
<status status="PASS" start="2026-04-24T20:53:43.526777" elapsed="0.138831"/>
</kw>
<arg>test@example.com</arg>
<arg>Alma12345678.</arg>
<status status="PASS" start="2026-04-24T20:53:43.335200" elapsed="0.330733"/>
</kw>
<kw name="Execute Javascript" owner="SeleniumLibrary">
<msg time="2026-04-24T20:53:43.666986" level="INFO">Executing JavaScript:
document.querySelector('.b-container button[type="submit"]').click()
Without any arguments.</msg>
<arg>document.querySelector('.b-container button[type="submit"]').click()</arg>
<doc>Executes the given JavaScript code with possible arguments.</doc>
<status status="PASS" start="2026-04-24T20:53:43.666216" elapsed="0.013114"/>
</kw>
<kw name="Wait Until Location Contains" owner="SeleniumLibrary">
<arg>/profil</arg>
<arg>timeout=20s</arg>
<doc>Waits until the current URL contains ``expected``.</doc>
<status status="PASS" start="2026-04-24T20:53:43.679613" elapsed="3.689202"/>
</kw>
<status status="PASS" start="2026-04-24T20:53:43.104514" elapsed="4.264496"/>
</kw>
<kw name="Navigate To New Post Page" owner="resources">
<kw name="Go To" owner="SeleniumLibrary">
<msg time="2026-04-24T20:53:47.369945" level="INFO">Opening url 'http://localhost:5173/newpost'</msg>
<arg>${URL}/newpost</arg>
<doc>Navigates the current browser window to the provided ``url``.</doc>
<status status="PASS" start="2026-04-24T20:53:47.369726" elapsed="0.257054"/>
</kw>
<kw name="Wait Until Element Is Visible" owner="SeleniumLibrary">
<arg>${POST_TITLE_INPUT}</arg>
<arg>timeout=10s</arg>
<doc>Waits until the element ``locator`` is visible.</doc>
<status status="PASS" start="2026-04-24T20:53:47.627368" elapsed="0.930646"/>
</kw>
<status status="PASS" start="2026-04-24T20:53:47.369350" elapsed="1.189038"/>
</kw>
<kw name="Fill Post Title" owner="resources">
<kw name="Clear Element Text" owner="SeleniumLibrary">
<arg>${POST_TITLE_INPUT}</arg>
<doc>Clears the value of the text-input-element identified by ``locator``.</doc>
<status status="PASS" start="2026-04-24T20:53:48.559911" elapsed="0.039349"/>
</kw>
<kw name="Input Text" owner="SeleniumLibrary">
<msg time="2026-04-24T20:53:48.600014" level="INFO">Typing text 'Teszt cím' into text field 'id:postTitle'.</msg>
<arg>${POST_TITLE_INPUT}</arg>
<arg>${title}</arg>
<doc>Types the given ``text`` into the text field identified by ``locator``.</doc>
<status status="PASS" start="2026-04-24T20:53:48.599607" elapsed="0.085176"/>
</kw>
<arg>Teszt cím</arg>
<status status="PASS" start="2026-04-24T20:53:48.559045" elapsed="0.125960"/>
</kw>
<kw name="Fill Post Content" owner="resources">
<kw name="Wait Until Element Is Visible" owner="SeleniumLibrary">
<arg>${POST_CONTENT_EDITOR}</arg>
<arg>timeout=5s</arg>
<doc>Waits until the element ``locator`` is visible.</doc>
<status status="PASS" start="2026-04-24T20:53:48.686308" elapsed="0.021701"/>
</kw>
<kw name="Click Element" owner="SeleniumLibrary">
<msg time="2026-04-24T20:53:48.709539" level="INFO">Clicking element 'xpath://div[contains(@class,"ql-editor")]'.</msg>
<arg>${POST_CONTENT_EDITOR}</arg>
<doc>Click the element identified by ``locator``.</doc>
<status status="PASS" start="2026-04-24T20:53:48.708602" elapsed="0.098277"/>
</kw>
<kw name="Input Text" owner="SeleniumLibrary">
<msg time="2026-04-24T20:53:48.807751" level="INFO">Typing text 'Teszt tartalom' into text field 'xpath://div[contains(@class,"ql-editor")]'.</msg>
<arg>${POST_CONTENT_EDITOR}</arg>
<arg>${content}</arg>
<doc>Types the given ``text`` into the text field identified by ``locator``.</doc>
<status status="PASS" start="2026-04-24T20:53:48.807239" elapsed="0.142939"/>
</kw>
<arg>Teszt tartalom</arg>
<status status="PASS" start="2026-04-24T20:53:48.685595" elapsed="0.265023"/>
</kw>
<kw name="Execute Javascript" owner="SeleniumLibrary">
<msg time="2026-04-24T20:53:48.953905" level="INFO">Executing JavaScript:
return document.querySelector('button.submit-button')?.disabled ?? false
Without any arguments.</msg>
<msg time="2026-04-24T20:53:48.977747" level="INFO">${disabled} = False</msg>
<var>${disabled}</var>
<arg>return document.querySelector('button.submit-button')?.disabled ?? false</arg>
<doc>Executes the given JavaScript code with possible arguments.</doc>
<status status="PASS" start="2026-04-24T20:53:48.952332" elapsed="0.026125"/>
</kw>
<kw name="Should Not Be True" owner="BuiltIn">
<arg>${disabled}</arg>
<doc>Fails if the given condition is true.</doc>
<status status="PASS" start="2026-04-24T20:53:48.979292" elapsed="0.000953"/>
</kw>
<kw name="Close Browser Session" owner="resources" type="TEARDOWN">
<kw name="Close Browser" owner="SeleniumLibrary">
<doc>Closes the current browser.</doc>
<status status="PASS" start="2026-04-24T20:53:48.981695" elapsed="2.306125"/>
</kw>
<status status="PASS" start="2026-04-24T20:53:48.981030" elapsed="2.306999"/>
</kw>
<doc>A rövid leírás mező üresen hagyható, a küldés gomb a cím+tartalom alapján aktiválódik.</doc>
<status status="PASS" start="2026-04-24T20:53:40.519019" elapsed="10.769332"/>
</test>
<test id="s1-s1-s1-t9" name="New Post Content Editor Is Visible" line="94">
<kw name="Open Registration Page" owner="resources" type="SETUP">
<kw name="Open Browser" owner="SeleniumLibrary">
<msg time="2026-04-24T20:53:51.302988" level="INFO">Opening browser 'Chrome' to base url 'http://localhost:5173'.</msg>
<arg>${URL}</arg>
<arg>${BROWSER}</arg>
<doc>Opens a new browser instance to the optional ``url``.</doc>
<status status="PASS" start="2026-04-24T20:53:51.302693" elapsed="1.384624"/>
</kw>
<kw name="Maximize Browser Window" owner="SeleniumLibrary">
<doc>Maximizes current browser window.</doc>
<status status="PASS" start="2026-04-24T20:53:52.687914" elapsed="0.035636"/>
</kw>
<kw name="Wait Until Element Is Visible" owner="SeleniumLibrary">
<arg>//header//nav//a[7]</arg>
<doc>Waits until the element ``locator`` is visible.</doc>
<status status="PASS" start="2026-04-24T20:53:52.723989" elapsed="1.100252"/>
</kw>
<kw name="Click Element" owner="SeleniumLibrary">
<msg time="2026-04-24T20:53:53.825077" level="INFO">Clicking element '//header//nav//a[7]'.</msg>
<arg>//header//nav//a[7]</arg>
<doc>Click the element identified by ``locator``.</doc>
<status status="PASS" start="2026-04-24T20:53:53.824633" elapsed="0.112987"/>
</kw>
<status status="PASS" start="2026-04-24T20:53:51.302280" elapsed="2.635789"/>
</kw>
<kw name="Login As Test User" owner="resources">
<kw name="Switch To Login" owner="resources">
<kw name="Run Keyword And Return Status" owner="BuiltIn">
<kw name="Element Should Be Visible" owner="SeleniumLibrary">
<msg time="2026-04-24T20:53:53.970589" level="INFO">Element 'xpath://h2[contains(.,"Fiók készítése")]' is displayed.</msg>
<arg>xpath://h2[contains(.,"Fiók készítése")]</arg>
<doc>Verifies that the element identified by ``locator`` is visible.</doc>
<status status="PASS" start="2026-04-24T20:53:53.940828" elapsed="0.030438"/>
</kw>
<msg time="2026-04-24T20:53:53.971600" level="INFO">${reg_visible} = True</msg>
<var>${reg_visible}</var>
<arg>Element Should Be Visible</arg>
<arg>xpath://h2[contains(.,"Fiók készítése")]</arg>
<doc>Runs the specified keyword and returns the status as a Boolean value.</doc>
<status status="PASS" start="2026-04-24T20:53:53.940199" elapsed="0.031796"/>
</kw>
<kw name="Run Keyword If" owner="BuiltIn">
<kw name="Click Button" owner="SeleniumLibrary">
<msg time="2026-04-24T20:53:53.973977" level="INFO">Clicking button 'xpath://button[contains(.,"Bejelentkezés")]'.</msg>
<arg>xpath://button[contains(.,"Bejelentkezés")]</arg>
<doc>Clicks the button identified by ``locator``.</doc>
<status status="PASS" start="2026-04-24T20:53:53.973472" elapsed="0.163480"/>
</kw>
<arg>${reg_visible}</arg>
<arg>Click Button</arg>
<arg>xpath://button[contains(.,"Bejelentkezés")]</arg>
<doc>Runs the given keyword with the given arguments, if ``condition`` is true.</doc>
<status status="PASS" start="2026-04-24T20:53:53.972386" elapsed="0.164793"/>
</kw>
<kw name="Wait Until Element Is Visible" owner="SeleniumLibrary">
<arg>xpath://h2[contains(.,"Lépj be a fiókodba")]</arg>
<arg>timeout=5s</arg>
<doc>Waits until the element ``locator`` is visible.</doc>
<status status="PASS" start="2026-04-24T20:53:54.137386" elapsed="0.022664"/>
</kw>
<kw name="Wait Until Element Is Visible" owner="SeleniumLibrary">
<arg>name:email</arg>
<arg>timeout=5s</arg>
<doc>Waits until the element ``locator`` is visible.</doc>
<status status="PASS" start="2026-04-24T20:53:54.160387" elapsed="0.118970"/>
</kw>
<status status="PASS" start="2026-04-24T20:53:53.939652" elapsed="0.339926"/>
</kw>
<kw name="Fill Login Form" owner="resources">
<kw name="Wait Until Element Is Visible" owner="SeleniumLibrary">
<arg>xpath=//div[contains(@class,"b-container")]//input[@name="email"]</arg>
<arg>timeout=5s</arg>
<doc>Waits until the element ``locator`` is visible.</doc>
<status status="PASS" start="2026-04-24T20:53:54.280695" elapsed="0.026026"/>
</kw>
<kw name="Input Text" owner="SeleniumLibrary">
<msg time="2026-04-24T20:53:54.307520" level="INFO">Typing text 'test@example.com' into text field 'xpath=//div[contains(@class,"b-container")]//input[@name="email"]'.</msg>
<arg>xpath=//div[contains(@class,"b-container")]//input[@name="email"]</arg>
<arg>${email}</arg>
<doc>Types the given ``text`` into the text field identified by ``locator``.</doc>
<status status="PASS" start="2026-04-24T20:53:54.307042" elapsed="0.160477"/>
</kw>
<kw name="Input Password" owner="SeleniumLibrary">
<msg time="2026-04-24T20:53:54.468322" level="INFO">Typing password into text field 'xpath=//div[contains(@class,"b-container")]//input[@name="password"]'.</msg>
<msg time="2026-04-24T20:53:54.512001" level="INFO">Temporally setting log level to: NONE</msg>
<arg>xpath=//div[contains(@class,"b-container")]//input[@name="password"]</arg>
<arg>${password}</arg>
<doc>Types the given password into the text field identified by ``locator``.</doc>
<status status="PASS" start="2026-04-24T20:53:54.467879" elapsed="0.134920"/>
</kw>
<arg>test@example.com</arg>
<arg>Alma12345678.</arg>
<status status="PASS" start="2026-04-24T20:53:54.279809" elapsed="0.323318"/>
</kw>
<kw name="Execute Javascript" owner="SeleniumLibrary">
<msg time="2026-04-24T20:53:54.604204" level="INFO">Executing JavaScript:
document.querySelector('.b-container button[type="submit"]').click()
Without any arguments.</msg>
<arg>document.querySelector('.b-container button[type="submit"]').click()</arg>
<doc>Executes the given JavaScript code with possible arguments.</doc>
<status status="PASS" start="2026-04-24T20:53:54.603403" elapsed="0.015753"/>
</kw>
<kw name="Wait Until Location Contains" owner="SeleniumLibrary">
<arg>/profil</arg>
<arg>timeout=20s</arg>
<doc>Waits until the current URL contains ``expected``.</doc>
<status status="PASS" start="2026-04-24T20:53:54.619567" elapsed="3.688825"/>
</kw>
<status status="PASS" start="2026-04-24T20:53:53.938847" elapsed="4.369736"/>
</kw>
<kw name="Navigate To New Post Page" owner="resources">
<kw name="Go To" owner="SeleniumLibrary">
<msg time="2026-04-24T20:53:58.309513" level="INFO">Opening url 'http://localhost:5173/newpost'</msg>
<arg>${URL}/newpost</arg>
<doc>Navigates the current browser window to the provided ``url``.</doc>
<status status="PASS" start="2026-04-24T20:53:58.309312" elapsed="0.245760"/>
</kw>
<kw name="Wait Until Element Is Visible" owner="SeleniumLibrary">
<arg>${POST_TITLE_INPUT}</arg>
<arg>timeout=10s</arg>
<doc>Waits until the element ``locator`` is visible.</doc>
<status status="PASS" start="2026-04-24T20:53:58.555592" elapsed="0.923966"/>
</kw>
<status status="PASS" start="2026-04-24T20:53:58.308943" elapsed="1.170963"/>
</kw>
<kw name="Element Should Be Visible" owner="SeleniumLibrary">
<msg time="2026-04-24T20:53:59.504066" level="INFO">Element 'xpath://div[contains(@class,"ql-editor")]' is displayed.</msg>
[...]
</kw>
<msg time="2026-04-24T20:57:49.094366" level="INFO">${reg_visible} = True</msg>
<var>${reg_visible}</var>
<arg>Element Should Be Visible</arg>
<arg>xpath://h2[contains(.,"Fiók készítése")]</arg>
<doc>Runs the specified keyword and returns the status as a Boolean value.</doc>
<status status="PASS" start="2026-04-24T20:57:49.069213" elapsed="0.025711"/>
</kw>
<kw name="Run Keyword If" owner="BuiltIn">
<kw name="Click Button" owner="SeleniumLibrary">
<msg time="2026-04-24T20:57:49.097838" level="INFO">Clicking button 'xpath://button[contains(.,"Bejelentkezés")]'.</msg>
<arg>xpath://button[contains(.,"Bejelentkezés")]</arg>
<doc>Clicks the button identified by ``locator``.</doc>
<status status="PASS" start="2026-04-24T20:57:49.096904" elapsed="0.126338"/>
</kw>
<arg>${reg_visible}</arg>
<arg>Click Button</arg>
<arg>xpath://button[contains(.,"Bejelentkezés")]</arg>
<doc>Runs the given keyword with the given arguments, if ``condition`` is true.</doc>
<status status="PASS" start="2026-04-24T20:57:49.095529" elapsed="0.127971"/>
</kw>
<kw name="Wait Until Element Is Visible" owner="SeleniumLibrary">
<arg>xpath://h2[contains(.,"Lépj be a fiókodba")]</arg>
<arg>timeout=5s</arg>
<doc>Waits until the element ``locator`` is visible.</doc>
<status status="PASS" start="2026-04-24T20:57:49.223793" elapsed="0.102485"/>
</kw>
<kw name="Wait Until Element Is Visible" owner="SeleniumLibrary">
<arg>name:email</arg>
<arg>timeout=5s</arg>
<doc>Waits until the element ``locator`` is visible.</doc>
<status status="PASS" start="2026-04-24T20:57:49.326549" elapsed="0.023165"/>
</kw>
<status status="PASS" start="2026-04-24T20:57:49.068094" elapsed="0.282002"/>
</kw>
<kw name="Fill Login Form" owner="resources">
<kw name="Wait Until Element Is Visible" owner="SeleniumLibrary">
<arg>xpath=//div[contains(@class,"b-container")]//input[@name="email"]</arg>
<arg>timeout=5s</arg>
<doc>Waits until the element ``locator`` is visible.</doc>
<status status="PASS" start="2026-04-24T20:57:49.351730" elapsed="0.020689"/>
</kw>
<kw name="Input Text" owner="SeleniumLibrary">
<msg time="2026-04-24T20:57:49.373622" level="INFO">Typing text 'test@example.com' into text field 'xpath=//div[contains(@class,"b-container")]//input[@name="email"]'.</msg>
<arg>xpath=//div[contains(@class,"b-container")]//input[@name="email"]</arg>
<arg>${email}</arg>
<doc>Types the given ``text`` into the text field identified by ``locator``.</doc>
<status status="PASS" start="2026-04-24T20:57:49.372834" elapsed="0.175975"/>
</kw>
<kw name="Input Password" owner="SeleniumLibrary">
<msg time="2026-04-24T20:57:49.549726" level="INFO">Typing password into text field 'xpath=//div[contains(@class,"b-container")]//input[@name="password"]'.</msg>
<msg time="2026-04-24T20:57:49.596106" level="INFO">Temporally setting log level to: NONE</msg>
<arg>xpath=//div[contains(@class,"b-container")]//input[@name="password"]</arg>
<arg>${password}</arg>
<doc>Types the given password into the text field identified by ``locator``.</doc>
<status status="PASS" start="2026-04-24T20:57:49.549162" elapsed="0.129056"/>
</kw>
<arg>test@example.com</arg>
<arg>Alma12345678.</arg>
<status status="PASS" start="2026-04-24T20:57:49.350636" elapsed="0.327895"/>
</kw>
<kw name="Execute Javascript" owner="SeleniumLibrary">
<msg time="2026-04-24T20:57:49.679658" level="INFO">Executing JavaScript:
document.querySelector('.b-container button[type="submit"]').click()
Without any arguments.</msg>
<arg>document.querySelector('.b-container button[type="submit"]').click()</arg>
<doc>Executes the given JavaScript code with possible arguments.</doc>
<status status="PASS" start="2026-04-24T20:57:49.678798" elapsed="0.013726"/>
</kw>
<kw name="Wait Until Location Contains" owner="SeleniumLibrary">
<arg>/profil</arg>
<arg>timeout=20s</arg>
<doc>Waits until the current URL contains ``expected``.</doc>
<status status="PASS" start="2026-04-24T20:57:49.692800" elapsed="3.491142"/>
</kw>
<status status="PASS" start="2026-04-24T20:57:49.067000" elapsed="4.117165"/>
</kw>
<kw name="Navigate To Profile Page" owner="resources">
<kw name="Go To" owner="SeleniumLibrary">
<msg time="2026-04-24T20:57:53.185377" level="INFO">Opening url 'http://localhost:5173/Profil'</msg>
<arg>${URL}/Profil</arg>
<doc>Navigates the current browser window to the provided ``url``.</doc>
<status status="PASS" start="2026-04-24T20:57:53.185134" elapsed="0.285509"/>
</kw>
<kw name="Sleep" owner="BuiltIn">
<msg time="2026-04-24T20:57:54.475944" level="INFO">Slept 1 second.</msg>
<arg>1s</arg>
<doc>Pauses the test executed for the given time.</doc>
<status status="PASS" start="2026-04-24T20:57:53.471376" elapsed="1.005352"/>
</kw>
<kw name="Wait Until Element Is Visible" owner="SeleniumLibrary">
<arg>xpath://h2[contains(.,"profilhoz tartozó cikkek")]</arg>
<arg>timeout=15s</arg>
<doc>Waits until the element ``locator`` is visible.</doc>
<status status="PASS" start="2026-04-24T20:57:54.477076" elapsed="0.024161"/>
</kw>
<status status="PASS" start="2026-04-24T20:57:53.184658" elapsed="1.316854"/>
</kw>
<kw name="Get First Post Edit Href" owner="resources">
<kw name="Execute Javascript" owner="SeleniumLibrary">
<msg time="2026-04-24T20:57:54.503301" level="INFO">Executing JavaScript:
return document.querySelector('a[href*="/editpost/"]')?.getAttribute('href') || ''
Without any arguments.</msg>
<msg time="2026-04-24T20:57:54.508989" level="INFO">${href} = </msg>
<var>${href}</var>
<arg>return document.querySelector('a[href*="/editpost/"]')?.getAttribute('href') || ''</arg>
<doc>Executes the given JavaScript code with possible arguments.</doc>
<status status="PASS" start="2026-04-24T20:57:54.502705" elapsed="0.006672"/>
</kw>
<return>
<value>${href}</value>
<status status="PASS" start="2026-04-24T20:57:54.509578" elapsed="0.000208"/>
</return>
<msg time="2026-04-24T20:57:54.510001" level="INFO">${href} = </msg>
<var>${href}</var>
<status status="PASS" start="2026-04-24T20:57:54.502102" elapsed="0.008182"/>
</kw>
<kw name="Skip If" owner="BuiltIn">
<msg time="2026-04-24T20:57:54.511649" level="SKIP">Nincs szerkeszthető poszt</msg>
<arg>'${href}' == ''</arg>
<arg>Nincs szerkeszthető poszt</arg>
<doc>Skips the rest of the current test if the ``condition`` is True.</doc>
<status status="SKIP" start="2026-04-24T20:57:54.510717" elapsed="0.001403">Nincs szerkeszthető poszt</status>
</kw>
<kw name="Go To" owner="SeleniumLibrary">
<arg>${URL}${href}</arg>
<doc>Navigates the current browser window to the provided ``url``.</doc>
<status status="NOT RUN" start="2026-04-24T20:57:54.512581" elapsed="0.000233"/>
</kw>
<kw name="Wait Until Element Is Visible" owner="SeleniumLibrary">
<arg>${POST_TITLE_INPUT}</arg>
<arg>timeout=10s</arg>
<doc>Waits until the element ``locator`` is visible.</doc>
<status status="NOT RUN" start="2026-04-24T20:57:54.513149" elapsed="0.000144"/>
</kw>
<kw name="Get Text" owner="SeleniumLibrary">
<var>${heading}</var>
<arg>xpath://h1[contains(@class,"title")]</arg>
<doc>Returns the text value of the element identified by ``locator``.</doc>
<status status="NOT RUN" start="2026-04-24T20:57:54.513560" elapsed="0.000135"/>
</kw>
<kw name="Should Not Be Empty" owner="BuiltIn">
<arg>${heading}</arg>
<doc>Verifies that the given item is not empty.</doc>
<status status="NOT RUN" start="2026-04-24T20:57:54.513989" elapsed="0.000140"/>
</kw>
<kw name="Close Browser Session" owner="resources" type="TEARDOWN">
<kw name="Close Browser" owner="SeleniumLibrary">
<doc>Closes the current browser.</doc>
<status status="PASS" start="2026-04-24T20:57:54.515548" elapsed="2.274795"/>
</kw>
<status status="PASS" start="2026-04-24T20:57:54.514920" elapsed="2.275697"/>
</kw>
<doc>Szerkesztési módban a lap fejléce szerkesztési opciót mutat.</doc>
<status status="SKIP" start="2026-04-24T20:57:46.490078" elapsed="10.300793">Nincs szerkeszthető poszt</status>
</test>
<test id="s1-s1-s1-t30" name="Edit Post Submit Updates Post" line="378">
<kw name="Open Registration Page" owner="resources" type="SETUP">
<kw name="Open Browser" owner="SeleniumLibrary">
<msg time="2026-04-24T20:57:56.805864" level="INFO">Opening browser 'Chrome' to base url 'http://localhost:5173'.</msg>
<arg>${URL}</arg>
<arg>${BROWSER}</arg>
<doc>Opens a new browser instance to the optional ``url``.</doc>
<status status="PASS" start="2026-04-24T20:57:56.805064" elapsed="1.335659"/>
</kw>
<kw name="Maximize Browser Window" owner="SeleniumLibrary">
<doc>Maximizes current browser window.</doc>
<status status="PASS" start="2026-04-24T20:57:58.141170" elapsed="0.029648"/>
</kw>
<kw name="Wait Until Element Is Visible" owner="SeleniumLibrary">
<arg>//header//nav//a[7]</arg>
<doc>Waits until the element ``locator`` is visible.</doc>
<status status="PASS" start="2026-04-24T20:57:58.171093" elapsed="1.116702"/>
</kw>
<kw name="Click Element" owner="SeleniumLibrary">
<msg time="2026-04-24T20:57:59.288599" level="INFO">Clicking element '//header//nav//a[7]'.</msg>
<arg>//header//nav//a[7]</arg>
<doc>Click the element identified by ``locator``.</doc>
<status status="PASS" start="2026-04-24T20:57:59.288141" elapsed="0.107737"/>
</kw>
<status status="PASS" start="2026-04-24T20:57:56.804577" elapsed="2.591620"/>
</kw>
<kw name="Login As Test User" owner="resources">
<kw name="Switch To Login" owner="resources">
<kw name="Run Keyword And Return Status" owner="BuiltIn">
<kw name="Element Should Be Visible" owner="SeleniumLibrary">
<msg time="2026-04-24T20:57:59.425080" level="INFO">Element 'xpath://h2[contains(.,"Fiók készítése")]' is displayed.</msg>
<arg>xpath://h2[contains(.,"Fiók készítése")]</arg>
<doc>Verifies that the element identified by ``locator`` is visible.</doc>
<status status="PASS" start="2026-04-24T20:57:59.398984" elapsed="0.026491"/>
</kw>
<msg time="2026-04-24T20:57:59.425756" level="INFO">${reg_visible} = True</msg>
<var>${reg_visible}</var>
<arg>Element Should Be Visible</arg>
<arg>xpath://h2[contains(.,"Fiók készítése")]</arg>
<doc>Runs the specified keyword and returns the status as a Boolean value.</doc>
<status status="PASS" start="2026-04-24T20:57:59.398359" elapsed="0.027559"/>
</kw>
<kw name="Run Keyword If" owner="BuiltIn">
<kw name="Click Button" owner="SeleniumLibrary">
<msg time="2026-04-24T20:57:59.427634" level="INFO">Clicking button 'xpath://button[contains(.,"Bejelentkezés")]'.</msg>
<arg>xpath://button[contains(.,"Bejelentkezés")]</arg>
<doc>Clicks the button identified by ``locator``.</doc>
<status status="PASS" start="2026-04-24T20:57:59.426954" elapsed="0.159668"/>
</kw>
<arg>${reg_visible}</arg>
<arg>Click Button</arg>
<arg>xpath://button[contains(.,"Bejelentkezés")]</arg>
<doc>Runs the given keyword with the given arguments, if ``condition`` is true.</doc>
<status status="PASS" start="2026-04-24T20:57:59.426149" elapsed="0.160688"/>
</kw>
<kw name="Wait Until Element Is Visible" owner="SeleniumLibrary">
<arg>xpath://h2[contains(.,"Lépj be a fiókodba")]</arg>
<arg>timeout=5s</arg>
<doc>Waits until the element ``locator`` is visible.</doc>
<status status="PASS" start="2026-04-24T20:57:59.587024" elapsed="0.029608"/>
</kw>
<kw name="Wait Until Element Is Visible" owner="SeleniumLibrary">
<arg>name:email</arg>
<arg>timeout=5s</arg>
<doc>Waits until the element ``locator`` is visible.</doc>
<status status="PASS" start="2026-04-24T20:57:59.617432" elapsed="0.095043"/>
</kw>
<status status="PASS" start="2026-04-24T20:57:59.397750" elapsed="0.314959"/>
</kw>
<kw name="Fill Login Form" owner="resources">
<kw name="Wait Until Element Is Visible" owner="SeleniumLibrary">
<arg>xpath=//div[contains(@class,"b-container")]//input[@name="email"]</arg>
<arg>timeout=5s</arg>
<doc>Waits until the element ``locator`` is visible.</doc>
<status status="PASS" start="2026-04-24T20:57:59.713925" elapsed="0.031024"/>
</kw>
<kw name="Input Text" owner="SeleniumLibrary">
<msg time="2026-04-24T20:57:59.745897" level="INFO">Typing text 'test@example.com' into text field 'xpath=//div[contains(@class,"b-container")]//input[@name="email"]'.</msg>
<arg>xpath=//div[contains(@class,"b-container")]//input[@name="email"]</arg>
<arg>${email}</arg>
<doc>Types the given ``text`` into the text field identified by ``locator``.</doc>
<status status="PASS" start="2026-04-24T20:57:59.745231" elapsed="0.196487"/>
</kw>
<kw name="Input Password" owner="SeleniumLibrary">
<msg time="2026-04-24T20:57:59.943815" level="INFO">Typing password into text field 'xpath=//div[contains(@class,"b-container")]//input[@name="password"]'.</msg>
<msg time="2026-04-24T20:57:59.988429" level="INFO">Temporally setting log level to: NONE</msg>
<arg>xpath=//div[contains(@class,"b-container")]//input[@name="password"]</arg>
<arg>${password}</arg>
<doc>Types the given password into the text field identified by ``locator``.</doc>
<status status="PASS" start="2026-04-24T20:57:59.942504" elapsed="0.138373"/>
</kw>
<arg>test@example.com</arg>
<arg>Alma12345678.</arg>
<status status="PASS" start="2026-04-24T20:57:59.713047" elapsed="0.368071"/>
</kw>
<kw name="Execute Javascript" owner="SeleniumLibrary">
<msg time="2026-04-24T20:58:00.082112" level="INFO">Executing JavaScript:
document.querySelector('.b-container button[type="submit"]').click()
Without any arguments.</msg>
<arg>document.querySelector('.b-container button[type="submit"]').click()</arg>
<doc>Executes the given JavaScript code with possible arguments.</doc>
<status status="PASS" start="2026-04-24T20:58:00.081356" elapsed="0.015551"/>
</kw>
<kw name="Wait Until Location Contains" owner="SeleniumLibrary">
<arg>/profil</arg>
<arg>timeout=20s</arg>
<doc>Waits until the current URL contains ``expected``.</doc>
<status status="PASS" start="2026-04-24T20:58:00.097220" elapsed="3.710200"/>
</kw>
<status status="PASS" start="2026-04-24T20:57:59.396874" elapsed="4.410776"/>
</kw>
<kw name="Navigate To Profile Page" owner="resources">
<kw name="Go To" owner="SeleniumLibrary">
<msg time="2026-04-24T20:58:03.809083" level="INFO">Opening url 'http://localhost:5173/Profil'</msg>
<arg>${URL}/Profil</arg>
<doc>Navigates the current browser window to the provided ``url``.</doc>
<status status="PASS" start="2026-04-24T20:58:03.808785" elapsed="0.254459"/>
</kw>
<kw name="Sleep" owner="BuiltIn">
<msg time="2026-04-24T20:58:05.065344" level="INFO">Slept 1 second.</msg>
<arg>1s</arg>
<doc>Pauses the test executed for the given time.</doc>
<status status="PASS" start="2026-04-24T20:58:04.063705" elapsed="1.003006"/>
</kw>
<kw name="Wait Until Element Is Visible" owner="SeleniumLibrary">
<arg>xpath://h2[contains(.,"profilhoz tartozó cikkek")]</arg>
<arg>timeout=15s</arg>
<doc>Waits until the element ``locator`` is visible.</doc>
<status status="PASS" start="2026-04-24T20:58:05.067215" elapsed="0.056182"/>
</kw>
<status status="PASS" start="2026-04-24T20:58:03.808150" elapsed="1.315560"/>
</kw>
<kw name="Get First Post Edit Href" owner="resources">
<kw name="Execute Javascript" owner="SeleniumLibrary">
<msg time="2026-04-24T20:58:05.126177" level="INFO">Executing JavaScript:
return document.querySelector('a[href*="/editpost/"]')?.getAttribute('href') || ''
Without any arguments.</msg>
<msg time="2026-04-24T20:58:05.135734" level="INFO">${href} = </msg>
<var>${href}</var>
<arg>return document.querySelector('a[href*="/editpost/"]')?.getAttribute('href') || ''</arg>
<doc>Executes the given JavaScript code with possible arguments.</doc>
<status status="PASS" start="2026-04-24T20:58:05.125316" elapsed="0.011064"/>
</kw>
<return>
<value>${href}</value>
<status status="PASS" start="2026-04-24T20:58:05.136700" elapsed="0.000265"/>
</return>
<msg time="2026-04-24T20:58:05.137344" level="INFO">${href} = </msg>
<var>${href}</var>
<status status="PASS" start="2026-04-24T20:58:05.124488" elapsed="0.013564"/>
</kw>
<kw name="Skip If" owner="BuiltIn">
<msg time="2026-04-24T20:58:05.141184" level="SKIP">Nincs szerkeszthető poszt</msg>
<arg>'${href}' == ''</arg>
<arg>Nincs szerkeszthető poszt</arg>
<doc>Skips the rest of the current test if the ``condition`` is True.</doc>
<status status="SKIP" start="2026-04-24T20:58:05.139645" elapsed="0.002341">Nincs szerkeszthető poszt</status>
</kw>
<kw name="Go To" owner="SeleniumLibrary">
<arg>${URL}${href}</arg>
<doc>Navigates the current browser window to the provided ``url``.</doc>
<status status="NOT RUN" start="2026-04-24T20:58:05.142733" elapsed="0.000304"/>
</kw>
<kw name="Wait Until Element Is Visible" owner="SeleniumLibrary">
<arg>${POST_TITLE_INPUT}</arg>
<arg>timeout=10s</arg>
<doc>Waits until the element ``locator`` is visible.</doc>
<status status="NOT RUN" start="2026-04-24T20:58:05.143557" elapsed="0.000277"/>
</kw>
<kw name="Execute Javascript" owner="SeleniumLibrary">
<var>${orig_title}</var>
<arg>return document.getElementById('postTitle').value</arg>
<doc>Executes the given JavaScript code with possible arguments.</doc>
<status status="NOT RUN" start="2026-04-24T20:58:05.144464" elapsed="0.000277"/>
</kw>
<kw name="Fill Post Title" owner="resources">
<arg>${orig_title} (szerkesztve)</arg>
<status status="NOT RUN" start="2026-04-24T20:58:05.145433" elapsed="0.000222"/>
</kw>
<kw name="Execute Javascript" owner="SeleniumLibrary">
<var>${disabled}</var>
<arg>return document.querySelector('button.submit-button')?.disabled ?? true</arg>
<doc>Executes the given JavaScript code with possible arguments.</doc>
<status status="NOT RUN" start="2026-04-24T20:58:05.146192" elapsed="0.000193"/>
</kw>
<kw name="Skip If" owner="BuiltIn">
<arg>${disabled}</arg>
<arg>A küldés gomb nem aktív</arg>
<doc>Skips the rest of the current test if the ``condition`` is True.</doc>
<status status="NOT RUN" start="2026-04-24T20:58:05.147909" elapsed="0.000311"/>
</kw>
<kw name="Click Element" owner="SeleniumLibrary">
<arg>xpath://button[@type='submit' and contains(@class,'submit-button')]</arg>
<doc>Click the element identified by ``locator``.</doc>
<status status="NOT RUN" start="2026-04-24T20:58:05.148796" elapsed="0.000216"/>
</kw>
<kw name="Wait Until Element Is Visible" owner="SeleniumLibrary">
<arg>${NOTIFICATION}</arg>
<arg>timeout=10s</arg>
<doc>Waits until the element ``locator`` is visible.</doc>
<status status="NOT RUN" start="2026-04-24T20:58:05.149421" elapsed="0.000191"/>
</kw>
<kw name="Get Element Attribute" owner="SeleniumLibrary">
<var>${classes}</var>
<arg>${NOTIFICATION}</arg>
<arg>class</arg>
<doc>Returns the value of ``attribute`` from the element ``locator``.</doc>
<status status="NOT RUN" start="2026-04-24T20:58:05.149981" elapsed="0.000190"/>
</kw>
<kw name="Should Contain Any" owner="BuiltIn">
<arg>${classes}</arg>
<arg>success</arg>
<arg>info</arg>
<doc>Fails if ``container`` does not contain any of the ``*items``.</doc>
<status status="NOT RUN" start="2026-04-24T20:58:05.150568" elapsed="0.000186"/>
</kw>
<kw name="Close Browser Session" owner="resources" type="TEARDOWN">
<kw name="Close Browser" owner="SeleniumLibrary">
<doc>Closes the current browser.</doc>
<status status="PASS" start="2026-04-24T20:58:05.152011" elapsed="2.364488"/>
</kw>
<status status="PASS" start="2026-04-24T20:58:05.151388" elapsed="2.365430"/>
</kw>
<doc>Szerkesztési módban a mentés frissíti a posztot (értesítő jelenik meg).</doc>
<status status="SKIP" start="2026-04-24T20:57:56.796398" elapsed="10.720710">Nincs szerkeszthető poszt</status>
</test>
<status status="FAIL" start="2026-04-24T20:52:18.679396" elapsed="348.842491"/>
</suite>
<status status="FAIL" start="2026-04-24T20:52:18.673636" elapsed="348.854933"/>
</suite>
<status status="FAIL" start="2026-04-24T20:52:18.628471" elapsed="348.911910"/>
</suite>
<statistics>
<total>
<stat pass="21" fail="5" skip="4">All Tests</stat>
</total>
<tag>
</tag>
<suite>
<stat name="13 S1 4 vizsgaremek" id="s1" pass="21" fail="5" skip="4">13 S1 4 vizsgaremek</stat>
<stat name="Tesztesetek" id="s1-s1" pass="21" fail="5" skip="4">13 S1 4 vizsgaremek.Tesztesetek</stat>
<stat name="newPost" id="s1-s1-s1" pass="21" fail="5" skip="4">13 S1 4 vizsgaremek.Tesztesetek.newPost</stat>
</suite>
</statistics>
<errors>
</errors>
</robot>
