<?xml version="1.0" encoding="UTF-8"?>
<robot generator="Robot 7.4.1 (Python 3.14.3 on win32)" generated="2026-02-26T22:26:52.941941" rpa="false" schemaversion="5">
<suite id="s1" name="13 S1 4 vizsgaremek" source="C:\Users\redne\Documents\GitHub\13_S1_4_vizsgaremek">
<suite id="s1-s1" name="Tesztesetek" source="C:\Users\redne\Documents\GitHub\13_S1_4_vizsgaremek\Tesztesetek">
<suite id="s1-s1-s1" name="Dashboard" source="C:\Users\redne\Documents\GitHub\13_S1_4_vizsgaremek\Tesztesetek\dashboard.robot">
<test id="s1-s1-s1-t1" name="Dashboard Betölt Bejelentkezés Után" line="10">
<kw name="Open Registration Page" owner="resources" type="SETUP">
<kw name="Open Browser" owner="SeleniumLibrary">
<msg time="2026-02-26T22:26:53.218921" level="INFO">Opening browser 'Chrome' to base url 'http://localhost:5173'.</msg>
<arg>${URL}</arg>
<arg>${BROWSER}</arg>
<doc>Opens a new browser instance to the optional ``url``.</doc>
<status status="PASS" start="2026-02-26T22:26:53.218394" elapsed="3.558834"/>
</kw>
<kw name="Maximize Browser Window" owner="SeleniumLibrary">
<doc>Maximizes current browser window.</doc>
<status status="PASS" start="2026-02-26T22:26:56.777694" elapsed="0.042643"/>
</kw>
<kw name="Wait Until Element Is Visible" owner="SeleniumLibrary">
<arg>//header//nav//a[7]</arg>
<doc>Waits until the element ``locator`` is visible.</doc>
<status status="PASS" start="2026-02-26T22:26:56.820993" elapsed="0.037057"/>
</kw>
<kw name="Click Element" owner="SeleniumLibrary">
<msg time="2026-02-26T22:26:56.858730" level="INFO">Clicking element '//header//nav//a[7]'.</msg>
<arg>//header//nav//a[7]</arg>
<doc>Click the element identified by ``locator``.</doc>
<status status="PASS" start="2026-02-26T22:26:56.858336" elapsed="0.177347"/>
</kw>
<status status="PASS" start="2026-02-26T22:26:53.217560" elapsed="3.818467"/>
</kw>
<kw name="Login As Admin And Go To Dashboard" owner="resources">
<kw name="Switch To Login" owner="resources">
<kw name="Run Keyword And Return Status" owner="BuiltIn">
<kw name="Element Should Be Visible" owner="SeleniumLibrary">
<msg time="2026-02-26T22:26:57.069467" level="INFO">Element 'xpath://h2[contains(.,"Fiók készítése")]' is displayed.</msg>
<arg>xpath://h2[contains(.,"Fiók készítése")]</arg>
<doc>Verifies that the element identified by ``locator`` is visible.</doc>
<status status="PASS" start="2026-02-26T22:26:57.039644" elapsed="0.030210"/>
</kw>
<msg time="2026-02-26T22:26:57.070282" level="INFO">${reg_visible} = True</msg>
<var>${reg_visible}</var>
<arg>Element Should Be Visible</arg>
<arg>xpath://h2[contains(.,"Fiók készítése")]</arg>
<doc>Runs the specified keyword and returns the status as a Boolean value.</doc>
<status status="PASS" start="2026-02-26T22:26:57.038611" elapsed="0.032006"/>
</kw>
<kw name="Run Keyword If" owner="BuiltIn">
<kw name="Click Button" owner="SeleniumLibrary">
<msg time="2026-02-26T22:26:57.072351" level="INFO">Clicking button 'xpath://button[contains(.,"Bejelentkezés")]'.</msg>
<arg>xpath://button[contains(.,"Bejelentkezés")]</arg>
<doc>Clicks the button identified by ``locator``.</doc>
<status status="PASS" start="2026-02-26T22:26:57.071934" elapsed="0.114892"/>
</kw>
<arg>${reg_visible}</arg>
<arg>Click Button</arg>
<arg>xpath://button[contains(.,"Bejelentkezés")]</arg>
<doc>Runs the given keyword with the given arguments, if ``condition`` is true.</doc>
<status status="PASS" start="2026-02-26T22:26:57.070918" elapsed="0.116089"/>
</kw>
<kw name="Wait Until Element Is Visible" owner="SeleniumLibrary">
<arg>xpath://h2[contains(.,"Lépj be a fiókodba")]</arg>
<arg>timeout=5s</arg>
<doc>Waits until the element ``locator`` is visible.</doc>
<status status="PASS" start="2026-02-26T22:26:57.187230" elapsed="0.026492"/>
</kw>
<kw name="Wait Until Element Is Visible" owner="SeleniumLibrary">
<arg>name:email</arg>
<arg>timeout=5s</arg>
<doc>Waits until the element ``locator`` is visible.</doc>
<status status="PASS" start="2026-02-26T22:26:57.214051" elapsed="0.018304"/>
</kw>
<status status="PASS" start="2026-02-26T22:26:57.037928" elapsed="0.194613"/>
</kw>
<kw name="Fill Login Form" owner="resources">
<kw name="Wait Until Element Is Visible" owner="SeleniumLibrary">
<arg>xpath=//div[contains(@class,"b-container")]//input[@name="email"]</arg>
<arg>timeout=5s</arg>
<doc>Waits until the element ``locator`` is visible.</doc>
<status status="PASS" start="2026-02-26T22:26:57.233174" elapsed="0.016731"/>
</kw>
<kw name="Input Text" owner="SeleniumLibrary">
<msg time="2026-02-26T22:26:57.251010" level="INFO">Typing text 'test@example.com' into text field 'xpath=//div[contains(@class,"b-container")]//input[@name="email"]'.</msg>
<arg>xpath=//div[contains(@class,"b-container")]//input[@name="email"]</arg>
<arg>${email}</arg>
<doc>Types the given ``text`` into the text field identified by ``locator``.</doc>
<status status="PASS" start="2026-02-26T22:26:57.250216" elapsed="0.223309"/>
</kw>
<kw name="Input Password" owner="SeleniumLibrary">
<msg time="2026-02-26T22:26:57.474532" level="INFO">Typing password into text field 'xpath=//div[contains(@class,"b-container")]//input[@name="password"]'.</msg>
<msg time="2026-02-26T22:26:57.562589" level="INFO">Temporally setting log level to: NONE</msg>
<arg>xpath=//div[contains(@class,"b-container")]//input[@name="password"]</arg>
<arg>${password}</arg>
<doc>Types the given password into the text field identified by ``locator``.</doc>
<status status="PASS" start="2026-02-26T22:26:57.473919" elapsed="0.175822"/>
</kw>
<arg>${ADMIN_EMAIL}</arg>
<arg>${ADMIN_PASS}</arg>
<status status="PASS" start="2026-02-26T22:26:57.232735" elapsed="0.417268"/>
</kw>
<kw name="Submit Login" owner="resources">
<kw name="Execute Javascript" owner="SeleniumLibrary">
<msg time="2026-02-26T22:26:57.652099" level="INFO">Executing JavaScript:
document.querySelector('.b-container button[type="submit"]').click()
Without any arguments.</msg>
<arg>document.querySelector('.b-container button[type="submit"]').click()</arg>
<doc>Executes the given JavaScript code with possible arguments.</doc>
<status status="PASS" start="2026-02-26T22:26:57.651278" elapsed="0.015301"/>
</kw>
<status status="PASS" start="2026-02-26T22:26:57.650262" elapsed="0.016641"/>
</kw>
<kw name="Login Should Succeed" owner="resources">
<kw name="Wait Until Location Contains" owner="SeleniumLibrary">
<arg>/Profil</arg>
<arg>timeout=20s</arg>
<doc>Waits until the current URL contains ``expected``.</doc>
<status status="PASS" start="2026-02-26T22:26:57.668169" elapsed="2.268694"/>
</kw>
<status status="PASS" start="2026-02-26T22:26:57.667344" elapsed="2.269744"/>
</kw>
<kw name="Go To" owner="SeleniumLibrary">
<msg time="2026-02-26T22:26:59.937993" level="INFO">Opening url 'http://localhost:5173/dashboard'</msg>
<arg>${DASHBOARD_URL}</arg>
<doc>Navigates the current browser window to the provided ``url``.</doc>
<status status="PASS" start="2026-02-26T22:26:59.937335" elapsed="0.487368"/>
</kw>
<kw name="Wait Until Element Is Visible" owner="SeleniumLibrary">
<arg>xpath://h2[contains(.,"Dashboard")]</arg>
<arg>timeout=10s</arg>
<doc>Waits until the element ``locator`` is visible.</doc>
<status status="PASS" start="2026-02-26T22:27:00.425319" elapsed="0.031749"/>
</kw>
<status status="PASS" start="2026-02-26T22:26:57.036788" elapsed="3.420504"/>
</kw>
<kw name="Element Should Be Visible" owner="SeleniumLibrary">
<msg time="2026-02-26T22:27:00.474660" level="INFO">Element 'xpath://h2[contains(.,"Dashboard")]' is displayed.</msg>
<arg>xpath://h2[contains(.,"Dashboard")]</arg>
<doc>Verifies that the element identified by ``locator`` is visible.</doc>
<status status="PASS" start="2026-02-26T22:27:00.457604" elapsed="0.017759"/>
</kw>
<kw name="Close Browser" owner="SeleniumLibrary" type="TEARDOWN">
<doc>Closes the current browser.</doc>
<status status="PASS" start="2026-02-26T22:27:00.476257" elapsed="2.321500"/>
</kw>
<status status="PASS" start="2026-02-26T22:26:53.204483" elapsed="9.593604"/>
</test>
<test id="s1-s1-s1-t2" name="Dashboard Sidebar Megjelenik" line="14">
<kw name="Open Registration Page" owner="resources" type="SETUP">
<kw name="Open Browser" owner="SeleniumLibrary">
<msg time="2026-02-26T22:27:02.805877" level="INFO">Opening browser 'Chrome' to base url 'http://localhost:5173'.</msg>
<arg>${URL}</arg>
<arg>${BROWSER}</arg>
<doc>Opens a new browser instance to the optional ``url``.</doc>
<status status="PASS" start="2026-02-26T22:27:02.805553" elapsed="2.972571"/>
</kw>
<kw name="Maximize Browser Window" owner="SeleniumLibrary">
<doc>Maximizes current browser window.</doc>
<status status="PASS" start="2026-02-26T22:27:05.778428" elapsed="0.024497"/>
</kw>
<kw name="Wait Until Element Is Visible" owner="SeleniumLibrary">
<arg>//header//nav//a[7]</arg>
<doc>Waits until the element ``locator`` is visible.</doc>
<status status="PASS" start="2026-02-26T22:27:05.803267" elapsed="0.021291"/>
</kw>
<kw name="Click Element" owner="SeleniumLibrary">
<msg time="2026-02-26T22:27:05.825101" level="INFO">Clicking element '//header//nav//a[7]'.</msg>
<arg>//header//nav//a[7]</arg>
<doc>Click the element identified by ``locator``.</doc>
<status status="PASS" start="2026-02-26T22:27:05.824784" elapsed="0.090930"/>
</kw>
<status status="PASS" start="2026-02-26T22:27:02.805043" elapsed="3.110962"/>
</kw>
<kw name="Login As Admin And Go To Dashboard" owner="resources">
<kw name="Switch To Login" owner="resources">
<kw name="Run Keyword And Return Status" owner="BuiltIn">
<kw name="Element Should Be Visible" owner="SeleniumLibrary">
<msg time="2026-02-26T22:27:05.946104" level="INFO">Element 'xpath://h2[contains(.,"Fiók készítése")]' is displayed.</msg>
<arg>xpath://h2[contains(.,"Fiók készítése")]</arg>
<doc>Verifies that the element identified by ``locator`` is visible.</doc>
<status status="PASS" start="2026-02-26T22:27:05.918746" elapsed="0.028491"/>
</kw>
<msg time="2026-02-26T22:27:05.947674" level="INFO">${reg_visible} = True</msg>
<var>${reg_visible}</var>
<arg>Element Should Be Visible</arg>
<arg>xpath://h2[contains(.,"Fiók készítése")]</arg>
<doc>Runs the specified keyword and returns the status as a Boolean value.</doc>
<status status="PASS" start="2026-02-26T22:27:05.917845" elapsed="0.030093"/>
</kw>
<kw name="Run Keyword If" owner="BuiltIn">
<kw name="Click Button" owner="SeleniumLibrary">
<msg time="2026-02-26T22:27:05.949707" level="INFO">Clicking button 'xpath://button[contains(.,"Bejelentkezés")]'.</msg>
<arg>xpath://button[contains(.,"Bejelentkezés")]</arg>
<doc>Clicks the button identified by ``locator``.</doc>
<status status="PASS" start="2026-02-26T22:27:05.949173" elapsed="0.125830"/>
</kw>
<arg>${reg_visible}</arg>
<arg>Click Button</arg>
<arg>xpath://button[contains(.,"Bejelentkezés")]</arg>
<doc>Runs the given keyword with the given arguments, if ``condition`` is true.</doc>
<status status="PASS" start="2026-02-26T22:27:05.948276" elapsed="0.127111"/>
</kw>
<kw name="Wait Until Element Is Visible" owner="SeleniumLibrary">
<arg>xpath://h2[contains(.,"Lépj be a fiókodba")]</arg>
<arg>timeout=5s</arg>
<doc>Waits until the element ``locator`` is visible.</doc>
<status status="PASS" start="2026-02-26T22:27:06.075696" elapsed="0.024153"/>
</kw>
<kw name="Wait Until Element Is Visible" owner="SeleniumLibrary">
<arg>name:email</arg>
<arg>timeout=5s</arg>
<doc>Waits until the element ``locator`` is visible.</doc>
<status status="PASS" start="2026-02-26T22:27:06.100180" elapsed="0.015318"/>
</kw>
<status status="PASS" start="2026-02-26T22:27:05.917277" elapsed="0.198402"/>
</kw>
<kw name="Fill Login Form" owner="resources">
<kw name="Wait Until Element Is Visible" owner="SeleniumLibrary">
<arg>xpath=//div[contains(@class,"b-container")]//input[@name="email"]</arg>
<arg>timeout=5s</arg>
<doc>Waits until the element ``locator`` is visible.</doc>
<status status="PASS" start="2026-02-26T22:27:06.116446" elapsed="0.018036"/>
</kw>
<kw name="Input Text" owner="SeleniumLibrary">
<msg time="2026-02-26T22:27:06.135514" level="INFO">Typing text 'test@example.com' into text field 'xpath=//div[contains(@class,"b-container")]//input[@name="email"]'.</msg>
<arg>xpath=//div[contains(@class,"b-container")]//input[@name="email"]</arg>
<arg>${email}</arg>
<doc>Types the given ``text`` into the text field identified by ``locator``.</doc>
<status status="PASS" start="2026-02-26T22:27:06.134810" elapsed="0.180439"/>
</kw>
<kw name="Input Password" owner="SeleniumLibrary">
<msg time="2026-02-26T22:27:06.317694" level="INFO">Typing password into text field 'xpath=//div[contains(@class,"b-container")]//input[@name="password"]'.</msg>
<msg time="2026-02-26T22:27:06.379014" level="INFO">Temporally setting log level to: NONE</msg>
<arg>xpath=//div[contains(@class,"b-container")]//input[@name="password"]</arg>
<arg>${password}</arg>
<doc>Types the given password into the text field identified by ``locator``.</doc>
<status status="PASS" start="2026-02-26T22:27:06.316136" elapsed="0.152327"/>
</kw>
<arg>${ADMIN_EMAIL}</arg>
<arg>${ADMIN_PASS}</arg>
<status status="PASS" start="2026-02-26T22:27:06.115909" elapsed="0.353014"/>
</kw>
<kw name="Submit Login" owner="resources">
<kw name="Execute Javascript" owner="SeleniumLibrary">
<msg time="2026-02-26T22:27:06.470722" level="INFO">Executing JavaScript:
document.querySelector('.b-container button[type="submit"]').click()
Without any arguments.</msg>
<arg>document.querySelector('.b-container button[type="submit"]').click()</arg>
<doc>Executes the given JavaScript code with possible arguments.</doc>
<status status="PASS" start="2026-02-26T22:27:06.470014" elapsed="0.016317"/>
</kw>
<status status="PASS" start="2026-02-26T22:27:06.469383" elapsed="0.017321"/>
</kw>
<kw name="Login Should Succeed" owner="resources">
<kw name="Wait Until Location Contains" owner="SeleniumLibrary">
<arg>/Profil</arg>
<arg>timeout=20s</arg>
<doc>Waits until the current URL contains ``expected``.</doc>
<status status="PASS" start="2026-02-26T22:27:06.487533" elapsed="2.077248"/>
</kw>
<status status="PASS" start="2026-02-26T22:27:06.486988" elapsed="2.077985"/>
</kw>
<kw name="Go To" owner="SeleniumLibrary">
<msg time="2026-02-26T22:27:08.565544" level="INFO">Opening url 'http://localhost:5173/dashboard'</msg>
<arg>${DASHBOARD_URL}</arg>
<doc>Navigates the current browser window to the provided ``url``.</doc>
<status status="PASS" start="2026-02-26T22:27:08.565144" elapsed="0.360870"/>
</kw>
<kw name="Wait Until Element Is Visible" owner="SeleniumLibrary">
<arg>xpath://h2[contains(.,"Dashboard")]</arg>
<arg>timeout=10s</arg>
<doc>Waits until the element ``locator`` is visible.</doc>
<status status="PASS" start="2026-02-26T22:27:08.926450" elapsed="0.029283"/>
</kw>
<status status="PASS" start="2026-02-26T22:27:05.916604" elapsed="3.039404"/>
</kw>
<kw name="Element Should Be Visible" owner="SeleniumLibrary">
<msg time="2026-02-26T22:27:08.978259" level="INFO">Element 'xpath://div[contains(@class,"sidebar")]' is displayed.</msg>
<arg>xpath://div[contains(@class,"sidebar")]</arg>
<doc>Verifies that the element identified by ``locator`` is visible.</doc>
<status status="PASS" start="2026-02-26T22:27:08.956436" elapsed="0.022777"/>
</kw>
<kw name="Element Should Be Visible" owner="SeleniumLibrary">
<msg time="2026-02-26T22:27:09.006522" level="INFO">Element 'xpath://div[contains(@class,"sidebar-header")]//h1[contains(.,"Kreatív Hobbi")]' is displayed.</msg>
<arg>xpath://div[contains(@class,"sidebar-header")]//h1[contains(.,"Kreatív Hobbi")]</arg>
<doc>Verifies that the element identified by ``locator`` is visible.</doc>
<status status="PASS" start="2026-02-26T22:27:08.979953" elapsed="0.027866"/>
</kw>
<kw name="Close Browser" owner="SeleniumLibrary" type="TEARDOWN">
<doc>Closes the current browser.</doc>
<status status="PASS" start="2026-02-26T22:27:09.009979" elapsed="2.327756"/>
</kw>
<status status="PASS" start="2026-02-26T22:27:02.802352" elapsed="8.535739"/>
</test>
<test id="s1-s1-s1-t3" name="Dashboard Sidebar Tartalmaz Minden Menüpontot" line="19">
<kw name="Open Registration Page" owner="resources" type="SETUP">
<kw name="Open Browser" owner="SeleniumLibrary">
<msg time="2026-02-26T22:27:11.352124" level="INFO">Opening browser 'Chrome' to base url 'http://localhost:5173'.</msg>
<arg>${URL}</arg>
<arg>${BROWSER}</arg>
<doc>Opens a new browser instance to the optional ``url``.</doc>
<status status="PASS" start="2026-02-26T22:27:11.351565" elapsed="2.964774"/>
</kw>
<kw name="Maximize Browser Window" owner="SeleniumLibrary">
<doc>Maximizes current browser window.</doc>
<status status="PASS" start="2026-02-26T22:27:14.316631" elapsed="0.025828"/>
</kw>
<kw name="Wait Until Element Is Visible" owner="SeleniumLibrary">
<arg>//header//nav//a[7]</arg>
<doc>Waits until the element ``locator`` is visible.</doc>
<status status="PASS" start="2026-02-26T22:27:14.342760" elapsed="0.021710"/>
</kw>
<kw name="Click Element" owner="SeleniumLibrary">
<msg time="2026-02-26T22:27:14.365192" level="INFO">Clicking element '//header//nav//a[7]'.</msg>
<arg>//header//nav//a[7]</arg>
<doc>Click the element identified by ``locator``.</doc>
<status status="PASS" start="2026-02-26T22:27:14.364765" elapsed="0.094095"/>
</kw>
<status status="PASS" start="2026-02-26T22:27:11.350642" elapsed="3.108509"/>
</kw>
<kw name="Login As Admin And Go To Dashboard" owner="resources">
<kw name="Switch To Login" owner="resources">
<kw name="Run Keyword And Return Status" owner="BuiltIn">
<kw name="Element Should Be Visible" owner="SeleniumLibrary">
<msg time="2026-02-26T22:27:14.484816" level="INFO">Element 'xpath://h2[contains(.,"Fiók készítése")]' is displayed.</msg>
<arg>xpath://h2[contains(.,"Fiók készítése")]</arg>
<doc>Verifies that the element identified by ``locator`` is visible.</doc>
<status status="PASS" start="2026-02-26T22:27:14.461497" elapsed="0.023614"/>
</kw>
<msg time="2026-02-26T22:27:14.485312" level="INFO">${reg_visible} = True</msg>
<var>${reg_visible}</var>
<arg>Element Should Be Visible</arg>
<arg>xpath://h2[contains(.,"Fiók készítése")]</arg>
<doc>Runs the specified keyword and returns the status as a Boolean value.</doc>
<status status="PASS" start="2026-02-26T22:27:14.460859" elapsed="0.024799"/>
</kw>
<kw name="Run Keyword If" owner="BuiltIn">
<kw name="Click Button" owner="SeleniumLibrary">
<msg time="2026-02-26T22:27:14.487115" level="INFO">Clicking button 'xpath://button[contains(.,"Bejelentkezés")]'.</msg>
<arg>xpath://button[contains(.,"Bejelentkezés")]</arg>
<doc>Clicks the button identified by ``locator``.</doc>
<status status="PASS" start="2026-02-26T22:27:14.486770" elapsed="0.096572"/>
</kw>
<arg>${reg_visible}</arg>
<arg>Click Button</arg>
<arg>xpath://button[contains(.,"Bejelentkezés")]</arg>
<doc>Runs the given keyword with the given arguments, if ``condition`` is true.</doc>
<status status="PASS" start="2026-02-26T22:27:14.485969" elapsed="0.097560"/>
</kw>
<kw name="Wait Until Element Is Visible" owner="SeleniumLibrary">
<arg>xpath://h2[contains(.,"Lépj be a fiókodba")]</arg>
<arg>timeout=5s</arg>
<doc>Waits until the element ``locator`` is visible.</doc>
<status status="PASS" start="2026-02-26T22:27:14.583724" elapsed="0.022351"/>
</kw>
<kw name="Wait Until Element Is Visible" owner="SeleniumLibrary">
<arg>name:email</arg>
<arg>timeout=5s</arg>
<doc>Waits until the element ``locator`` is visible.</doc>
<status status="PASS" start="2026-02-26T22:27:14.606304" elapsed="0.015500"/>
</kw>
<status status="PASS" start="2026-02-26T22:27:14.460489" elapsed="0.161484"/>
</kw>
<kw name="Fill Login Form" owner="resources">
<kw name="Wait Until Element Is Visible" owner="SeleniumLibrary">
<arg>xpath=//div[contains(@class,"b-container")]//input[@name="email"]</arg>
<arg>timeout=5s</arg>
<doc>Waits until the element ``locator`` is visible.</doc>
<status status="PASS" start="2026-02-26T22:27:14.622561" elapsed="0.014937"/>
</kw>
<kw name="Input Text" owner="SeleniumLibrary">
<msg time="2026-02-26T22:27:14.638099" level="INFO">Typing text 'test@example.com' into text field 'xpath=//div[contains(@class,"b-container")]//input[@name="email"]'.</msg>
<arg>xpath=//div[contains(@class,"b-container")]//input[@name="email"]</arg>
<arg>${email}</arg>
<doc>Types the given ``text`` into the text field identified by ``locator``.</doc>
<status status="PASS" start="2026-02-26T22:27:14.637744" elapsed="0.102500"/>
</kw>
<kw name="Input Password" owner="SeleniumLibrary">
<msg time="2026-02-26T22:27:14.740820" level="INFO">Typing password into text field 'xpath=//div[contains(@class,"b-container")]//input[@name="password"]'.</msg>
<msg time="2026-02-26T22:27:14.791905" level="INFO">Temporally setting log level to: NONE</msg>
<arg>xpath=//div[contains(@class,"b-container")]//input[@name="password"]</arg>
<arg>${password}</arg>
<doc>Types the given password into the text field identified by ``locator``.</doc>
<status status="PASS" start="2026-02-26T22:27:14.740460" elapsed="0.109904"/>
</kw>
<arg>${ADMIN_EMAIL}</arg>
<arg>${ADMIN_PASS}</arg>
<status status="PASS" start="2026-02-26T22:27:14.622152" elapsed="0.228386"/>
</kw>
<kw name="Submit Login" owner="resources">
<kw name="Execute Javascript" owner="SeleniumLibrary">
<msg time="2026-02-26T22:27:14.852335" level="INFO">Executing JavaScript:
document.querySelector('.b-container button[type="submit"]').click()
Without any arguments.</msg>
<arg>document.querySelector('.b-container button[type="submit"]').click()</arg>
<doc>Executes the given JavaScript code with possible arguments.</doc>
<status status="PASS" start="2026-02-26T22:27:14.851164" elapsed="0.013738"/>
</kw>
<status status="PASS" start="2026-02-26T22:27:14.850744" elapsed="0.014439"/>
</kw>
<kw name="Login Should Succeed" owner="resources">
<kw name="Wait Until Location Contains" owner="SeleniumLibrary">
<arg>/Profil</arg>
<arg>timeout=20s</arg>
<doc>Waits until the current URL contains ``expected``.</doc>
<status status="PASS" start="2026-02-26T22:27:14.866000" elapsed="1.647728"/>
</kw>
<status status="PASS" start="2026-02-26T22:27:14.865489" elapsed="1.648422"/>
</kw>
<kw name="Go To" owner="SeleniumLibrary">
<msg time="2026-02-26T22:27:16.514344" level="INFO">Opening url 'http://localhost:5173/dashboard'</msg>
<arg>${DASHBOARD_URL}</arg>
<doc>Navigates the current browser window to the provided ``url``.</doc>
<status status="PASS" start="2026-02-26T22:27:16.514048" elapsed="0.295929"/>
</kw>
<kw name="Wait Until Element Is Visible" owner="SeleniumLibrary">
<arg>xpath://h2[contains(.,"Dashboard")]</arg>
<arg>timeout=10s</arg>
<doc>Waits until the element ``locator`` is visible.</doc>
<status status="PASS" start="2026-02-26T22:27:16.810399" elapsed="0.020572"/>
</kw>
<status status="PASS" start="2026-02-26T22:27:14.459723" elapsed="2.371593"/>
</kw>
<kw name="Element Should Be Visible" owner="SeleniumLibrary">
<msg time="2026-02-26T22:27:16.852593" level="INFO">Element 'xpath://a[contains(@class,"nav-link") and contains(.,"Dashboard")]' is displayed.</msg>
<arg>xpath://a[contains(@class,"nav-link") and contains(.,"Dashboard")]</arg>
<doc>Verifies that the element identified by ``locator`` is visible.</doc>
<status status="PASS" start="2026-02-26T22:27:16.831894" elapsed="0.021415"/>
</kw>
<kw name="Element Should Be Visible" owner="SeleniumLibrary">
<msg time="2026-02-26T22:27:16.875868" level="INFO">Element 'xpath://a[contains(@class,"nav-link") and contains(.,"Termékek")]' is displayed.</msg>
<arg>xpath://a[contains(@class,"nav-link") and contains(.,"Termékek")]</arg>
<doc>Verifies that the element identified by ``locator`` is visible.</doc>
<status status="PASS" start="2026-02-26T22:27:16.853806" elapsed="0.022419"/>
</kw>
<kw name="Element Should Be Visible" owner="SeleniumLibrary">
<msg time="2026-02-26T22:27:16.897460" level="INFO">Element 'xpath://a[contains(@class,"nav-link") and contains(.,"Blog Bejegyzések")]' is displayed.</msg>
<arg>xpath://a[contains(@class,"nav-link") and contains(.,"Blog Bejegyzések")]</arg>
<doc>Verifies that the element identified by ``locator`` is visible.</doc>
<status status="PASS" start="2026-02-26T22:27:16.876902" elapsed="0.020916"/>
</kw>
<kw name="Element Should Be Visible" owner="SeleniumLibrary">
<msg time="2026-02-26T22:27:16.962275" level="INFO">Element 'xpath://a[contains(@class,"nav-link") and contains(.,"Felhasznalok")]' is displayed.</msg>
<arg>xpath://a[contains(@class,"nav-link") and contains(.,"Felhasznalok")]</arg>
<doc>Verifies that the element identified by ``locator`` is visible.</doc>
<status status="PASS" start="2026-02-26T22:27:16.898396" elapsed="0.064232"/>
</kw>
<kw name="Element Should Be Visible" owner="SeleniumLibrary">
<msg time="2026-02-26T22:27:16.988256" level="INFO">Element 'xpath://a[contains(@class,"nav-link") and contains(.,"Analitika")]' is displayed.</msg>
<arg>xpath://a[contains(@class,"nav-link") and contains(.,"Analitika")]</arg>
<doc>Verifies that the element identified by ``locator`` is visible.</doc>
<status status="PASS" start="2026-02-26T22:27:16.963353" elapsed="0.025455"/>
</kw>
<kw name="Close Browser" owner="SeleniumLibrary" type="TEARDOWN">
<doc>Closes the current browser.</doc>
<status status="PASS" start="2026-02-26T22:27:16.989357" elapsed="2.231984"/>
</kw>
<status status="PASS" start="2026-02-26T22:27:11.342749" elapsed="7.879163"/>
</test>
<test id="s1-s1-s1-t4" name="Dashboard Sidebar Dashboard Link Aktív Alapból" line="27">
<kw name="Open Registration Page" owner="resources" type="SETUP">
<kw name="Open Browser" owner="SeleniumLibrary">
<msg time="2026-02-26T22:27:19.250617" level="INFO">Opening browser 'Chrome' to base url 'http://localhost:5173'.</msg>
<arg>${URL}</arg>
<arg>${BROWSER}</arg>
<doc>Opens a new browser instance to the optional ``url``.</doc>
<status status="PASS" start="2026-02-26T22:27:19.250196" elapsed="2.849809"/>
</kw>
<kw name="Maximize Browser Window" owner="SeleniumLibrary">
<doc>Maximizes current browser window.</doc>
<status status="PASS" start="2026-02-26T22:27:22.100368" elapsed="0.033973"/>
</kw>
<kw name="Wait Until Element Is Visible" owner="SeleniumLibrary">
<arg>//header//nav//a[7]</arg>
<doc>Waits until the element ``locator`` is visible.</doc>
<status status="PASS" start="2026-02-26T22:27:22.134722" elapsed="0.018487"/>
</kw>
<kw name="Click Element" owner="SeleniumLibrary">
<msg time="2026-02-26T22:27:22.153735" level="INFO">Clicking element '//header//nav//a[7]'.</msg>
<arg>//header//nav//a[7]</arg>
<doc>Click the element identified by ``locator``.</doc>
<status status="PASS" start="2026-02-26T22:27:22.153431" elapsed="0.088929"/>
</kw>
<status status="PASS" start="2026-02-26T22:27:19.249429" elapsed="2.993274"/>
</kw>
<kw name="Login As Admin And Go To Dashboard" owner="resources">
<kw name="Switch To Login" owner="resources">
<kw name="Run Keyword And Return Status" owner="BuiltIn">
<kw name="Element Should Be Visible" owner="SeleniumLibrary">
<msg time="2026-02-26T22:27:22.264160" level="INFO">Element 'xpath://h2[contains(.,"Fiók készítése")]' is displayed.</msg>
<arg>xpath://h2[contains(.,"Fiók készítése")]</arg>
<doc>Verifies that the element identified by ``locator`` is visible.</doc>
<status status="PASS" start="2026-02-26T22:27:22.244802" elapsed="0.019694"/>
</kw>
<msg time="2026-02-26T22:27:22.264745" level="INFO">${reg_visible} = True</msg>
<var>${reg_visible}</var>
<arg>Element Should Be Visible</arg>
<arg>xpath://h2[contains(.,"Fiók készítése")]</arg>
<doc>Runs the specified keyword and returns the status as a Boolean value.</doc>
<status status="PASS" start="2026-02-26T22:27:22.244303" elapsed="0.020592"/>
</kw>
<kw name="Run Keyword If" owner="BuiltIn">
<kw name="Click Button" owner="SeleniumLibrary">
<msg time="2026-02-26T22:27:22.266296" level="INFO">Clicking button 'xpath://button[contains(.,"Bejelentkezés")]'.</msg>
<arg>xpath://button[contains(.,"Bejelentkezés")]</arg>
<doc>Clicks the button identified by ``locator``.</doc>
<status status="PASS" start="2026-02-26T22:27:22.265874" elapsed="0.086836"/>
</kw>
<arg>${reg_visible}</arg>
<arg>Click Button</arg>
<arg>xpath://button[contains(.,"Bejelentkezés")]</arg>
<doc>Runs the given keyword with the given arguments, if ``condition`` is true.</doc>
<status status="PASS" start="2026-02-26T22:27:22.265173" elapsed="0.087844"/>
</kw>
<kw name="Wait Until Element Is Visible" owner="SeleniumLibrary">
<arg>xpath://h2[contains(.,"Lépj be a fiókodba")]</arg>
<arg>timeout=5s</arg>
<doc>Waits until the element ``locator`` is visible.</doc>
<status status="PASS" start="2026-02-26T22:27:22.353264" elapsed="0.022491"/>
</kw>
<kw name="Wait Until Element Is Visible" owner="SeleniumLibrary">
<arg>name:email</arg>
<arg>timeout=5s</arg>
<doc>Waits until the element ``locator`` is visible.</doc>
<status status="PASS" start="2026-02-26T22:27:22.376014" elapsed="0.012592"/>
</kw>
<status status="PASS" start="2026-02-26T22:27:22.244004" elapsed="0.144779"/>
</kw>
<kw name="Fill Login Form" owner="resources">
<kw name="Wait Until Element Is Visible" owner="SeleniumLibrary">
<arg>xpath=//div[contains(@class,"b-container")]//input[@name="email"]</arg>
<arg>timeout=5s</arg>
<doc>Waits until the element ``locator`` is visible.</doc>
<status status="PASS" start="2026-02-26T22:27:22.389408" elapsed="0.013021"/>
</kw>
<kw name="Input Text" owner="SeleniumLibrary">
<msg time="2026-02-26T22:27:22.403099" level="INFO">Typing text 'test@example.com' into text field 'xpath=//div[contains(@class,"b-container")]//input[@name="email"]'.</msg>
<arg>xpath=//div[contains(@class,"b-container")]//input[@name="email"]</arg>
<arg>${email}</arg>
<doc>Types the given ``text`` into the text field identified by ``locator``.</doc>
<status status="PASS" start="2026-02-26T22:27:22.402674" elapsed="0.105660"/>
</kw>
<kw name="Input Password" owner="SeleniumLibrary">
<msg time="2026-02-26T22:27:22.509009" level="INFO">Typing password into text field 'xpath=//div[contains(@class,"b-container")]//input[@name="password"]'.</msg>
<msg time="2026-02-26T22:27:22.552320" level="INFO">Temporally setting log level to: NONE</msg>
<arg>xpath=//div[contains(@class,"b-container")]//input[@name="password"]</arg>
<arg>${password}</arg>
<doc>Types the given password into the text field identified by ``locator``.</doc>
<status status="PASS" start="2026-02-26T22:27:22.508610" elapsed="0.105554"/>
</kw>
<arg>${ADMIN_EMAIL}</arg>
<arg>${ADMIN_PASS}</arg>
<status status="PASS" start="2026-02-26T22:27:22.388969" elapsed="0.225504"/>
</kw>
<kw name="Submit Login" owner="resources">
<kw name="Execute Javascript" owner="SeleniumLibrary">
<msg time="2026-02-26T22:27:22.615972" level="INFO">Executing JavaScript:
document.querySelector('.b-container button[type="submit"]').click()
Without any arguments.</msg>
<arg>document.querySelector('.b-container button[type="submit"]').click()</arg>
<doc>Executes the given JavaScript code with possible arguments.</doc>
<status status="PASS" start="2026-02-26T22:27:22.615276" elapsed="0.012270"/>
</kw>
<status status="PASS" start="2026-02-26T22:27:22.614749" elapsed="0.012989"/>
</kw>
<kw name="Login Should Succeed" owner="resources">
<kw name="Wait Until Location Contains" owner="SeleniumLibrary">
<arg>/Profil</arg>
<arg>timeout=20s</arg>
<doc>Waits until the current URL contains ``expected``.</doc>
<status status="PASS" start="2026-02-26T22:27:22.628300" elapsed="1.658955"/>
</kw>
<status status="PASS" start="2026-02-26T22:27:22.627929" elapsed="1.659551"/>
</kw>
<kw name="Go To" owner="SeleniumLibrary">
<msg time="2026-02-26T22:27:24.288037" level="INFO">Opening url 'http://localhost:5173/dashboard'</msg>
<arg>${DASHBOARD_URL}</arg>
<doc>Navigates the current browser window to the provided ``url``.</doc>
<status status="PASS" start="2026-02-26T22:27:24.287654" elapsed="0.294981"/>
</kw>
<kw name="Wait Until Element Is Visible" owner="SeleniumLibrary">
<arg>xpath://h2[contains(.,"Dashboard")]</arg>
<arg>timeout=10s</arg>
<doc>Waits until the element ``locator`` is visible.</doc>
<status status="PASS" start="2026-02-26T22:27:24.583010" elapsed="0.024218"/>
</kw>
<status status="PASS" start="2026-02-26T22:27:22.243405" elapsed="2.364021"/>
</kw>
<kw name="Dashboard Sidebar Link Should Be Active" owner="resources">
<kw name="Get Element Attribute" owner="SeleniumLibrary">
<msg time="2026-02-26T22:27:24.627716" level="INFO">${active} = nav-link active</msg>
<var>${active}</var>
<arg>xpath://a[contains(@class,"nav-link") and contains(.,"${view_name}")]</arg>
<arg>class</arg>
<doc>Returns the value of ``attribute`` from the element ``locator``.</doc>
<status status="PASS" start="2026-02-26T22:27:24.609173" elapsed="0.018814"/>
</kw>
<kw name="Should Contain" owner="BuiltIn">
<arg>${active}</arg>
<arg>active</arg>
<doc>Fails if ``container`` does not contain ``item`` one or more times.</doc>
<status status="PASS" start="2026-02-26T22:27:24.628265" elapsed="0.000929"/>
</kw>
<arg>Dashboard</arg>
<status status="PASS" start="2026-02-26T22:27:24.607840" elapsed="0.021583"/>
</kw>
<kw name="Close Browser" owner="SeleniumLibrary" type="TEARDOWN">
<doc>Closes the current browser.</doc>
<status status="PASS" start="2026-02-26T22:27:24.630105" elapsed="2.248848"/>
</kw>
<status status="PASS" start="2026-02-26T22:27:19.232458" elapsed="7.647442"/>
</test>
<test id="s1-s1-s1-t5" name="Navigáció Termékek Nézetre" line="31">
<kw name="Open Registration Page" owner="resources" type="SETUP">
<kw name="Open Browser" owner="SeleniumLibrary">
<msg time="2026-02-26T22:27:26.916186" level="INFO">Opening browser 'Chrome' to base url 'http://localhost:5173'.</msg>
<arg>${URL}</arg>
<arg>${BROWSER}</arg>
<doc>Opens a new browser instance to the optional ``url``.</doc>
<status status="PASS" start="2026-02-26T22:27:26.915274" elapsed="2.939887"/>
</kw>
<kw name="Maximize Browser Window" owner="SeleniumLibrary">
<doc>Maximizes current browser window.</doc>
<status status="PASS" start="2026-02-26T22:27:29.855564" elapsed="0.033056"/>
</kw>
<kw name="Wait Until Element Is Visible" owner="SeleniumLibrary">
<arg>//header//nav//a[7]</arg>
<doc>Waits until the element ``locator`` is visible.</doc>
<status status="PASS" start="2026-02-26T22:27:29.888956" elapsed="0.017853"/>
</kw>
<kw name="Click Element" owner="SeleniumLibrary">
<msg time="2026-02-26T22:27:29.907392" level="INFO">Clicking element '//header//nav//a[7]'.</msg>
<arg>//header//nav//a[7]</arg>
<doc>Click the element identified by ``locator``.</doc>
<status status="PASS" start="2026-02-26T22:27:29.907050" elapsed="0.091902"/>
</kw>
<status status="PASS" start="2026-02-26T22:27:26.914047" elapsed="3.085267"/>
</kw>
<kw name="Login As Admin And Go To Dashboard" owner="resources">
<kw name="Switch To Login" owner="resources">
<kw name="Run Keyword And Return Status" owner="BuiltIn">
<kw name="Element Should Be Visible" owner="SeleniumLibrary">
<msg time="2026-02-26T22:27:30.025055" level="INFO">Element 'xpath://h2[contains(.,"Fiók készítése")]' is displayed.</msg>
<arg>xpath://h2[contains(.,"Fiók készítése")]</arg>
<doc>Verifies that the element identified by ``locator`` is visible.</doc>
<status status="PASS" start="2026-02-26T22:27:30.001713" elapsed="0.024010"/>
</kw>
<msg time="2026-02-26T22:27:30.026044" level="INFO">${reg_visible} = True</msg>
<var>${reg_visible}</var>
<arg>Element Should Be Visible</arg>
<arg>xpath://h2[contains(.,"Fiók készítése")]</arg>
<doc>Runs the specified keyword and returns the status as a Boolean value.</doc>
<status status="PASS" start="2026-02-26T22:27:30.001024" elapsed="0.025260"/>
</kw>
<kw name="Run Keyword If" owner="BuiltIn">
<kw name="Click Button" owner="SeleniumLibrary">
<msg time="2026-02-26T22:27:30.027878" level="INFO">Clicking button 'xpath://button[contains(.,"Bejelentkezés")]'.</msg>
<arg>xpath://button[contains(.,"Bejelentkezés")]</arg>
<doc>Clicks the button identified by ``locator``.</doc>
<status status="PASS" start="2026-02-26T22:27:30.027451" elapsed="0.094838"/>
</kw>
<arg>${reg_visible}</arg>
<arg>Click Button</arg>
<arg>xpath://button[contains(.,"Bejelentkezés")]</arg>
<doc>Runs the given keyword with the given arguments, if ``condition`` is true.</doc>
<status status="PASS" start="2026-02-26T22:27:30.026582" elapsed="0.095922"/>
</kw>
<kw name="Wait Until Element Is Visible" owner="SeleniumLibrary">
<arg>xpath://h2[contains(.,"Lépj be a fiókodba")]</arg>
<arg>timeout=5s</arg>
<doc>Waits until the element ``locator`` is visible.</doc>
<status status="PASS" start="2026-02-26T22:27:30.122680" elapsed="0.025332"/>
</kw>
<kw name="Wait Until Element Is Visible" owner="SeleniumLibrary">
<arg>name:email</arg>
<arg>timeout=5s</arg>
<doc>Waits until the element ``locator`` is visible.</doc>
<status status="PASS" start="2026-02-26T22:27:30.148593" elapsed="0.017298"/>
</kw>
<status status="PASS" start="2026-02-26T22:27:30.000663" elapsed="0.165475"/>
</kw>
<kw name="Fill Login Form" owner="resources">
<kw name="Wait Until Element Is Visible" owner="SeleniumLibrary">
<arg>xpath=//div[contains(@class,"b-container")]//input[@name="email"]</arg>
<arg>timeout=5s</arg>
<doc>Waits until the element ``locator`` is visible.</doc>
<status status="PASS" start="2026-02-26T22:27:30.166894" elapsed="0.015841"/>
</kw>
<kw name="Input Text" owner="SeleniumLibrary">
<msg time="2026-02-26T22:27:30.183494" level="INFO">Typing text 'test@example.com' into text field 'xpath=//div[contains(@class,"b-container")]//input[@name="email"]'.</msg>
<arg>xpath=//div[contains(@class,"b-container")]//input[@name="email"]</arg>
<arg>${email}</arg>
<doc>Types the given ``text`` into the text field identified by ``locator``.</doc>
<status status="PASS" start="2026-02-26T22:27:30.182998" elapsed="0.118000"/>
</kw>
<kw name="Input Password" owner="SeleniumLibrary">
<msg time="2026-02-26T22:27:30.301812" level="INFO">Typing password into text field 'xpath=//div[contains(@class,"b-container")]//input[@name="password"]'.</msg>
<msg time="2026-02-26T22:27:30.349464" level="INFO">Temporally setting log level to: NONE</msg>
<arg>xpath=//div[contains(@class,"b-container")]//input[@name="password"]</arg>
<arg>${password}</arg>
<doc>Types the given password into the text field identified by ``locator``.</doc>
<status status="PASS" start="2026-02-26T22:27:30.301309" elapsed="0.141415"/>
</kw>
<arg>${ADMIN_EMAIL}</arg>
<arg>${ADMIN_PASS}</arg>
<status status="PASS" start="2026-02-26T22:27:30.166375" elapsed="0.276798"/>
</kw>
<kw name="Submit Login" owner="resources">
<kw name="Execute Javascript" owner="SeleniumLibrary">
<msg time="2026-02-26T22:27:30.445351" level="INFO">Executing JavaScript:
document.querySelector('.b-container button[type="submit"]').click()
Without any arguments.</msg>
<arg>document.querySelector('.b-container button[type="submit"]').click()</arg>
<doc>Executes the given JavaScript code with possible arguments.</doc>
<status status="PASS" start="2026-02-26T22:27:30.444568" elapsed="0.013251"/>
</kw>
<status status="PASS" start="2026-02-26T22:27:30.443775" elapsed="0.014475"/>
</kw>
<kw name="Login Should Succeed" owner="resources">
<kw name="Wait Until Location Contains" owner="SeleniumLibrary">
<arg>/Profil</arg>
<arg>timeout=20s</arg>
<doc>Waits until the current URL contains ``expected``.</doc>
<status status="PASS" start="2026-02-26T22:27:30.459294" elapsed="1.655339"/>
</kw>
<status status="PASS" start="2026-02-26T22:27:30.458598" elapsed="1.656241"/>
</kw>
<kw name="Go To" owner="SeleniumLibrary">
<msg time="2026-02-26T22:27:32.115331" level="INFO">Opening url 'http://localhost:5173/dashboard'</msg>
<arg>${DASHBOARD_URL}</arg>
<doc>Navigates the current browser window to the provided ``url``.</doc>
<status status="PASS" start="2026-02-26T22:27:32.114988" elapsed="0.294226"/>
</kw>
<kw name="Wait Until Element Is Visible" owner="SeleniumLibrary">
<arg>xpath://h2[contains(.,"Dashboard")]</arg>
<arg>timeout=10s</arg>
<doc>Waits until the element ``locator`` is visible.</doc>
<status status="PASS" start="2026-02-26T22:27:32.409526" elapsed="0.021144"/>
</kw>
<status status="PASS" start="2026-02-26T22:27:29.999918" elapsed="2.431043"/>
</kw>
<kw name="Click Element" owner="SeleniumLibrary">
<msg time="2026-02-26T22:27:32.432014" level="INFO">Clicking element 'xpath://a[contains(@class,"nav-link") and contains(.,"Termékek")]'.</msg>
<arg>xpath://a[contains(@class,"nav-link") and contains(.,"Termékek")]</arg>
<doc>Click the element identified by ``locator``.</doc>
<status status="PASS" start="2026-02-26T22:27:32.431468" elapsed="0.108633"/>
</kw>
<kw name="Wait Until Element Is Visible" owner="SeleniumLibrary">
<arg>xpath://h2[contains(.,"Termékek")]</arg>
<arg>timeout=5s</arg>
<doc>Waits until the element ``locator`` is visible.</doc>
<status status="PASS" start="2026-02-26T22:27:32.540954" elapsed="0.037047"/>
</kw>
<kw name="Dashboard Sidebar Link Should Be Active" owner="resources">
<kw name="Get Element Attribute" owner="SeleniumLibrary">
<msg time="2026-02-26T22:27:32.604651" level="INFO">${active} = nav-link active</msg>
<var>${active}</var>
<arg>xpath://a[contains(@class,"nav-link") and contains(.,"${view_name}")]</arg>
<arg>class</arg>
<doc>Returns the value of ``attribute`` from the element ``locator``.</doc>
<status status="PASS" start="2026-02-26T22:27:32.580126" elapsed="0.025225"/>
</kw>
<kw name="Should Contain" owner="BuiltIn">
<arg>${active}</arg>
<arg>active</arg>
<doc>Fails if ``container`` does not contain ``item`` one or more times.</doc>
<status status="PASS" start="2026-02-26T22:27:32.605822" elapsed="0.000893"/>
</kw>
<arg>Termékek</arg>
<status status="PASS" start="2026-02-26T22:27:32.578642" elapsed="0.028344"/>
</kw>
<kw name="Close Browser" owner="SeleniumLibrary" type="TEARDOWN">
<doc>Closes the current browser.</doc>
<status status="PASS" start="2026-02-26T22:27:32.607583" elapsed="2.226223"/>
</kw>
<status status="PASS" start="2026-02-26T22:27:26.890990" elapsed="7.943834"/>
</test>
<test id="s1-s1-s1-t6" name="Navigáció Blog Nézetre" line="37">
<kw name="Open Registration Page" owner="resources" type="SETUP">
<kw name="Open Browser" owner="SeleniumLibrary">
<msg time="2026-02-26T22:27:34.862434" level="INFO">Opening browser 'Chrome' to base url 'http://localhost:5173'.</msg>
<arg>${URL}</arg>
<arg>${BROWSER}</arg>
<doc>Opens a new browser instance to the optional ``url``.</doc>
<status status="PASS" start="2026-02-26T22:27:34.862025" elapsed="2.778853"/>
</kw>
<kw name="Maximize Browser Window" owner="SeleniumLibrary">
<doc>Maximizes current browser window.</doc>
<status status="PASS" start="2026-02-26T22:27:37.641251" elapsed="0.025691"/>
</kw>
<kw name="Wait Until Element Is Visible" owner="SeleniumLibrary">
<arg>//header//nav//a[7]</arg>
<doc>Waits until the element ``locator`` is visible.</doc>
<status status="PASS" start="2026-02-26T22:27:37.667171" elapsed="0.018070"/>
</kw>
<kw name="Click Element" owner="SeleniumLibrary">
<msg time="2026-02-26T22:27:37.685763" level="INFO">Clicking element '//header//nav//a[7]'.</msg>
<arg>//header//nav//a[7]</arg>
<doc>Click the element identified by ``locator``.</doc>
<status status="PASS" start="2026-02-26T22:27:37.685459" elapsed="0.082738"/>
</kw>
<status status="PASS" start="2026-02-26T22:27:34.861510" elapsed="2.906938"/>
</kw>
<kw name="Login As Admin And Go To Dashboard" owner="resources">
<kw name="Switch To Login" owner="resources">
<kw name="Run Keyword And Return Status" owner="BuiltIn">
<kw name="Element Should Be Visible" owner="SeleniumLibrary">
<msg time="2026-02-26T22:27:37.789008" level="INFO">Element 'xpath://h2[contains(.,"Fiók készítése")]' is displayed.</msg>
<arg>xpath://h2[contains(.,"Fiók készítése")]</arg>
<doc>Verifies that the element identified by ``locator`` is visible.</doc>
<status status="PASS" start="2026-02-26T22:27:37.770494" elapsed="0.018890"/>
</kw>
<msg time="2026-02-26T22:27:37.789671" level="INFO">${reg_visible} = True</msg>
<var>${reg_visible}</var>
<arg>Element Should Be Visible</arg>
<arg>xpath://h2[contains(.,"Fiók készítése")]</arg>
<doc>Runs the specified keyword and returns the status as a Boolean value.</doc>
<status status="PASS" start="2026-02-26T22:27:37.770019" elapsed="0.019930"/>
</kw>
<kw name="Run Keyword If" owner="BuiltIn">
<kw name="Click Button" owner="SeleniumLibrary">
<msg time="2026-02-26T22:27:37.791338" level="INFO">Clicking button 'xpath://button[contains(.,"Bejelentkezés")]'.</msg>
<arg>xpath://button[contains(.,"Bejelentkezés")]</arg>
<doc>Clicks the button identified by ``locator``.</doc>
<status status="PASS" start="2026-02-26T22:27:37.790953" elapsed="0.092559"/>
</kw>
<arg>${reg_visible}</arg>
<arg>Click Button</arg>
<arg>xpath://button[contains(.,"Bejelentkezés")]</arg>
<doc>Runs the given keyword with the given arguments, if ``condition`` is true.</doc>
<status status="PASS" start="2026-02-26T22:27:37.790213" elapsed="0.093581"/>
</kw>
<kw name="Wait Until Element Is Visible" owner="SeleniumLibrary">
<arg>xpath://h2[contains(.,"Lépj be a fiókodba")]</arg>
<arg>timeout=5s</arg>
<doc>Waits until the element ``locator`` is visible.</doc>
<status status="PASS" start="2026-02-26T22:27:37.884037" elapsed="0.029489"/>
</kw>
<kw name="Wait Until Element Is Visible" owner="SeleniumLibrary">
<arg>name:email</arg>
<arg>timeout=5s</arg>
<doc>Waits until the element ``locator`` is visible.</doc>
<status status="PASS" start="2026-02-26T22:27:37.914034" elapsed="0.016064"/>
</kw>
<status status="PASS" start="2026-02-26T22:27:37.769707" elapsed="0.160652"/>
</kw>
<kw name="Fill Login Form" owner="resources">
<kw name="Wait Until Element Is Visible" owner="SeleniumLibrary">
<arg>xpath=//div[contains(@class,"b-container")]//input[@name="email"]</arg>
<arg>timeout=5s</arg>
<doc>Waits until the element ``locator`` is visible.</doc>
<status status="PASS" start="2026-02-26T22:27:37.931215" elapsed="0.013857"/>
</kw>
<kw name="Input Text" owner="SeleniumLibrary">
<msg time="2026-02-26T22:27:37.945869" level="INFO">Typing text 'test@example.com' into text field 'xpath=//div[contains(@class,"b-container")]//input[@name="email"]'.</msg>
<arg>xpath=//div[contains(@class,"b-container")]//input[@name="email"]</arg>
<arg>${email}</arg>
<doc>Types the given ``text`` into the text field identified by ``locator``.</doc>
<status status="PASS" start="2026-02-26T22:27:37.945380" elapsed="0.111947"/>
</kw>
<kw name="Input Password" owner="SeleniumLibrary">
<msg time="2026-02-26T22:27:38.058232" level="INFO">Typing password into text field 'xpath=//div[contains(@class,"b-container")]//input[@name="password"]'.</msg>
<msg time="2026-02-26T22:27:38.109218" level="INFO">Temporally setting log level to: NONE</msg>
<arg>xpath=//div[contains(@class,"b-container")]//input[@name="password"]</arg>
<arg>${password}</arg>
<doc>Types the given password into the text field identified by ``locator``.</doc>
<status status="PASS" start="2026-02-26T22:27:38.057618" elapsed="0.122141"/>
</kw>
<arg>${ADMIN_EMAIL}</arg>
<arg>${ADMIN_PASS}</arg>
<status status="PASS" start="2026-02-26T22:27:37.930684" elapsed="0.249455"/>
</kw>
<kw name="Submit Login" owner="resources">
<kw name="Execute Javascript" owner="SeleniumLibrary">
<msg time="2026-02-26T22:27:38.181484" level="INFO">Executing JavaScript:
document.querySelector('.b-container button[type="submit"]').click()
Without any arguments.</msg>
<arg>document.querySelector('.b-container button[type="submit"]').click()</arg>
<doc>Executes the given JavaScript code with possible arguments.</doc>
<status status="PASS" start="2026-02-26T22:27:38.180940" elapsed="0.014129"/>
</kw>
<status status="PASS" start="2026-02-26T22:27:38.180422" elapsed="0.015166"/>
</kw>
<kw name="Login Should Succeed" owner="resources">
<kw name="Wait Until Location Contains" owner="SeleniumLibrary">
<arg>/Profil</arg>
<arg>timeout=20s</arg>
<doc>Waits until the current URL contains ``expected``.</doc>
<status status="PASS" start="2026-02-26T22:27:38.196471" elapsed="1.650584"/>
</kw>
<status status="PASS" start="2026-02-26T22:27:38.195934" elapsed="1.651423"/>
</kw>
<kw name="Go To" owner="SeleniumLibrary">
<msg time="2026-02-26T22:27:39.847976" level="INFO">Opening url 'http://localhost:5173/dashboard'</msg>
<arg>${DASHBOARD_URL}</arg>
<doc>Navigates the current browser window to the provided ``url``.</doc>
<status status="PASS" start="2026-02-26T22:27:39.847560" elapsed="0.301616"/>
</kw>
<kw name="Wait Until Element Is Visible" owner="SeleniumLibrary">
<arg>xpath://h2[contains(.,"Dashboard")]</arg>
<arg>timeout=10s</arg>
<doc>Waits until the element ``locator`` is visible.</doc>
<status status="PASS" start="2026-02-26T22:27:40.149639" elapsed="0.019855"/>
</kw>
<status status="PASS" start="2026-02-26T22:27:37.769059" elapsed="2.400757"/>
</kw>
<kw name="Click Element" owner="SeleniumLibrary">
<msg time="2026-02-26T22:27:40.170851" level="INFO">Clicking element 'xpath://a[contains(@class,"nav-link") and contains(.,"Blog Bejegyzések")]'.</msg>
<arg>xpath://a[contains(@class,"nav-link") and contains(.,"Blog Bejegyzések")]</arg>
<doc>Click the element identified by ``locator``.</doc>
<status status="PASS" start="2026-02-26T22:27:40.170266" elapsed="0.070022"/>
</kw>
<kw name="Wait Until Element Is Visible" owner="SeleniumLibrary">
<arg>xpath://h2[contains(.,"Blog Bejegyzések")]</arg>
<arg>timeout=5s</arg>
<doc>Waits until the element ``locator`` is visible.</doc>
<status status="PASS" start="2026-02-26T22:27:40.240837" elapsed="0.018981"/>
</kw>
<kw name="Dashboard Sidebar Link Should Be Active" owner="resources">
<kw name="Get Element Attribute" owner="SeleniumLibrary">
<msg time="2026-02-26T22:27:40.285673" level="INFO">${active} = nav-link active</msg>
<var>${active}</var>
<arg>xpath://a[contains(@class,"nav-link") and contains(.,"${view_name}")]</arg>
<arg>class</arg>
<doc>Returns the value of ``attribute`` from the element ``locator``.</doc>
<status status="PASS" start="2026-02-26T22:27:40.262544" elapsed="0.023703"/>
</kw>
<kw name="Should Contain" owner="BuiltIn">
<arg>${active}</arg>
<arg>active</arg>
<doc>Fails if ``container`` does not contain ``item`` one or more times.</doc>
<status status="PASS" start="2026-02-26T22:27:40.286830" elapsed="0.001093"/>
</kw>
<arg>Blog Bejegyzések</arg>
<status status="PASS" start="2026-02-26T22:27:40.261358" elapsed="0.027024"/>
</kw>
<kw name="Close Browser" owner="SeleniumLibrary" type="TEARDOWN">
<doc>Closes the current browser.</doc>
<status status="PASS" start="2026-02-26T22:27:40.289721" elapsed="2.208684"/>
</kw>
<status status="PASS" start="2026-02-26T22:27:34.848047" elapsed="7.650757"/>
</test>
<test id="s1-s1-s1-t7" name="Navigáció Felhasználók Nézetre" line="43">
<kw name="Open Registration Page" owner="resources" type="SETUP">
<kw name="Open Browser" owner="SeleniumLibrary">
<msg time="2026-02-26T22:27:42.506824" level="INFO">Opening browser 'Chrome' to base url 'http://localhost:5173'.</msg>
<arg>${URL}</arg>
<arg>${BROWSER}</arg>
<doc>Opens a new browser instance to the optional ``url``.</doc>
<status status="PASS" start="2026-02-26T22:27:42.506576" elapsed="2.760168"/>
</kw>
<kw name="Maximize Browser Window" owner="SeleniumLibrary">
<doc>Maximizes current browser window.</doc>
<status status="PASS" start="2026-02-26T22:27:45.267151" elapsed="0.036273"/>
</kw>
<kw name="Wait Until Element Is Visible" owner="SeleniumLibrary">
<arg>//header//nav//a[7]</arg>
<doc>Waits until the element ``locator`` is visible.</doc>
<status status="PASS" start="2026-02-26T22:27:45.303725" elapsed="0.019150"/>
</kw>
<kw name="Click Element" owner="SeleniumLibrary">
<msg time="2026-02-26T22:27:45.323571" level="INFO">Clicking element '//header//nav//a[7]'.</msg>
<arg>//header//nav//a[7]</arg>
<doc>Click the element identified by ``locator``.</doc>
<status status="PASS" start="2026-02-26T22:27:45.323167" elapsed="0.087600"/>
</kw>
<status status="PASS" start="2026-02-26T22:27:42.506188" elapsed="2.904907"/>
</kw>
<kw name="Login As Admin And Go To Dashboard" owner="resources">
<kw name="Switch To Login" owner="resources">
<kw name="Run Keyword And Return Status" owner="BuiltIn">
<kw name="Element Should Be Visible" owner="SeleniumLibrary">
<msg time="2026-02-26T22:27:45.430251" level="INFO">Element 'xpath://h2[contains(.,"Fiók készítése")]' is displayed.</msg>
<arg>xpath://h2[contains(.,"Fiók készítése")]</arg>
<doc>Verifies that the element identified by ``locator`` is visible.</doc>
<status status="PASS" start="2026-02-26T22:27:45.413764" elapsed="0.017009"/>
</kw>
<msg time="2026-02-26T22:27:45.431073" level="INFO">${reg_visible} = True</msg>
<var>${reg_visible}</var>
<arg>Element Should Be Visible</arg>
<arg>xpath://h2[contains(.,"Fiók készítése")]</arg>
<doc>Runs the specified keyword and returns the status as a Boolean value.</doc>
<status status="PASS" start="2026-02-26T22:27:45.412983" elapsed="0.018412"/>
</kw>
<kw name="Run Keyword If" owner="BuiltIn">
<kw name="Click Button" owner="SeleniumLibrary">
<msg time="2026-02-26T22:27:45.433720" level="INFO">Clicking button 'xpath://button[contains(.,"Bejelentkezés")]'.</msg>
<arg>xpath://button[contains(.,"Bejelentkezés")]</arg>
<doc>Clicks the button identified by ``locator``.</doc>
<status status="PASS" start="2026-02-26T22:27:45.433267" elapsed="0.088102"/>
</kw>
<arg>${reg_visible}</arg>
<arg>Click Button</arg>
<arg>xpath://button[contains(.,"Bejelentkezés")]</arg>
<doc>Runs the given keyword with the given arguments, if ``condition`` is true.</doc>
<status status="PASS" start="2026-02-26T22:27:45.431870" elapsed="0.089838"/>
</kw>
<kw name="Wait Until Element Is Visible" owner="SeleniumLibrary">
<arg>xpath://h2[contains(.,"Lépj be a fiókodba")]</arg>
<arg>timeout=5s</arg>
<doc>Waits until the element ``locator`` is visible.</doc>
<status status="PASS" start="2026-02-26T22:27:45.521956" elapsed="0.018390"/>
</kw>
<kw name="Wait Until Element Is Visible" owner="SeleniumLibrary">
<arg>name:email</arg>
<arg>timeout=5s</arg>
<doc>Waits until the element ``locator`` is visible.</doc>
<status status="PASS" start="2026-02-26T22:27:45.540574" elapsed="0.013842"/>
</kw>
<status status="PASS" start="2026-02-26T22:27:45.412454" elapsed="0.142141"/>
</kw>
<kw name="Fill Login Form" owner="resources">
<kw name="Wait Until Element Is Visible" owner="SeleniumLibrary">
<arg>xpath=//div[contains(@class,"b-container")]//input[@name="email"]</arg>
<arg>timeout=5s</arg>
<doc>Waits until the element ``locator`` is visible.</doc>
<status status="PASS" start="2026-02-26T22:27:45.555197" elapsed="0.013619"/>
</kw>
<kw name="Input Text" owner="SeleniumLibrary">
<msg time="2026-02-26T22:27:45.569429" level="INFO">Typing text 'test@example.com' into text field 'xpath=//div[contains(@class,"b-container")]//input[@name="email"]'.</msg>
<arg>xpath=//div[contains(@class,"b-container")]//input[@name="email"]</arg>
<arg>${email}</arg>
<doc>Types the given ``text`` into the text field identified by ``locator``.</doc>
<status status="PASS" start="2026-02-26T22:27:45.569067" elapsed="0.126730"/>
</kw>
<kw name="Input Password" owner="SeleniumLibrary">
<msg time="2026-02-26T22:27:45.696949" level="INFO">Typing password into text field 'xpath=//div[contains(@class,"b-container")]//input[@name="password"]'.</msg>
<msg time="2026-02-26T22:27:45.743427" level="INFO">Temporally setting log level to: NONE</msg>
<arg>xpath=//div[contains(@class,"b-container")]//input[@name="password"]</arg>
<arg>${password}</arg>
<doc>Types the given password into the text field identified by ``locator``.</doc>
<status status="PASS" start="2026-02-26T22:27:45.696271" elapsed="0.108115"/>
</kw>
<arg>${ADMIN_EMAIL}</arg>
<arg>${ADMIN_PASS}</arg>
<status status="PASS" start="2026-02-26T22:27:45.554775" elapsed="0.249887"/>
</kw>
<kw name="Submit Login" owner="resources">
<kw name="Execute Javascript" owner="SeleniumLibrary">
<msg time="2026-02-26T22:27:45.806075" level="INFO">Executing JavaScript:
document.querySelector('.b-container button[type="submit"]').click()
Without any arguments.</msg>
<arg>document.querySelector('.b-container button[type="submit"]').click()</arg>
<doc>Executes the given JavaScript code with possible arguments.</doc>
<status status="PASS" start="2026-02-26T22:27:45.805459" elapsed="0.011524"/>
</kw>
<status status="PASS" start="2026-02-26T22:27:45.804922" elapsed="0.012648"/>
</kw>
<kw name="Login Should Succeed" owner="resources">
<kw name="Wait Until Location Contains" owner="SeleniumLibrary">
<arg>/Profil</arg>
<arg>timeout=20s</arg>
<doc>Waits until the current URL contains ``expected``.</doc>
<status status="PASS" start="2026-02-26T22:27:45.818847" elapsed="1.656439"/>
</kw>
<status status="PASS" start="2026-02-26T22:27:45.818060" elapsed="1.657480"/>
</kw>
<kw name="Go To" owner="SeleniumLibrary">
<msg time="2026-02-26T22:27:47.476077" level="INFO">Opening url 'http://localhost:5173/dashboard'</msg>
<arg>${DASHBOARD_URL}</arg>
<doc>Navigates the current browser window to the provided ``url``.</doc>
<status status="PASS" start="2026-02-26T22:27:47.475716" elapsed="0.291057"/>
</kw>
<kw name="Wait Until Element Is Visible" owner="SeleniumLibrary">
<arg>xpath://h2[contains(.,"Dashboard")]</arg>
<arg>timeout=10s</arg>
<doc>Waits until the element ``locator`` is visible.</doc>
<status status="PASS" start="2026-02-26T22:27:47.767134" elapsed="0.024485"/>
</kw>
<status status="PASS" start="2026-02-26T22:27:45.411671" elapsed="2.380204"/>
</kw>
<kw name="Click Element" owner="SeleniumLibrary">
<msg time="2026-02-26T22:27:47.792895" level="INFO">Clicking element 'xpath://a[contains(@class,"nav-link") and contains(.,"Felhasznalok")]'.</msg>
<arg>xpath://a[contains(@class,"nav-link") and contains(.,"Felhasznalok")]</arg>
<doc>Click the element identified by ``locator``.</doc>
<status status="PASS" start="2026-02-26T22:27:47.792327" elapsed="0.071561"/>
</kw>
<kw name="Wait Until Element Is Visible" owner="SeleniumLibrary">
<arg>xpath://h2[contains(.,"Felhasználók")]</arg>
<arg>timeout=5s</arg>
<doc>Waits until the element ``locator`` is visible.</doc>
<status status="PASS" start="2026-02-26T22:27:47.864359" elapsed="0.036851"/>
</kw>
<kw name="Dashboard Sidebar Link Should Be Active" owner="resources">
<kw name="Get Element Attribute" owner="SeleniumLibrary">
<msg time="2026-02-26T22:27:47.923949" level="INFO">${active} = nav-link active</msg>
<var>${active}</var>
<arg>xpath://a[contains(@class,"nav-link") and contains(.,"${view_name}")]</arg>
<arg>class</arg>
<doc>Returns the value of ``attribute`` from the element ``locator``.</doc>
<status status="PASS" start="2026-02-26T22:27:47.902441" elapsed="0.021732"/>
</kw>
<kw name="Should Contain" owner="BuiltIn">
<arg>${active}</arg>
<arg>active</arg>
<doc>Fails if ``container`` does not contain ``item`` one or more times.</doc>
<status status="PASS" start="2026-02-26T22:27:47.924430" elapsed="0.000744"/>
</kw>
<arg>Felhasznalok</arg>
<status status="PASS" start="2026-02-26T22:27:47.901841" elapsed="0.023528"/>
</kw>
<kw name="Close Browser" owner="SeleniumLibrary" type="TEARDOWN">
<doc>Closes the current browser.</doc>
<status status="PASS" start="2026-02-26T22:27:47.925998" elapsed="2.235186"/>
</kw>
<status status="PASS" start="2026-02-26T22:27:42.503545" elapsed="7.658128"/>
</test>
<test id="s1-s1-s1-t8" name="Navigáció Analitika Nézetre" line="49">
<kw name="Open Registration Page" owner="resources" type="SETUP">
<kw name="Open Browser" owner="SeleniumLibrary">
<msg time="2026-02-26T22:27:50.176952" level="INFO">Opening browser 'Chrome' to base url 'http://localhost:5173'.</msg>
<arg>${URL}</arg>
<arg>${BROWSER}</arg>
<doc>Opens a new browser instance to the optional ``url``.</doc>
<status status="PASS" start="2026-02-26T22:27:50.176646" elapsed="2.803762"/>
</kw>
<kw name="Maximize Browser Window" owner="SeleniumLibrary">
<doc>Maximizes current browser window.</doc>
<status status="PASS" start="2026-02-26T22:27:52.980887" elapsed="0.033028"/>
</kw>
<kw name="Wait Until Element Is Visible" owner="SeleniumLibrary">
<arg>//header//nav//a[7]</arg>
<doc>Waits until the element ``locator`` is visible.</doc>
<status status="PASS" start="2026-02-26T22:27:53.014319" elapsed="0.016656"/>
</kw>
<kw name="Click Element" owner="SeleniumLibrary">
<msg time="2026-02-26T22:27:53.031523" level="INFO">Clicking element '//header//nav//a[7]'.</msg>
<arg>//header//nav//a[7]</arg>
<doc>Click the element identified by ``locator``.</doc>
<status status="PASS" start="2026-02-26T22:27:53.031218" elapsed="0.089548"/>
</kw>
<status status="PASS" start="2026-02-26T22:27:50.175926" elapsed="2.945479"/>
</kw>
<kw name="Login As Admin And Go To Dashboard" owner="resources">
<kw name="Switch To Login" owner="resources">
<kw name="Run Keyword And Return Status" owner="BuiltIn">
<kw name="Element Should Be Visible" owner="SeleniumLibrary">
<msg time="2026-02-26T22:27:53.163687" level="INFO">Element 'xpath://h2[contains(.,"Fiók készítése")]' is displayed.</msg>
<arg>xpath://h2[contains(.,"Fiók készítése")]</arg>
<doc>Verifies that the element identified by ``locator`` is visible.</doc>
<status status="PASS" start="2026-02-26T22:27:53.130721" elapsed="0.033859"/>
</kw>
<msg time="2026-02-26T22:27:53.165057" level="INFO">${reg_visible} = True</msg>
<var>${reg_visible}</var>
<arg>Element Should Be Visible</arg>
<arg>xpath://h2[contains(.,"Fiók készítése")]</arg>
<doc>Runs the specified keyword and returns the status as a Boolean value.</doc>
<status status="PASS" start="2026-02-26T22:27:53.124613" elapsed="0.040858"/>
</kw>
<kw name="Run Keyword If" owner="BuiltIn">
<kw name="Click Button" owner="SeleniumLibrary">
<msg time="2026-02-26T22:27:53.167395" level="INFO">Clicking button 'xpath://button[contains(.,"Bejelentkezés")]'.</msg>
<arg>xpath://button[contains(.,"Bejelentkezés")]</arg>
<doc>Clicks the button identified by ``locator``.</doc>
<status status="PASS" start="2026-02-26T22:27:53.166704" elapsed="0.112582"/>
</kw>
<arg>${reg_visible}</arg>
<arg>Click Button</arg>
<arg>xpath://button[contains(.,"Bejelentkezés")]</arg>
<doc>Runs the given keyword with the given arguments, if ``condition`` is true.</doc>
<status status="PASS" start="2026-02-26T22:27:53.165811" elapsed="0.113678"/>
</kw>
<kw name="Wait Until Element Is Visible" owner="SeleniumLibrary">
<arg>xpath://h2[contains(.,"Lépj be a fiókodba")]</arg>
<arg>timeout=5s</arg>
<doc>Waits until the element ``locator`` is visible.</doc>
<status status="PASS" start="2026-02-26T22:27:53.279719" elapsed="0.023063"/>
</kw>
<kw name="Wait Until Element Is Visible" owner="SeleniumLibrary">
<arg>name:email</arg>
<arg>timeout=5s</arg>
<doc>Waits until the element ``locator`` is visible.</doc>
<status status="PASS" start="2026-02-26T22:27:53.303016" elapsed="0.015783"/>
</kw>
<status status="PASS" start="2026-02-26T22:27:53.123804" elapsed="0.195273"/>
</kw>
<kw name="Fill Login Form" owner="resources">
<kw name="Wait Until Element Is Visible" owner="SeleniumLibrary">
<arg>xpath=//div[contains(@class,"b-container")]//input[@name="email"]</arg>
<arg>timeout=5s</arg>
<doc>Waits until the element ``locator`` is visible.</doc>
<status status="PASS" start="2026-02-26T22:27:53.319953" elapsed="0.015298"/>
</kw>
<kw name="Input Text" owner="SeleniumLibrary">
<msg time="2026-02-26T22:27:53.336013" level="INFO">Typing text 'test@example.com' into text field 'xpath=//div[contains(@class,"b-container")]//input[@name="email"]'.</msg>
<arg>xpath=//div[contains(@class,"b-container")]//input[@name="email"]</arg>
<arg>${email}</arg>
<doc>Types the given ``text`` into the text field identified by ``locator``.</doc>
<status status="PASS" start="2026-02-26T22:27:53.335555" elapsed="0.128843"/>
</kw>
<kw name="Input Password" owner="SeleniumLibrary">
<msg time="2026-02-26T22:27:53.465360" level="INFO">Typing password into text field 'xpath=//div[contains(@class,"b-container")]//input[@name="password"]'.</msg>
<msg time="2026-02-26T22:27:53.507007" level="INFO">Temporally setting log level to: NONE</msg>
<arg>xpath=//div[contains(@class,"b-container")]//input[@name="password"]</arg>
<arg>${password}</arg>
<doc>Types the given password into the text field identified by ``locator``.</doc>
<status status="PASS" start="2026-02-26T22:27:53.464813" elapsed="0.103536"/>
</kw>
<arg>${ADMIN_EMAIL}</arg>
<arg>${ADMIN_PASS}</arg>
<status status="PASS" start="2026-02-26T22:27:53.319353" elapsed="0.249177"/>
</kw>
<kw name="Submit Login" owner="resources">
<kw name="Execute Javascript" owner="SeleniumLibrary">
<msg time="2026-02-26T22:27:53.569518" level="INFO">Executing JavaScript:
document.querySelector('.b-container button[type="submit"]').click()
Without any arguments.</msg>
<arg>document.querySelector('.b-container button[type="submit"]').click()</arg>
<doc>Executes the given JavaScript code with possible arguments.</doc>
<status status="PASS" start="2026-02-26T22:27:53.569038" elapsed="0.011273"/>
</kw>
<status status="PASS" start="2026-02-26T22:27:53.568703" elapsed="0.012087"/>
</kw>
<kw name="Login Should Succeed" owner="resources">
<kw name="Wait Until Location Contains" owner="SeleniumLibrary">
<arg>/Profil</arg>
<arg>timeout=20s</arg>
<doc>Waits until the current URL contains ``expected``.</doc>
<status status="PASS" start="2026-02-26T22:27:53.581779" elapsed="1.646888"/>
</kw>
<status status="PASS" start="2026-02-26T22:27:53.581199" elapsed="1.647639"/>
</kw>
<kw name="Go To" owner="SeleniumLibrary">
<msg time="2026-02-26T22:27:55.229322" level="INFO">Opening url 'http://localhost:5173/dashboard'</msg>
<arg>${DASHBOARD_URL}</arg>
<doc>Navigates the current browser window to the provided ``url``.</doc>
<status status="PASS" start="2026-02-26T22:27:55.228968" elapsed="0.291174"/>
</kw>
<kw name="Wait Until Element Is Visible" owner="SeleniumLibrary">
<arg>xpath://h2[contains(.,"Dashboard")]</arg>
<arg>timeout=10s</arg>
<doc>Waits until the element ``locator`` is visible.</doc>
<status status="PASS" start="2026-02-26T22:27:55.520556" elapsed="0.022877"/>
</kw>
<status status="PASS" start="2026-02-26T22:27:53.122503" elapsed="2.421138"/>
</kw>
<kw name="Click Element" owner="SeleniumLibrary">
<msg time="2026-02-26T22:27:55.544583" level="INFO">Clicking element 'xpath://a[contains(@class,"nav-link") and contains(.,"Analitika")]'.</msg>
<arg>xpath://a[contains(@class,"nav-link") and contains(.,"Analitika")]</arg>
<doc>Click the element identified by ``locator``.</doc>
<status status="PASS" start="2026-02-26T22:27:55.544058" elapsed="0.100707"/>
</kw>
<kw name="Wait Until Element Is Visible" owner="SeleniumLibrary">
<arg>xpath://h2[contains(.,"Analitika")]</arg>
<arg>timeout=5s</arg>
<doc>Waits until the element ``locator`` is visible.</doc>
<status status="PASS" start="2026-02-26T22:27:55.645269" elapsed="0.026729"/>
</kw>
<kw name="Dashboard Sidebar Link Should Be Active" owner="resources">
<kw name="Get Element Attribute" owner="SeleniumLibrary">
<msg time="2026-02-26T22:27:55.694621" level="INFO">${active} = nav-link active</msg>
<var>${active}</var>
<arg>xpath://a[contains(@class,"nav-link") and contains(.,"${view_name}")]</arg>
<arg>class</arg>
<doc>Returns the value of ``attribute`` from the element ``locator``.</doc>
<status status="PASS" start="2026-02-26T22:27:55.673722" elapsed="0.021516"/>
</kw>
<kw name="Should Contain" owner="BuiltIn">
<arg>${active}</arg>
<arg>active</arg>
<doc>Fails if ``container`` does not contain ``item`` one or more times.</doc>
<status status="PASS" start="2026-02-26T22:27:55.695550" elapsed="0.000824"/>
</kw>
<arg>Analitika</arg>
<status status="PASS" start="2026-02-26T22:27:55.672932" elapsed="0.023641"/>
</kw>
<kw name="Close Browser" owner="SeleniumLibrary" type="TEARDOWN">
<doc>Closes the current browser.</doc>
<status status="PASS" start="2026-02-26T22:27:55.697118" elapsed="2.229482"/>
</kw>
<status status="PASS" start="2026-02-26T22:27:50.171261" elapsed="7.755761"/>
</test>
<test id="s1-s1-s1-t9" name="Dashboard Statisztika Kártyák Megjelennek" line="57">
<kw name="Open Registration Page" owner="resources" type="SETUP">
<kw name="Open Browser" owner="SeleniumLibrary">
<msg time="2026-02-26T22:27:57.947577" level="INFO">Opening browser 'Chrome' to base url 'http://localhost:5173'.</msg>
<arg>${URL}</arg>
<arg>${BROWSER}</arg>
<doc>Opens a new browser instance to the optional ``url``.</doc>
<status status="PASS" start="2026-02-26T22:27:57.946871" elapsed="2.939511"/>
</kw>
<kw name="Maximize Browser Window" owner="SeleniumLibrary">
<doc>Maximizes current browser window.</doc>
<status status="PASS" start="2026-02-26T22:28:00.886750" elapsed="0.027509"/>
</kw>
<kw name="Wait Until Element Is Visible" owner="SeleniumLibrary">
<arg>//header//nav//a[7]</arg>
<doc>Waits until the element ``locator`` is visible.</doc>
<status status="PASS" start="2026-02-26T22:28:00.914584" elapsed="0.019287"/>
</kw>
<kw name="Click Element" owner="SeleniumLibrary">
<msg time="2026-02-26T22:28:00.934427" level="INFO">Clicking element '//header//nav//a[7]'.</msg>
<arg>//header//nav//a[7]</arg>
<doc>Click the element identified by ``locator``.</doc>
<status status="PASS" start="2026-02-26T22:28:00.934106" elapsed="0.083039"/>
</kw>
<status status="PASS" start="2026-02-26T22:27:57.945522" elapsed="3.071904"/>
</kw>
<kw name="Login As Admin And Go To Dashboard" owner="resources">
<kw name="Switch To Login" owner="resources">
<kw name="Run Keyword And Return Status" owner="BuiltIn">
<kw name="Element Should Be Visible" owner="SeleniumLibrary">
<msg time="2026-02-26T22:28:01.037726" level="INFO">Element 'xpath://h2[contains(.,"Fiók készítése")]' is displayed.</msg>
<arg>xpath://h2[contains(.,"Fiók készítése")]</arg>
<doc>Verifies that the element identified by ``locator`` is visible.</doc>
<status status="PASS" start="2026-02-26T22:28:01.021015" elapsed="0.017227"/>
</kw>
<msg time="2026-02-26T22:28:01.038448" level="INFO">${reg_visible} = True</msg>
<var>${reg_visible}</var>
<arg>Element Should Be Visible</arg>
<arg>xpath://h2[contains(.,"Fiók készítése")]</arg>
<doc>Runs the specified keyword and returns the status as a Boolean value.</doc>
<status status="PASS" start="2026-02-26T22:28:01.019892" elapsed="0.018744"/>
</kw>
<kw name="Run Keyword If" owner="BuiltIn">
<kw name="Click Button" owner="SeleniumLibrary">
<msg time="2026-02-26T22:28:01.039914" level="INFO">Clicking button 'xpath://button[contains(.,"Bejelentkezés")]'.</msg>
<arg>xpath://button[contains(.,"Bejelentkezés")]</arg>
<doc>Clicks the button identified by ``locator``.</doc>
<status status="PASS" start="2026-02-26T22:28:01.039594" elapsed="0.092292"/>
</kw>
<arg>${reg_visible}</arg>
<arg>Click Button</arg>
<arg>xpath://button[contains(.,"Bejelentkezés")]</arg>
<doc>Runs the given keyword with the given arguments, if ``condition`` is true.</doc>
<status status="PASS" start="2026-02-26T22:28:01.038854" elapsed="0.093548"/>
</kw>
<kw name="Wait Until Element Is Visible" owner="SeleniumLibrary">
<arg>xpath://h2[contains(.,"Lépj be a fiókodba")]</arg>
<arg>timeout=5s</arg>
<doc>Waits until the element ``locator`` is visible.</doc>
<status status="PASS" start="2026-02-26T22:28:01.132822" elapsed="0.022426"/>
</kw>
<kw name="Wait Until Element Is Visible" owner="SeleniumLibrary">
<arg>name:email</arg>
<arg>timeout=5s</arg>
<doc>Waits until the element ``locator`` is visible.</doc>
<status status="PASS" start="2026-02-26T22:28:01.155475" elapsed="0.013909"/>
</kw>
<status status="PASS" start="2026-02-26T22:28:01.019285" elapsed="0.150278"/>
</kw>
<kw name="Fill Login Form" owner="resources">
<kw name="Wait Until Element Is Visible" owner="SeleniumLibrary">
<arg>xpath=//div[contains(@class,"b-container")]//input[@name="email"]</arg>
<arg>timeout=5s</arg>
<doc>Waits until the element ``locator`` is visible.</doc>
<status status="PASS" start="2026-02-26T22:28:01.170193" elapsed="0.014652"/>
</kw>
<kw name="Input Text" owner="SeleniumLibrary">
<msg time="2026-02-26T22:28:01.185463" level="INFO">Typing text 'test@example.com' into text field 'xpath=//div[contains(@class,"b-container")]//input[@name="email"]'.</msg>
<arg>xpath=//div[contains(@class,"b-container")]//input[@name="email"]</arg>
<arg>${email}</arg>
<doc>Types the given ``text`` into the text field identified by ``locator``.</doc>
<status status="PASS" start="2026-02-26T22:28:01.185089" elapsed="0.104519"/>
</kw>
<kw name="Input Password" owner="SeleniumLibrary">
<msg time="2026-02-26T22:28:01.290443" level="INFO">Typing password into text field 'xpath=//div[contains(@class,"b-container")]//input[@name="password"]'.</msg>
<msg time="2026-02-26T22:28:01.344754" level="INFO">Temporally setting log level to: NONE</msg>
<arg>xpath=//div[contains(@class,"b-container")]//input[@name="password"]</arg>
<arg>${password}</arg>
<doc>Types the given password into the text field identified by ``locator``.</doc>
<status status="PASS" start="2026-02-26T22:28:01.289968" elapsed="0.125795"/>
</kw>
<arg>${ADMIN_EMAIL}</arg>
<arg>${ADMIN_PASS}</arg>
<status status="PASS" start="2026-02-26T22:28:01.169755" elapsed="0.246301"/>
</kw>
<kw name="Submit Login" owner="resources">
<kw name="Execute Javascript" owner="SeleniumLibrary">
<msg time="2026-02-26T22:28:01.417565" level="INFO">Executing JavaScript:
document.querySelector('.b-container button[type="submit"]').click()
Without any arguments.</msg>
<arg>document.querySelector('.b-container button[type="submit"]').click()</arg>
<doc>Executes the given JavaScript code with possible arguments.</doc>
<status status="PASS" start="2026-02-26T22:28:01.416918" elapsed="0.012586"/>
</kw>
<status status="PASS" start="2026-02-26T22:28:01.416341" elapsed="0.013402"/>
</kw>
<kw name="Login Should Succeed" owner="resources">
<kw name="Wait Until Location Contains" owner="SeleniumLibrary">
<arg>/Profil</arg>
<arg>timeout=20s</arg>
<doc>Waits until the current URL contains ``expected``.</doc>
<status status="PASS" start="2026-02-26T22:28:01.430557" elapsed="1.659330"/>
</kw>
<status status="PASS" start="2026-02-26T22:28:01.430006" elapsed="1.660182"/>
</kw>
<kw name="Go To" owner="SeleniumLibrary">
<msg time="2026-02-26T22:28:03.090821" level="INFO">Opening url 'http://localhost:5173/dashboard'</msg>
<arg>${DASHBOARD_URL}</arg>
<doc>Navigates the current browser window to the provided ``url``.</doc>
<status status="PASS" start="2026-02-26T22:28:03.090400" elapsed="0.295525"/>
</kw>
<kw name="Wait Until Element Is Visible" owner="SeleniumLibrary">
<arg>xpath://h2[contains(.,"Dashboard")]</arg>
<arg>timeout=10s</arg>
<doc>Waits until the element ``locator`` is visible.</doc>
<status status="PASS" start="2026-02-26T22:28:03.386187" elapsed="0.022516"/>
</kw>
<status status="PASS" start="2026-02-26T22:28:01.017980" elapsed="2.391019"/>
</kw>
<kw name="Element Should Be Visible" owner="SeleniumLibrary">
<msg time="2026-02-26T22:28:03.426502" level="INFO">Element 'xpath://div[contains(@class,"stat-card")]' is displayed.</msg>
<arg>xpath://div[contains(@class,"stat-card")]</arg>
<doc>Verifies that the element identified by ``locator`` is visible.</doc>
<status status="PASS" start="2026-02-26T22:28:03.409550" elapsed="0.017543"/>
</kw>
<kw name="Close Browser" owner="SeleniumLibrary" type="TEARDOWN">
<doc>Closes the current browser.</doc>
<status status="PASS" start="2026-02-26T22:28:03.427720" elapsed="2.217199"/>
</kw>
<status status="PASS" start="2026-02-26T22:27:57.937818" elapsed="7.708005"/>
</test>
<test id="s1-s1-s1-t10" name="Dashboard Összes Értékesítés Kártya Megjelenik" line="61">
<kw name="Open Registration Page" owner="resources" type="SETUP">
<kw name="Open Browser" owner="SeleniumLibrary">
<msg time="2026-02-26T22:28:05.682727" level="INFO">Opening browser 'Chrome' to base url 'http://localhost:5173'.</msg>
<arg>${URL}</arg>
<arg>${BROWSER}</arg>
<doc>Opens a new browser instance to the optional ``url``.</doc>
<status status="PASS" start="2026-02-26T22:28:05.681532" elapsed="2.806124"/>
</kw>
<kw name="Maximize Browser Window" owner="SeleniumLibrary">
<doc>Maximizes current browser window.</doc>
<status status="PASS" start="2026-02-26T22:28:08.488014" elapsed="0.024135"/>
</kw>
<kw name="Wait Until Element Is Visible" owner="SeleniumLibrary">
<arg>//header//nav//a[7]</arg>
<doc>Waits until the element ``locator`` is visible.</doc>
<status status="PASS" start="2026-02-26T22:28:08.512534" elapsed="0.022311"/>
</kw>
<kw name="Click Element" owner="SeleniumLibrary">
<msg time="2026-02-26T22:28:08.535384" level="INFO">Clicking element '//header//nav//a[7]'.</msg>
<arg>//header//nav//a[7]</arg>
<doc>Click the element identified by ``locator``.</doc>
<status status="PASS" start="2026-02-26T22:28:08.535072" elapsed="0.087674"/>
</kw>
<status status="PASS" start="2026-02-26T22:28:05.680177" elapsed="2.943155"/>
</kw>
<kw name="Login As Admin And Go To Dashboard" owner="resources">
<kw name="Switch To Login" owner="resources">
<kw name="Run Keyword And Return Status" owner="BuiltIn">
<kw name="Element Should Be Visible" owner="SeleniumLibrary">
<msg time="2026-02-26T22:28:08.647291" level="INFO">Element 'xpath://h2[contains(.,"Fiók készítése")]' is displayed.</msg>
<arg>xpath://h2[contains(.,"Fiók készítése")]</arg>
<doc>Verifies that the element identified by ``locator`` is visible.</doc>
<status status="PASS" start="2026-02-26T22:28:08.626069" elapsed="0.022119"/>
</kw>
<msg time="2026-02-26T22:28:08.648441" level="INFO">${reg_visible} = True</msg>
<var>${reg_visible}</var>
<arg>Element Should Be Visible</arg>
<arg>xpath://h2[contains(.,"Fiók készítése")]</arg>
<doc>Runs the specified keyword and returns the status as a Boolean value.</doc>
<status status="PASS" start="2026-02-26T22:28:08.625542" elapsed="0.023142"/>
</kw>
<kw name="Run Keyword If" owner="BuiltIn">
<kw name="Click Button" owner="SeleniumLibrary">
<msg time="2026-02-26T22:28:08.650178" level="INFO">Clicking button 'xpath://button[contains(.,"Bejelentkezés")]'.</msg>
<arg>xpath://button[contains(.,"Bejelentkezés")]</arg>
<doc>Clicks the button identified by ``locator``.</doc>
<status status="PASS" start="2026-02-26T22:28:08.649780" elapsed="0.084627"/>
</kw>
<arg>${reg_visible}</arg>
<arg>Click Button</arg>
<arg>xpath://button[contains(.,"Bejelentkezés")]</arg>
<doc>Runs the given keyword with the given arguments, if ``condition`` is true.</doc>
<status status="PASS" start="2026-02-26T22:28:08.648918" elapsed="0.085751"/>
</kw>
<kw name="Wait Until Element Is Visible" owner="SeleniumLibrary">
<arg>xpath://h2[contains(.,"Lépj be a fiókodba")]</arg>
<arg>timeout=5s</arg>
<doc>Waits until the element ``locator`` is visible.</doc>
<status status="PASS" start="2026-02-26T22:28:08.734873" elapsed="0.020424"/>
</kw>
<kw name="Wait Until Element Is Visible" owner="SeleniumLibrary">
<arg>name:email</arg>
<arg>timeout=5s</arg>
<doc>Waits until the element ``locator`` is visible.</doc>
<status status="PASS" start="2026-02-26T22:28:08.755625" elapsed="0.012856"/>
</kw>
<status status="PASS" start="2026-02-26T22:28:08.624957" elapsed="0.143695"/>
</kw>
<kw name="Fill Login Form" owner="resources">
<kw name="Wait Until Element Is Visible" owner="SeleniumLibrary">
<arg>xpath=//div[contains(@class,"b-container")]//input[@name="email"]</arg>
<arg>timeout=5s</arg>
<doc>Waits until the element ``locator`` is visible.</doc>
<status status="PASS" start="2026-02-26T22:28:08.769361" elapsed="0.013108"/>
</kw>
<kw name="Input Text" owner="SeleniumLibrary">
<msg time="2026-02-26T22:28:08.783162" level="INFO">Typing text 'test@example.com' into text field 'xpath=//div[contains(@class,"b-container")]//input[@name="email"]'.</msg>
<arg>xpath=//div[contains(@class,"b-container")]//input[@name="email"]</arg>
<arg>${email}</arg>
<doc>Types the given ``text`` into the text field identified by ``locator``.</doc>
<status status="PASS" start="2026-02-26T22:28:08.782704" elapsed="0.096152"/>
</kw>
<kw name="Input Password" owner="SeleniumLibrary">
<msg time="2026-02-26T22:28:08.879499" level="INFO">Typing password into text field 'xpath=//div[contains(@class,"b-container")]//input[@name="password"]'.</msg>
<msg time="2026-02-26T22:28:08.912746" level="INFO">Temporally setting log level to: NONE</msg>
<arg>xpath=//div[contains(@class,"b-container")]//input[@name="password"]</arg>
<arg>${password}</arg>
<doc>Types the given password into the text field identified by ``locator``.</doc>
<status status="PASS" start="2026-02-26T22:28:08.879098" elapsed="0.095203"/>
</kw>
[...]
</kw>
<status status="PASS" start="2026-02-26T22:34:00.833734" elapsed="1.652674"/>
</kw>
<kw name="Go To" owner="SeleniumLibrary">
<msg time="2026-02-26T22:34:02.486805" level="INFO">Opening url 'http://localhost:5173/dashboard'</msg>
<arg>${DASHBOARD_URL}</arg>
<doc>Navigates the current browser window to the provided ``url``.</doc>
<status status="PASS" start="2026-02-26T22:34:02.486533" elapsed="0.294856"/>
</kw>
<kw name="Wait Until Element Is Visible" owner="SeleniumLibrary">
<arg>xpath://h2[contains(.,"Dashboard")]</arg>
<arg>timeout=10s</arg>
<doc>Waits until the element ``locator`` is visible.</doc>
<status status="PASS" start="2026-02-26T22:34:02.781756" elapsed="0.023449"/>
</kw>
<status status="PASS" start="2026-02-26T22:34:00.355172" elapsed="2.450321"/>
</kw>
<kw name="Element Should Be Visible" owner="SeleniumLibrary">
<msg time="2026-02-26T22:34:02.825453" level="INFO">Element 'xpath://h3[contains(.,"Kategóriák szerinti termék megosztás")]' is displayed.</msg>
<arg>xpath://h3[contains(.,"Kategóriák szerinti termék megosztás")]</arg>
<doc>Verifies that the element identified by ``locator`` is visible.</doc>
<status status="PASS" start="2026-02-26T22:34:02.806020" elapsed="0.019719"/>
</kw>
<kw name="Close Browser" owner="SeleniumLibrary" type="TEARDOWN">
<doc>Closes the current browser.</doc>
<status status="PASS" start="2026-02-26T22:34:02.826451" elapsed="2.219698"/>
</kw>
<status status="PASS" start="2026-02-26T22:33:57.331161" elapsed="7.715455"/>
</test>
<test id="s1-s1-s1-t48" name="Nézet Váltás Dashboard Ról Termékekre És Vissza" line="339">
<kw name="Open Registration Page" owner="resources" type="SETUP">
<kw name="Open Browser" owner="SeleniumLibrary">
<msg time="2026-02-26T22:34:05.059767" level="INFO">Opening browser 'Chrome' to base url 'http://localhost:5173'.</msg>
<arg>${URL}</arg>
<arg>${BROWSER}</arg>
<doc>Opens a new browser instance to the optional ``url``.</doc>
<status status="PASS" start="2026-02-26T22:34:05.059349" elapsed="2.866046"/>
</kw>
<kw name="Maximize Browser Window" owner="SeleniumLibrary">
<doc>Maximizes current browser window.</doc>
<status status="PASS" start="2026-02-26T22:34:07.925741" elapsed="0.032579"/>
</kw>
<kw name="Wait Until Element Is Visible" owner="SeleniumLibrary">
<arg>//header//nav//a[7]</arg>
<doc>Waits until the element ``locator`` is visible.</doc>
<status status="PASS" start="2026-02-26T22:34:07.958591" elapsed="0.016726"/>
</kw>
<kw name="Click Element" owner="SeleniumLibrary">
<msg time="2026-02-26T22:34:07.975907" level="INFO">Clicking element '//header//nav//a[7]'.</msg>
<arg>//header//nav//a[7]</arg>
<doc>Click the element identified by ``locator``.</doc>
<status status="PASS" start="2026-02-26T22:34:07.975557" elapsed="0.084728"/>
</kw>
<status status="PASS" start="2026-02-26T22:34:05.058764" elapsed="3.001802"/>
</kw>
<kw name="Login As Admin And Go To Dashboard" owner="resources">
<kw name="Switch To Login" owner="resources">
<kw name="Run Keyword And Return Status" owner="BuiltIn">
<kw name="Element Should Be Visible" owner="SeleniumLibrary">
<msg time="2026-02-26T22:34:08.082202" level="INFO">Element 'xpath://h2[contains(.,"Fiók készítése")]' is displayed.</msg>
<arg>xpath://h2[contains(.,"Fiók készítése")]</arg>
<doc>Verifies that the element identified by ``locator`` is visible.</doc>
<status status="PASS" start="2026-02-26T22:34:08.063672" elapsed="0.018836"/>
</kw>
<msg time="2026-02-26T22:34:08.082713" level="INFO">${reg_visible} = True</msg>
<var>${reg_visible}</var>
<arg>Element Should Be Visible</arg>
<arg>xpath://h2[contains(.,"Fiók készítése")]</arg>
<doc>Runs the specified keyword and returns the status as a Boolean value.</doc>
<status status="PASS" start="2026-02-26T22:34:08.062709" elapsed="0.020129"/>
</kw>
<kw name="Run Keyword If" owner="BuiltIn">
<kw name="Click Button" owner="SeleniumLibrary">
<msg time="2026-02-26T22:34:08.084222" level="INFO">Clicking button 'xpath://button[contains(.,"Bejelentkezés")]'.</msg>
<arg>xpath://button[contains(.,"Bejelentkezés")]</arg>
<doc>Clicks the button identified by ``locator``.</doc>
<status status="PASS" start="2026-02-26T22:34:08.083753" elapsed="0.086911"/>
</kw>
<arg>${reg_visible}</arg>
<arg>Click Button</arg>
<arg>xpath://button[contains(.,"Bejelentkezés")]</arg>
<doc>Runs the given keyword with the given arguments, if ``condition`` is true.</doc>
<status status="PASS" start="2026-02-26T22:34:08.083019" elapsed="0.087850"/>
</kw>
<kw name="Wait Until Element Is Visible" owner="SeleniumLibrary">
<arg>xpath://h2[contains(.,"Lépj be a fiókodba")]</arg>
<arg>timeout=5s</arg>
<doc>Waits until the element ``locator`` is visible.</doc>
<status status="PASS" start="2026-02-26T22:34:08.171077" elapsed="0.029080"/>
</kw>
<kw name="Wait Until Element Is Visible" owner="SeleniumLibrary">
<arg>name:email</arg>
<arg>timeout=5s</arg>
<doc>Waits until the element ``locator`` is visible.</doc>
<status status="PASS" start="2026-02-26T22:34:08.200403" elapsed="0.014100"/>
</kw>
<status status="PASS" start="2026-02-26T22:34:08.062012" elapsed="0.152666"/>
</kw>
<kw name="Fill Login Form" owner="resources">
<kw name="Wait Until Element Is Visible" owner="SeleniumLibrary">
<arg>xpath=//div[contains(@class,"b-container")]//input[@name="email"]</arg>
<arg>timeout=5s</arg>
<doc>Waits until the element ``locator`` is visible.</doc>
<status status="PASS" start="2026-02-26T22:34:08.215295" elapsed="0.015173"/>
</kw>
<kw name="Input Text" owner="SeleniumLibrary">
<msg time="2026-02-26T22:34:08.231043" level="INFO">Typing text 'test@example.com' into text field 'xpath=//div[contains(@class,"b-container")]//input[@name="email"]'.</msg>
<arg>xpath=//div[contains(@class,"b-container")]//input[@name="email"]</arg>
<arg>${email}</arg>
<doc>Types the given ``text`` into the text field identified by ``locator``.</doc>
<status status="PASS" start="2026-02-26T22:34:08.230687" elapsed="0.114696"/>
</kw>
<kw name="Input Password" owner="SeleniumLibrary">
<msg time="2026-02-26T22:34:08.347841" level="INFO">Typing password into text field 'xpath=//div[contains(@class,"b-container")]//input[@name="password"]'.</msg>
<msg time="2026-02-26T22:34:08.395055" level="INFO">Temporally setting log level to: NONE</msg>
<arg>xpath=//div[contains(@class,"b-container")]//input[@name="password"]</arg>
<arg>${password}</arg>
<doc>Types the given password into the text field identified by ``locator``.</doc>
<status status="PASS" start="2026-02-26T22:34:08.346735" elapsed="0.113931"/>
</kw>
<arg>${ADMIN_EMAIL}</arg>
<arg>${ADMIN_PASS}</arg>
<status status="PASS" start="2026-02-26T22:34:08.214865" elapsed="0.246109"/>
</kw>
<kw name="Submit Login" owner="resources">
<kw name="Execute Javascript" owner="SeleniumLibrary">
<msg time="2026-02-26T22:34:08.462232" level="INFO">Executing JavaScript:
document.querySelector('.b-container button[type="submit"]').click()
Without any arguments.</msg>
<arg>document.querySelector('.b-container button[type="submit"]').click()</arg>
<doc>Executes the given JavaScript code with possible arguments.</doc>
<status status="PASS" start="2026-02-26T22:34:08.461689" elapsed="0.012769"/>
</kw>
<status status="PASS" start="2026-02-26T22:34:08.461223" elapsed="0.013624"/>
</kw>
<kw name="Login Should Succeed" owner="resources">
<kw name="Wait Until Location Contains" owner="SeleniumLibrary">
<arg>/Profil</arg>
<arg>timeout=20s</arg>
<doc>Waits until the current URL contains ``expected``.</doc>
<status status="PASS" start="2026-02-26T22:34:08.475987" elapsed="1.654461"/>
</kw>
<status status="PASS" start="2026-02-26T22:34:08.475180" elapsed="1.655437"/>
</kw>
<kw name="Go To" owner="SeleniumLibrary">
<msg time="2026-02-26T22:34:10.131048" level="INFO">Opening url 'http://localhost:5173/dashboard'</msg>
<arg>${DASHBOARD_URL}</arg>
<doc>Navigates the current browser window to the provided ``url``.</doc>
<status status="PASS" start="2026-02-26T22:34:10.130755" elapsed="0.290443"/>
</kw>
<kw name="Wait Until Element Is Visible" owner="SeleniumLibrary">
<arg>xpath://h2[contains(.,"Dashboard")]</arg>
<arg>timeout=10s</arg>
<doc>Waits until the element ``locator`` is visible.</doc>
<status status="PASS" start="2026-02-26T22:34:10.421464" elapsed="0.024558"/>
</kw>
<status status="PASS" start="2026-02-26T22:34:08.061168" elapsed="2.385052"/>
</kw>
<kw name="Click Element" owner="SeleniumLibrary">
<msg time="2026-02-26T22:34:10.447419" level="INFO">Clicking element 'xpath://a[contains(@class,"nav-link") and contains(.,"Termékek")]'.</msg>
<arg>xpath://a[contains(@class,"nav-link") and contains(.,"Termékek")]</arg>
<doc>Click the element identified by ``locator``.</doc>
<status status="PASS" start="2026-02-26T22:34:10.446800" elapsed="0.071320"/>
</kw>
<kw name="Wait Until Element Is Visible" owner="SeleniumLibrary">
<arg>xpath://h2[contains(.,"Termékek")]</arg>
<arg>timeout=5s</arg>
<doc>Waits until the element ``locator`` is visible.</doc>
<status status="PASS" start="2026-02-26T22:34:10.518813" elapsed="0.021484"/>
</kw>
<kw name="Click Element" owner="SeleniumLibrary">
<msg time="2026-02-26T22:34:10.541442" level="INFO">Clicking element 'xpath://a[contains(@class,"nav-link") and contains(.,"Dashboard")]'.</msg>
<arg>xpath://a[contains(@class,"nav-link") and contains(.,"Dashboard")]</arg>
<doc>Click the element identified by ``locator``.</doc>
<status status="PASS" start="2026-02-26T22:34:10.540830" elapsed="0.101783"/>
</kw>
<kw name="Wait Until Element Is Visible" owner="SeleniumLibrary">
<arg>xpath://h2[contains(.,"Dashboard")]</arg>
<arg>timeout=5s</arg>
<doc>Waits until the element ``locator`` is visible.</doc>
<status status="PASS" start="2026-02-26T22:34:10.643076" elapsed="0.019380"/>
</kw>
<kw name="Element Should Be Visible" owner="SeleniumLibrary">
<msg time="2026-02-26T22:34:10.684876" level="INFO">Element 'xpath://div[contains(@class,"stat-card")]' is displayed.</msg>
<arg>xpath://div[contains(@class,"stat-card")]</arg>
<doc>Verifies that the element identified by ``locator`` is visible.</doc>
<status status="PASS" start="2026-02-26T22:34:10.663207" elapsed="0.022297"/>
</kw>
<kw name="Close Browser" owner="SeleniumLibrary" type="TEARDOWN">
<doc>Closes the current browser.</doc>
<status status="PASS" start="2026-02-26T22:34:10.686123" elapsed="2.230593"/>
</kw>
<status status="PASS" start="2026-02-26T22:34:05.054376" elapsed="7.862813"/>
</test>
<test id="s1-s1-s1-t49" name="Analitika Után Dashboard Grafikonok Újra Megjelennek" line="347">
<kw name="Open Registration Page" owner="resources" type="SETUP">
<kw name="Open Browser" owner="SeleniumLibrary">
<msg time="2026-02-26T22:34:12.942107" level="INFO">Opening browser 'Chrome' to base url 'http://localhost:5173'.</msg>
<arg>${URL}</arg>
<arg>${BROWSER}</arg>
<doc>Opens a new browser instance to the optional ``url``.</doc>
<status status="PASS" start="2026-02-26T22:34:12.941549" elapsed="2.715257"/>
</kw>
<kw name="Maximize Browser Window" owner="SeleniumLibrary">
<doc>Maximizes current browser window.</doc>
<status status="PASS" start="2026-02-26T22:34:15.657147" elapsed="0.035983"/>
</kw>
<kw name="Wait Until Element Is Visible" owner="SeleniumLibrary">
<arg>//header//nav//a[7]</arg>
<doc>Waits until the element ``locator`` is visible.</doc>
<status status="PASS" start="2026-02-26T22:34:15.693611" elapsed="0.016584"/>
</kw>
<kw name="Click Element" owner="SeleniumLibrary">
<msg time="2026-02-26T22:34:15.710842" level="INFO">Clicking element '//header//nav//a[7]'.</msg>
<arg>//header//nav//a[7]</arg>
<doc>Click the element identified by ``locator``.</doc>
<status status="PASS" start="2026-02-26T22:34:15.710445" elapsed="0.079130"/>
</kw>
<status status="PASS" start="2026-02-26T22:34:12.940679" elapsed="2.849188"/>
</kw>
<kw name="Login As Admin And Go To Dashboard" owner="resources">
<kw name="Switch To Login" owner="resources">
<kw name="Run Keyword And Return Status" owner="BuiltIn">
<kw name="Element Should Be Visible" owner="SeleniumLibrary">
<msg time="2026-02-26T22:34:15.810768" level="INFO">Element 'xpath://h2[contains(.,"Fiók készítése")]' is displayed.</msg>
<arg>xpath://h2[contains(.,"Fiók készítése")]</arg>
<doc>Verifies that the element identified by ``locator`` is visible.</doc>
<status status="PASS" start="2026-02-26T22:34:15.793327" elapsed="0.017730"/>
</kw>
<msg time="2026-02-26T22:34:15.811253" level="INFO">${reg_visible} = True</msg>
<var>${reg_visible}</var>
<arg>Element Should Be Visible</arg>
<arg>xpath://h2[contains(.,"Fiók készítése")]</arg>
<doc>Runs the specified keyword and returns the status as a Boolean value.</doc>
<status status="PASS" start="2026-02-26T22:34:15.792376" elapsed="0.019005"/>
</kw>
<kw name="Run Keyword If" owner="BuiltIn">
<kw name="Click Button" owner="SeleniumLibrary">
<msg time="2026-02-26T22:34:15.812948" level="INFO">Clicking button 'xpath://button[contains(.,"Bejelentkezés")]'.</msg>
<arg>xpath://button[contains(.,"Bejelentkezés")]</arg>
<doc>Clicks the button identified by ``locator``.</doc>
<status status="PASS" start="2026-02-26T22:34:15.812316" elapsed="0.097710"/>
</kw>
<arg>${reg_visible}</arg>
<arg>Click Button</arg>
<arg>xpath://button[contains(.,"Bejelentkezés")]</arg>
<doc>Runs the given keyword with the given arguments, if ``condition`` is true.</doc>
<status status="PASS" start="2026-02-26T22:34:15.811569" elapsed="0.098695"/>
</kw>
<kw name="Wait Until Element Is Visible" owner="SeleniumLibrary">
<arg>xpath://h2[contains(.,"Lépj be a fiókodba")]</arg>
<arg>timeout=5s</arg>
<doc>Waits until the element ``locator`` is visible.</doc>
<status status="PASS" start="2026-02-26T22:34:15.910486" elapsed="0.021800"/>
</kw>
<kw name="Wait Until Element Is Visible" owner="SeleniumLibrary">
<arg>name:email</arg>
<arg>timeout=5s</arg>
<doc>Waits until the element ``locator`` is visible.</doc>
<status status="PASS" start="2026-02-26T22:34:15.932698" elapsed="0.013578"/>
</kw>
<status status="PASS" start="2026-02-26T22:34:15.791411" elapsed="0.155107"/>
</kw>
<kw name="Fill Login Form" owner="resources">
<kw name="Wait Until Element Is Visible" owner="SeleniumLibrary">
<arg>xpath=//div[contains(@class,"b-container")]//input[@name="email"]</arg>
<arg>timeout=5s</arg>
<doc>Waits until the element ``locator`` is visible.</doc>
<status status="PASS" start="2026-02-26T22:34:15.947185" elapsed="0.014578"/>
</kw>
<kw name="Input Text" owner="SeleniumLibrary">
<msg time="2026-02-26T22:34:15.962571" level="INFO">Typing text 'test@example.com' into text field 'xpath=//div[contains(@class,"b-container")]//input[@name="email"]'.</msg>
<arg>xpath=//div[contains(@class,"b-container")]//input[@name="email"]</arg>
<arg>${email}</arg>
<doc>Types the given ``text`` into the text field identified by ``locator``.</doc>
<status status="PASS" start="2026-02-26T22:34:15.962063" elapsed="0.117489"/>
</kw>
<kw name="Input Password" owner="SeleniumLibrary">
<msg time="2026-02-26T22:34:16.081585" level="INFO">Typing password into text field 'xpath=//div[contains(@class,"b-container")]//input[@name="password"]'.</msg>
<msg time="2026-02-26T22:34:16.138060" level="INFO">Temporally setting log level to: NONE</msg>
<arg>xpath=//div[contains(@class,"b-container")]//input[@name="password"]</arg>
<arg>${password}</arg>
<doc>Types the given password into the text field identified by ``locator``.</doc>
<status status="PASS" start="2026-02-26T22:34:16.080365" elapsed="0.131943"/>
</kw>
<arg>${ADMIN_EMAIL}</arg>
<arg>${ADMIN_PASS}</arg>
<status status="PASS" start="2026-02-26T22:34:15.946720" elapsed="0.265841"/>
</kw>
<kw name="Submit Login" owner="resources">
<kw name="Execute Javascript" owner="SeleniumLibrary">
<msg time="2026-02-26T22:34:16.214070" level="INFO">Executing JavaScript:
document.querySelector('.b-container button[type="submit"]').click()
Without any arguments.</msg>
<arg>document.querySelector('.b-container button[type="submit"]').click()</arg>
<doc>Executes the given JavaScript code with possible arguments.</doc>
<status status="PASS" start="2026-02-26T22:34:16.213519" elapsed="0.009778"/>
</kw>
<status status="PASS" start="2026-02-26T22:34:16.212851" elapsed="0.010858"/>
</kw>
<kw name="Login Should Succeed" owner="resources">
<kw name="Wait Until Location Contains" owner="SeleniumLibrary">
<arg>/Profil</arg>
<arg>timeout=20s</arg>
<doc>Waits until the current URL contains ``expected``.</doc>
<status status="PASS" start="2026-02-26T22:34:16.224785" elapsed="1.656124"/>
</kw>
<status status="PASS" start="2026-02-26T22:34:16.224036" elapsed="1.657348"/>
</kw>
<kw name="Go To" owner="SeleniumLibrary">
<msg time="2026-02-26T22:34:17.882116" level="INFO">Opening url 'http://localhost:5173/dashboard'</msg>
<arg>${DASHBOARD_URL}</arg>
<doc>Navigates the current browser window to the provided ``url``.</doc>
<status status="PASS" start="2026-02-26T22:34:17.881634" elapsed="0.284001"/>
</kw>
<kw name="Wait Until Element Is Visible" owner="SeleniumLibrary">
<arg>xpath://h2[contains(.,"Dashboard")]</arg>
<arg>timeout=10s</arg>
<doc>Waits until the element ``locator`` is visible.</doc>
<status status="PASS" start="2026-02-26T22:34:18.166092" elapsed="0.022778"/>
</kw>
<status status="PASS" start="2026-02-26T22:34:15.790482" elapsed="2.398710"/>
</kw>
<kw name="Click Element" owner="SeleniumLibrary">
<msg time="2026-02-26T22:34:18.190270" level="INFO">Clicking element 'xpath://a[contains(@class,"nav-link") and contains(.,"Analitika")]'.</msg>
<arg>xpath://a[contains(@class,"nav-link") and contains(.,"Analitika")]</arg>
<doc>Click the element identified by ``locator``.</doc>
<status status="PASS" start="2026-02-26T22:34:18.189673" elapsed="0.095812"/>
</kw>
<kw name="Wait Until Element Is Visible" owner="SeleniumLibrary">
<arg>xpath://h2[contains(.,"Analitika")]</arg>
<arg>timeout=5s</arg>
<doc>Waits until the element ``locator`` is visible.</doc>
<status status="PASS" start="2026-02-26T22:34:18.286280" elapsed="0.024809"/>
</kw>
<kw name="Click Element" owner="SeleniumLibrary">
<msg time="2026-02-26T22:34:18.312465" level="INFO">Clicking element 'xpath://a[contains(@class,"nav-link") and contains(.,"Dashboard")]'.</msg>
<arg>xpath://a[contains(@class,"nav-link") and contains(.,"Dashboard")]</arg>
<doc>Click the element identified by ``locator``.</doc>
<status status="PASS" start="2026-02-26T22:34:18.311769" elapsed="0.094888"/>
</kw>
<kw name="Wait Until Element Is Visible" owner="SeleniumLibrary">
<arg>xpath://h2[contains(.,"Dashboard")]</arg>
<arg>timeout=5s</arg>
<doc>Waits until the element ``locator`` is visible.</doc>
<status status="PASS" start="2026-02-26T22:34:18.407161" elapsed="0.015977"/>
</kw>
<kw name="Element Should Be Visible" owner="SeleniumLibrary">
<msg time="2026-02-26T22:34:18.446180" level="INFO">Element 'xpath://h3[contains(.,"Havi Értékesítés")]' is displayed.</msg>
<arg>xpath://h3[contains(.,"Havi Értékesítés")]</arg>
<doc>Verifies that the element identified by ``locator`` is visible.</doc>
<status status="PASS" start="2026-02-26T22:34:18.423577" elapsed="0.023934"/>
</kw>
<kw name="Close Browser" owner="SeleniumLibrary" type="TEARDOWN">
<doc>Closes the current browser.</doc>
<status status="PASS" start="2026-02-26T22:34:18.448600" elapsed="2.238171"/>
</kw>
<status status="PASS" start="2026-02-26T22:34:12.924056" elapsed="7.763087"/>
</test>
<status status="PASS" start="2026-02-26T22:26:53.016413" elapsed="447.681155"/>
</suite>
<status status="PASS" start="2026-02-26T22:26:53.008277" elapsed="447.703237"/>
</suite>
<status status="PASS" start="2026-02-26T22:26:52.948845" elapsed="447.769320"/>
</suite>
<statistics>
<total>
<stat pass="49" fail="0" skip="0">All Tests</stat>
</total>
<tag>
</tag>
<suite>
<stat name="13 S1 4 vizsgaremek" id="s1" pass="49" fail="0" skip="0">13 S1 4 vizsgaremek</stat>
<stat name="Tesztesetek" id="s1-s1" pass="49" fail="0" skip="0">13 S1 4 vizsgaremek.Tesztesetek</stat>
<stat name="Dashboard" id="s1-s1-s1" pass="49" fail="0" skip="0">13 S1 4 vizsgaremek.Tesztesetek.Dashboard</stat>
</suite>
</statistics>
<errors>
</errors>
</robot>
